   0  -39407.081159436435     0.647591     3.294623    0.6214497434
   1  -39407.081159436435     0.647591     3.294623    0.6214497434
   2  -39409.050285001751     0.634143     3.122136    0.0099085947
   3  -39411.168673466207     0.625569     2.664410    0.0195811071
   4  -39412.912304072583     0.733307     3.981790    0.0280293354
   5  -39412.950396964668     0.677466     2.475068    0.0199939401
   6  -39413.615517241298     0.643830     3.161366    0.0155849680
   7  -39413.593702949220     0.625143     3.226867    0.0036445093
   8  -39413.584718204387     0.647596     3.185443    0.0041852204
   9  -39413.675071794198     0.638097     3.008287    0.0051423957
  10  -39413.672105783575     0.630916     2.986590    0.0009898222
  11  -39413.676171721687     0.631468     3.037349    0.0011769418
  12  -39413.676269493582     0.633337     3.034567    0.0002465342
  13  -39413.676395769195     0.633375     3.030534    0.0000702666
  14  -39413.676499002890     0.632871     3.026812    0.0000807920
  15  -39413.676546769195     0.632510     3.022757    0.0000917141
  16  -39413.676546075054     0.632516     3.022839    0.0000036759
  17  -39413.676543572401     0.632571     3.022354    0.0000108026
  18  -39413.676544028349     0.632563     3.022428    0.0000050934
  19  -39413.676544109461     0.632561     3.022412    0.0000003278
  20  -39413.676543652015     0.632556     3.022383    0.0000017078
  21  -39413.676543780988     0.632551     3.022356    0.0000013400
  22  -39413.676544019792     0.632547     3.022276    0.0000013723
