-- CMake 3.30.3 with max. 1 threads
-- Use toolchain file generic-cpu
-- Build type: Release
-- Build external libraries
-- Lua: Use linux and POSIX
-- Readline library: /usr/lib/aarch64-linux-gnu/libreadline.so
-- Readline include dir: /usr/include
-- LIBXC is used
-- libxc_LIBRARIES: libxc_LIBRARIES-NOTFOUND
-- libxc_INCLUDE_DIR: /scr/studyztp/experiments/lsms/nugget-protocol-lsms/cbuild/external/libxc-build/src
-- libxc_INCLUDE_BUILD_DIR: /scr/studyztp/experiments/lsms/nugget-protocol-lsms/cbuild/external/libxc-build
-- libxc was not found and will be built from source
-- Setting option CMAKE_BUILD_TYPE: Release
-- Setting option BUILD_SHARED_LIBS: OFF
-- Setting option BUILD_TESTING: OFF
-- Setting option BUILD_FPIC: ON
-- Setting option NAMESPACE_INSTALL_INCLUDEDIR: /
-- Setting option ENABLE_GENERIC: OFF
-- Setting option ENABLE_FORTRAN: OFF
-- Setting option ENABLE_PYTHON: OFF
-- Setting option ENABLE_XHOST: ON
-- Performing Test CMAKE_C_FLAGS [-march=native] - Success, Appending
-- Performing Test CMAKE_CXX_FLAGS [-march=native] - Success, Appending
-- Performing Test CMAKE_Fortran_FLAGS [-march=native] - Success, Appending
-- Setting option DISABLE_VXC: OFF
-- Setting option DISABLE_FXC: OFF
-- Setting option DISABLE_KXC: ON
-- Setting option DISABLE_LXC: ON
-- Setting option DISABLE_FHC: OFF
-- Version: Full 6.1.0
-- SO Version: Full 13:0:1 Major 12
-- {fmt} version: 11.1.3
-- Build type: Release
-- Default linear solver: 0x0005
-- Default KKR matrix build: 0x1000
-- Find HDF5
-- HDF5 C Libraries: /usr/lib/aarch64-linux-gnu/hdf5/serial/libhdf5.so;/usr/lib/aarch64-linux-gnu/libcrypto.so;/usr/lib/aarch64-linux-gnu/libcurl.so;/usr/lib/aarch64-linux-gnu/libpthread.a;/usr/lib/aarch64-linux-gnu/libsz.so;/usr/lib/aarch64-linux-gnu/libz.so;/usr/lib/aarch64-linux-gnu/libdl.a;/usr/lib/aarch64-linux-gnu/libm.so
-- HDF5 LIBRARIES: /usr/lib/aarch64-linux-gnu/hdf5/serial/libhdf5.so;/usr/lib/aarch64-linux-gnu/libcrypto.so;/usr/lib/aarch64-linux-gnu/libcurl.so;/usr/lib/aarch64-linux-gnu/libpthread.a;/usr/lib/aarch64-linux-gnu/libsz.so;/usr/lib/aarch64-linux-gnu/libz.so;/usr/lib/aarch64-linux-gnu/libdl.a;/usr/lib/aarch64-linux-gnu/libm.so
-- HDF5 INCLUDE DIRS: /usr/include/hdf5/serial
-- HDF5 Version: 1.10.10
-- IPO / LTO supported
-- Inside NUGGET_PROCESS_TYPE
-- NUGGET_PROCESS_TYPE: lsms-ir-bb-analysis-bc
-- NUGGET_CONFIG_FILE: /scr/studyztp/experiments/lsms/nugget-protocol-lsms/cbuild/../experiments/ir-bb-analysis/cmake/ir-bb-analysis-bc.cmake
-- CMAKE_MODULE_PATH: /scr/studyztp/experiments/lsms/nugget-protocol-lsms/lsms/cmake;/scr/studyztp/experiments/lsms/nugget-protocol-lsms/experiments/ir-bb-analysis/cmake/../../cmake;/scr/studyztp/experiments/lsms/nugget-protocol-lsms/experiments/cmake/../../nugget_util/cmake;/scr/studyztp/experiments/lsms/nugget-protocol-lsms/experiments/cmake/../../nugget_util/hook_helper/c_hooks
-- PAPI_PATH=/scr/studyztp/experiments/lsms/nugget-protocol-lsms/experiments/cmake/../../nugget_util/hook_helper/other_tools/papi/aarch64
-- M5_PATH=/scr/studyztp/experiments/lsms/nugget-protocol-lsms/experiments/cmake/../../nugget_util/hook_helper/other_tools/gem5/arm64
-- M5_INCLUDE_PATH=/scr/studyztp/experiments/lsms/nugget-protocol-lsms/experiments/cmake/../../nugget_util/hook_helper/other_tools/gem5/include
-- Found OpenMP_C: -fopenmp (found version "4.5")
-- Found OpenMP_CXX: -fopenmp (found version "4.5")
-- Found OpenMP_Fortran: -fopenmp (found version "4.5")
-- Before linking m5-naive:
-- Include dirs: /scr/studyztp/experiments/lsms/nugget-protocol-lsms/nugget_util/hook_helper/c_hooks/naive
-- Link dirs: LINK_DIRS-NOTFOUND
-- Link libs: LINK_LIBS-NOTFOUND
-- After linking m5-naive:
-- Include dirs: /scr/studyztp/experiments/lsms/nugget-protocol-lsms/nugget_util/hook_helper/c_hooks/naive;/scr/studyztp/experiments/lsms/nugget-protocol-lsms/experiments/cmake/../../nugget_util/hook_helper/other_tools/gem5/include
-- Link dirs: /scr/studyztp/experiments/lsms/nugget-protocol-lsms/experiments/cmake/../../nugget_util/hook_helper/other_tools/gem5/arm64
-- Link libs: /scr/studyztp/experiments/lsms/nugget-protocol-lsms/experiments/cmake/../../nugget_util/hook_helper/other_tools/gem5/arm64/libm5.a
-- Before linking openmp-m5-nugget:
-- Include dirs: /scr/studyztp/experiments/lsms/nugget-protocol-lsms/nugget_util/hook_helper/c_hooks/nugget
-- Link dirs: LINK_DIRS-NOTFOUND
-- Link libs: LINK_LIBS-NOTFOUND
-- After linking openmp-m5-nugget:
-- Include dirs: /scr/studyztp/experiments/lsms/nugget-protocol-lsms/nugget_util/hook_helper/c_hooks/nugget;/scr/studyztp/experiments/lsms/nugget-protocol-lsms/experiments/cmake/../../nugget_util/hook_helper/other_tools/gem5/include
-- Link dirs: /scr/studyztp/experiments/lsms/nugget-protocol-lsms/experiments/cmake/../../nugget_util/hook_helper/other_tools/gem5/arm64
-- Link libs: /scr/studyztp/experiments/lsms/nugget-protocol-lsms/experiments/cmake/../../nugget_util/hook_helper/other_tools/gem5/arm64/libm5.a
-- Before linking single-threaded-m5-nugget:
-- Include dirs: /scr/studyztp/experiments/lsms/nugget-protocol-lsms/nugget_util/hook_helper/c_hooks/nugget
-- Link dirs: LINK_DIRS-NOTFOUND
-- Link libs: LINK_LIBS-NOTFOUND
-- After linking single-threaded-m5-nugget:
-- Include dirs: /scr/studyztp/experiments/lsms/nugget-protocol-lsms/nugget_util/hook_helper/c_hooks/nugget;/scr/studyztp/experiments/lsms/nugget-protocol-lsms/experiments/cmake/../../nugget_util/hook_helper/other_tools/gem5/include
-- Link dirs: /scr/studyztp/experiments/lsms/nugget-protocol-lsms/experiments/cmake/../../nugget_util/hook_helper/other_tools/gem5/arm64
-- Link libs: /scr/studyztp/experiments/lsms/nugget-protocol-lsms/experiments/cmake/../../nugget_util/hook_helper/other_tools/gem5/arm64/libm5.a
-- LLVM IR Utils setup
-- creating for lsms_ir_bb_analysis_bc
-- GLOBAL_INCLUDES: -I/scr/studyztp/experiments/lsms/nugget-protocol-lsms/nugget_util/hook_helper/c_hooks/analysis
-- GLOBAL_DEFINITION: 
-- GLOBAL_COMPILE_OPTIONS: 
-- GLOBAL_COMPILE_FLAGS: 
-- GLOBAL_C_FLAGS: -std=c11
-- GLOBAL_CXX_FLAGS: -O3;-mtune=native;-mcpu=native;-std=c++17
-- GLOBAL_Fortran_FLAGS: -O3;-mcpu=native
-- GLOBAL_LIB_LINKING_LIB_PATHS: 
-- GLOBAL_LIB_LINKING_LIBS: 
-- GLOBAL_LIB_INCLUDES: 
-- GLOBAL_LIB_OPTIONS: 
-- temp_library_target_list: 
-- ADD_CMDS: 
-- Generating IR for /scr/studyztp/experiments/lsms/nugget-protocol-lsms/nugget_util/hook_helper/c_hooks/analysis/single-threaded-ir-bb-analysis.c
-- GLOBAL_INCLUDES: -I/scr/studyztp/experiments/lsms/nugget-protocol-lsms/lsms/src;-I/scr/studyztp/experiments/lsms/nugget-protocol-lsms/lsms/src/Accelerator;-I/scr/studyztp/experiments/lsms/nugget-protocol-lsms/lsms/src/Communication;-I/scr/studyztp/experiments/lsms/nugget-protocol-lsms/lsms/src/Core;-I/scr/studyztp/experiments/lsms/nugget-protocol-lsms/lsms/src/Kubo;-I/scr/studyztp/experiments/lsms/nugget-protocol-lsms/lsms/src/ChargeDensity;-I/scr/studyztp/experiments/lsms/nugget-protocol-lsms/lsms/src/LuaInterface;-I/scr/studyztp/experiments/lsms/nugget-protocol-lsms/lsms/src/Main;-I/scr/studyztp/experiments/lsms/nugget-protocol-lsms/lsms/src/Madelung;-I/scr/studyztp/experiments/lsms/nugget-protocol-lsms/lsms/src/MultipoleMadelung;-I/scr/studyztp/experiments/lsms/nugget-protocol-lsms/lsms/src/Mixer;-I/scr/studyztp/experiments/lsms/nugget-protocol-lsms/lsms/src/Misc;-I/scr/studyztp/experiments/lsms/nugget-protocol-lsms/lsms/src/MultipleScattering;-I/scr/studyztp/experiments/lsms/nugget-protocol-lsms/lsms/src/Potential;-I/scr/studyztp/experiments/lsms/nugget-protocol-lsms/lsms/src/RadialGrid;-I/scr/studyztp/experiments/lsms/nugget-protocol-lsms/lsms/src/SingleSite;-I/scr/studyztp/experiments/lsms/nugget-protocol-lsms/lsms/src/TotalEnergy;-I/scr/studyztp/experiments/lsms/nugget-protocol-lsms/lsms/src/VORPOL;-I/scr/studyztp/experiments/lsms/nugget-protocol-lsms/lsms/include
-- GLOBAL_DEFINITION: -DMST_LINEAR_SOLVER_DEFAULT=0x0005;-DMST_BUILD_KKR_MATRIX_DEFAULT=0x1000;-DUSE_LIBXC;-DHAS_BACKTRACE
-- GLOBAL_COMPILE_OPTIONS: 
-- GLOBAL_COMPILE_FLAGS: 
-- GLOBAL_C_FLAGS: -std=c11
-- GLOBAL_CXX_FLAGS: -O3;-mtune=native;-mcpu=native;-std=c++17
-- GLOBAL_Fortran_FLAGS: -O3;-mcpu=native
-- GLOBAL_LIB_LINKING_LIB_PATHS: -L/scr/studyztp/experiments/lsms/nugget-protocol-lsms/cbuild/_deps/fmt-build;-L/scr/studyztp/experiments/lsms/nugget-protocol-lsms/cbuild;-L/scr/studyztp/experiments/lsms/nugget-protocol-lsms/cbuild/external/libxc-build
-- GLOBAL_LIB_LINKING_LIBS: -lfmt;/usr/lib/gcc/aarch64-linux-gnu/13/libgomp.so;/usr/lib/aarch64-linux-gnu/libpthread.a;/usr/lib/aarch64-linux-gnu/hdf5/serial/libhdf5.so;/usr/lib/aarch64-linux-gnu/libcrypto.so;/usr/lib/aarch64-linux-gnu/libcurl.so;/usr/lib/aarch64-linux-gnu/libsz.so;/usr/lib/aarch64-linux-gnu/libz.so;/usr/lib/aarch64-linux-gnu/libdl.a;/usr/lib/aarch64-linux-gnu/libm.so;/usr/lib/aarch64-linux-gnu/liblapack.so;/usr/lib/aarch64-linux-gnu/libblas.so;-llua;-lmjson;-lxc
-- GLOBAL_LIB_INCLUDES: -I/scr/studyztp/experiments/lsms/nugget-protocol-lsms/cbuild/_deps/fmt-src/include;-Iinclude;-I/usr/include/hdf5/serial;-I/scr/studyztp/experiments/lsms/nugget-protocol-lsms/lsms/external/lua-5.2.4/src;-I/usr/include;-I/scr/studyztp/experiments/lsms/nugget-protocol-lsms/lsms/external/mjson/;-I/scr/studyztp/experiments/lsms/nugget-protocol-lsms/cbuild/external/libxc-6.1.0/src;-I/scr/studyztp/experiments/lsms/nugget-protocol-lsms/cbuild/external/libxc-build/src;-I/scr/studyztp/experiments/lsms/nugget-protocol-lsms/cbuild/external/libxc-build
-- GLOBAL_LIB_OPTIONS: -fopenmp
-- temp_library_target_list: fmt::fmt;Threads::Threads;OpenMP::OpenMP_CXX;MPI::MPI_CXX;HDF5::HDF5;LAPACK::LAPACK;BLAS::BLAS;Lua::Lua;mjson;libxc::libxc
-- ADD_CMDS: 
-- Generating IR for /scr/studyztp/experiments/lsms/nugget-protocol-lsms/lsms/src/Main/lsms.cpp
-- Generating IR for /scr/studyztp/experiments/lsms/nugget-protocol-lsms/lsms/src/Accelerator/accelerator_initialize.F
-- Generating IR for /scr/studyztp/experiments/lsms/nugget-protocol-lsms/lsms/src/Accelerator/accelerator_finalize.F
-- Generating IR for /scr/studyztp/experiments/lsms/nugget-protocol-lsms/lsms/src/Accelerator/Accelerator.cpp
-- Generating IR for /scr/studyztp/experiments/lsms/nugget-protocol-lsms/lsms/src/Accelerator/fortran.c
-- Generating IR for /scr/studyztp/experiments/lsms/nugget-protocol-lsms/lsms/src/Communication/distributeAtoms.cpp
-- Generating IR for /scr/studyztp/experiments/lsms/nugget-protocol-lsms/lsms/src/Communication/LSMSCommunication.cpp
-- Generating IR for /scr/studyztp/experiments/lsms/nugget-protocol-lsms/lsms/src/Communication/REWLCommunication.cpp
-- Generating IR for /scr/studyztp/experiments/lsms/nugget-protocol-lsms/lsms/src/Core/atomic_dft.cpp
-- Generating IR for /scr/studyztp/experiments/lsms/nugget-protocol-lsms/lsms/src/Core/calculateCoreStates.cpp
-- Generating IR for /scr/studyztp/experiments/lsms/nugget-protocol-lsms/lsms/src/Core/coreSolver.cpp
-- Generating IR for /scr/studyztp/experiments/lsms/nugget-protocol-lsms/lsms/src/Core/corslv_c.f
-- Generating IR for /scr/studyztp/experiments/lsms/nugget-protocol-lsms/lsms/src/Core/deepst_c.f
-- Generating IR for /scr/studyztp/experiments/lsms/nugget-protocol-lsms/lsms/src/Core/getcor_c.f
-- Generating IR for /scr/studyztp/experiments/lsms/nugget-protocol-lsms/lsms/src/Core/invals_c.f
-- Generating IR for /scr/studyztp/experiments/lsms/nugget-protocol-lsms/lsms/src/Core/inwhnk_c.f
-- Generating IR for /scr/studyztp/experiments/lsms/nugget-protocol-lsms/lsms/src/Core/inws_c.f
-- Generating IR for /scr/studyztp/experiments/lsms/nugget-protocol-lsms/lsms/src/Core/outws_c.f
-- Generating IR for /scr/studyztp/experiments/lsms/nugget-protocol-lsms/lsms/src/Core/richnk_c.f
-- Generating IR for /scr/studyztp/experiments/lsms/nugget-protocol-lsms/lsms/src/Core/semcst_c.f
-- Generating IR for /scr/studyztp/experiments/lsms/nugget-protocol-lsms/lsms/src/Core/radialSolver.cpp
-- Generating IR for /scr/studyztp/experiments/lsms/nugget-protocol-lsms/lsms/src/Core/States.cpp
-- Generating IR for /scr/studyztp/experiments/lsms/nugget-protocol-lsms/lsms/src/Kubo/CurrentMatrix.cpp
-- Generating IR for /scr/studyztp/experiments/lsms/nugget-protocol-lsms/lsms/src/Kubo/Conductivity.cpp
-- Generating IR for /scr/studyztp/experiments/lsms/nugget-protocol-lsms/lsms/src/ChargeDensity/ChargeDensity.cpp
-- Generating IR for /scr/studyztp/experiments/lsms/nugget-protocol-lsms/lsms/src/LuaInterface/LuaInterface.cpp
-- Generating IR for /scr/studyztp/experiments/lsms/nugget-protocol-lsms/lsms/src/LuaInterface/LuaSupport.cpp
-- Generating IR for /scr/studyztp/experiments/lsms/nugget-protocol-lsms/lsms/src/Main/SystemParameters.cpp
-- Generating IR for /scr/studyztp/experiments/lsms/nugget-protocol-lsms/lsms/src/Main/read_input.cpp
-- Generating IR for /scr/studyztp/experiments/lsms/nugget-protocol-lsms/lsms/src/Main/PotentialIO.cpp
-- Generating IR for /scr/studyztp/experiments/lsms/nugget-protocol-lsms/lsms/src/Main/buildLIZandCommLists.cpp
-- Generating IR for /scr/studyztp/experiments/lsms/nugget-protocol-lsms/lsms/src/Main/energyContourIntegration.cpp
-- Generating IR for /scr/studyztp/experiments/lsms/nugget-protocol-lsms/lsms/src/Main/solveSingleScatterers.cpp
-- Generating IR for /scr/studyztp/experiments/lsms/nugget-protocol-lsms/lsms/src/Main/setupCell.cpp
-- Generating IR for /scr/studyztp/experiments/lsms/nugget-protocol-lsms/lsms/src/Main/calculateDensities.cpp
-- Generating IR for /scr/studyztp/experiments/lsms/nugget-protocol-lsms/lsms/src/Main/calculateChemPot.cpp
-- Generating IR for /scr/studyztp/experiments/lsms/nugget-protocol-lsms/lsms/src/Main/checkConsistency.cpp
-- Generating IR for /scr/studyztp/experiments/lsms/nugget-protocol-lsms/lsms/src/Main/calculateEvec.cpp
-- Generating IR for /scr/studyztp/experiments/lsms/nugget-protocol-lsms/lsms/src/Main/initializeAtom.cpp
-- Generating IR for /scr/studyztp/experiments/lsms/nugget-protocol-lsms/lsms/src/Main/mixing.cpp
-- Generating IR for /scr/studyztp/experiments/lsms/nugget-protocol-lsms/lsms/src/Main/ReplicaExchangeWL.cpp
-- Generating IR for /scr/studyztp/experiments/lsms/nugget-protocol-lsms/lsms/src/Main/AlloyBankIO.cpp
-- Generating IR for /scr/studyztp/experiments/lsms/nugget-protocol-lsms/lsms/src/Main/rotateToGlobal.cpp
-- Generating IR for /scr/studyztp/experiments/lsms/nugget-protocol-lsms/lsms/src/Main/write_restart.cpp
-- Generating IR for /scr/studyztp/experiments/lsms/nugget-protocol-lsms/lsms/src/Main/updateChargePotential.cpp
-- Generating IR for /scr/studyztp/experiments/lsms/nugget-protocol-lsms/lsms/src/Main/writeInfoEvec.cpp
-- Generating IR for /scr/studyztp/experiments/lsms/nugget-protocol-lsms/lsms/src/Madelung/cal_madelung_matrix.f
-- Generating IR for /scr/studyztp/experiments/lsms/nugget-protocol-lsms/lsms/src/Madelung/getkncut.f
-- Generating IR for /scr/studyztp/experiments/lsms/nugget-protocol-lsms/lsms/src/Madelung/getrscut.f
-- Generating IR for /scr/studyztp/experiments/lsms/nugget-protocol-lsms/lsms/src/Madelung/getstruc.f
-- Generating IR for /scr/studyztp/experiments/lsms/nugget-protocol-lsms/lsms/src/Madelung/interf.f
-- Generating IR for /scr/studyztp/experiments/lsms/nugget-protocol-lsms/lsms/src/Madelung/interfsmr.f
-- Generating IR for /scr/studyztp/experiments/lsms/nugget-protocol-lsms/lsms/src/Madelung/lattice.f
-- Generating IR for /scr/studyztp/experiments/lsms/nugget-protocol-lsms/lsms/src/Madelung/madewd.f
-- Generating IR for /scr/studyztp/experiments/lsms/nugget-protocol-lsms/lsms/src/Madelung/madewdj.f
-- Generating IR for /scr/studyztp/experiments/lsms/nugget-protocol-lsms/lsms/src/Madelung/madsum.f
-- Generating IR for /scr/studyztp/experiments/lsms/nugget-protocol-lsms/lsms/src/Madelung/ord3v.f
-- Generating IR for /scr/studyztp/experiments/lsms/nugget-protocol-lsms/lsms/src/Madelung/pqintg_c.f
-- Generating IR for /scr/studyztp/experiments/lsms/nugget-protocol-lsms/lsms/src/Madelung/lmfacts.f
-- Generating IR for /scr/studyztp/experiments/lsms/nugget-protocol-lsms/lsms/src/Madelung/bessj.f
-- Generating IR for /scr/studyztp/experiments/lsms/nugget-protocol-lsms/lsms/src/Madelung/Madelung.cpp
-- Generating IR for /scr/studyztp/experiments/lsms/nugget-protocol-lsms/lsms/src/MultipoleMadelung/calculateMultipoleMadelung.cpp
-- Generating IR for /scr/studyztp/experiments/lsms/nugget-protocol-lsms/lsms/src/MultipoleMadelung/MultipoleMadelung.cpp
-- Generating IR for /scr/studyztp/experiments/lsms/nugget-protocol-lsms/lsms/src/MultipoleMadelung/lattice_utils.cpp
-- Generating IR for /scr/studyztp/experiments/lsms/nugget-protocol-lsms/lsms/src/MultipoleMadelung/monopole_madelung.cpp
-- Generating IR for /scr/studyztp/experiments/lsms/nugget-protocol-lsms/lsms/src/MultipoleMadelung/madelung_term.cpp
-- Generating IR for /scr/studyztp/experiments/lsms/nugget-protocol-lsms/lsms/src/Mixer/MixingParameter.cpp
-- Generating IR for /scr/studyztp/experiments/lsms/nugget-protocol-lsms/lsms/src/Mixer/Mixer.cpp
-- Generating IR for /scr/studyztp/experiments/lsms/nugget-protocol-lsms/lsms/src/Mixer/MixerType.cpp
-- Generating IR for /scr/studyztp/experiments/lsms/nugget-protocol-lsms/lsms/src/Mixer/MixingVector.cpp
-- Generating IR for /scr/studyztp/experiments/lsms/nugget-protocol-lsms/lsms/src/Misc/SphericalHarmonics.cpp
-- Generating IR for /scr/studyztp/experiments/lsms/nugget-protocol-lsms/lsms/src/Misc/associatedLegendreFunction.cpp
-- Generating IR for /scr/studyztp/experiments/lsms/nugget-protocol-lsms/lsms/src/Misc/bulirsch_stoer.f
-- Generating IR for /scr/studyztp/experiments/lsms/nugget-protocol-lsms/lsms/src/Misc/bulirschStoerIntegrator.cpp
-- Generating IR for /scr/studyztp/experiments/lsms/nugget-protocol-lsms/lsms/src/Misc/calculateGauntCoeficients.cpp
-- Generating IR for /scr/studyztp/experiments/lsms/nugget-protocol-lsms/lsms/src/Misc/cgaunt_c.f90
-- Generating IR for /scr/studyztp/experiments/lsms/nugget-protocol-lsms/lsms/src/Misc/clock_time.c
-- Generating IR for /scr/studyztp/experiments/lsms/nugget-protocol-lsms/lsms/src/Misc/ClebschGordan.cpp
-- Generating IR for /scr/studyztp/experiments/lsms/nugget-protocol-lsms/lsms/src/Misc/cinterp.f
-- Generating IR for /scr/studyztp/experiments/lsms/nugget-protocol-lsms/lsms/src/Misc/clebsch.f
-- Generating IR for /scr/studyztp/experiments/lsms/nugget-protocol-lsms/lsms/src/Misc/cmtruni.f
-- Generating IR for /scr/studyztp/experiments/lsms/nugget-protocol-lsms/lsms/src/Misc/cnewint.f
-- Generating IR for /scr/studyztp/experiments/lsms/nugget-protocol-lsms/lsms/src/Misc/Coeficients.cpp
-- Generating IR for /scr/studyztp/experiments/lsms/nugget-protocol-lsms/lsms/src/Misc/congauss_c.f
-- Generating IR for /scr/studyztp/experiments/lsms/nugget-protocol-lsms/lsms/src/Misc/constraint.f
-- Generating IR for /scr/studyztp/experiments/lsms/nugget-protocol-lsms/lsms/src/Misc/dfv.f
-- Generating IR for /scr/studyztp/experiments/lsms/nugget-protocol-lsms/lsms/src/Misc/dfv_new.f
-- Generating IR for /scr/studyztp/experiments/lsms/nugget-protocol-lsms/lsms/src/Misc/fit.f
-- Generating IR for /scr/studyztp/experiments/lsms/nugget-protocol-lsms/lsms/src/Misc/fitpot.f
-- Generating IR for /scr/studyztp/experiments/lsms/nugget-protocol-lsms/lsms/src/Misc/fnpi.f
-- Generating IR for /scr/studyztp/experiments/lsms/nugget-protocol-lsms/lsms/src/Misc/fstop.f
-- Generating IR for /scr/studyztp/experiments/lsms/nugget-protocol-lsms/lsms/src/Misc/gaunt.f
-- Generating IR for /scr/studyztp/experiments/lsms/nugget-protocol-lsms/lsms/src/Misc/getclm.f
-- Generating IR for /scr/studyztp/experiments/lsms/nugget-protocol-lsms/lsms/src/Misc/ifacts_c.f
-- Generating IR for /scr/studyztp/experiments/lsms/nugget-protocol-lsms/lsms/src/Misc/Indices.cpp
-- Generating IR for /scr/studyztp/experiments/lsms/nugget-protocol-lsms/lsms/src/Misc/spherical_harmonics.f90
-- Generating IR for /scr/studyztp/experiments/lsms/nugget-protocol-lsms/lsms/src/Misc/initwave.f
-- Generating IR for /scr/studyztp/experiments/lsms/nugget-protocol-lsms/lsms/src/Misc/interp.f
-- Generating IR for /scr/studyztp/experiments/lsms/nugget-protocol-lsms/lsms/src/Misc/matr.f
-- Generating IR for /scr/studyztp/experiments/lsms/nugget-protocol-lsms/lsms/src/Misc/matrot1.f
-- Generating IR for /scr/studyztp/experiments/lsms/nugget-protocol-lsms/lsms/src/Misc/mbeqa.f
-- Generating IR for /scr/studyztp/experiments/lsms/nugget-protocol-lsms/lsms/src/Misc/mod_midpoint.f
-- Generating IR for /scr/studyztp/experiments/lsms/nugget-protocol-lsms/lsms/src/Misc/newder.f
-- Generating IR for /scr/studyztp/experiments/lsms/nugget-protocol-lsms/lsms/src/Misc/newint.f
-- Generating IR for /scr/studyztp/experiments/lsms/nugget-protocol-lsms/lsms/src/Misc/plglmax.f
-- Generating IR for /scr/studyztp/experiments/lsms/nugget-protocol-lsms/lsms/src/Misc/quadrature.cpp
-- Generating IR for /scr/studyztp/experiments/lsms/nugget-protocol-lsms/lsms/src/Misc/readLastLine.cpp
-- Generating IR for /scr/studyztp/experiments/lsms/nugget-protocol-lsms/lsms/src/Misc/ricbes.f
-- Generating IR for /scr/studyztp/experiments/lsms/nugget-protocol-lsms/lsms/src/Misc/rotmat.f
-- Generating IR for /scr/studyztp/experiments/lsms/nugget-protocol-lsms/lsms/src/Misc/rsimp.f
-- Generating IR for /scr/studyztp/experiments/lsms/nugget-protocol-lsms/lsms/src/Misc/rwave.f
-- Generating IR for /scr/studyztp/experiments/lsms/nugget-protocol-lsms/lsms/src/Misc/rzextr.f
-- Generating IR for /scr/studyztp/experiments/lsms/nugget-protocol-lsms/lsms/src/Misc/spin_trafo.f
-- Generating IR for /scr/studyztp/experiments/lsms/nugget-protocol-lsms/lsms/src/Misc/trltog.f
-- Generating IR for /scr/studyztp/experiments/lsms/nugget-protocol-lsms/lsms/src/Misc/u_sigma_u.f
-- Generating IR for /scr/studyztp/experiments/lsms/nugget-protocol-lsms/lsms/src/Misc/v_plus_minus.f
-- Generating IR for /scr/studyztp/experiments/lsms/nugget-protocol-lsms/lsms/src/Misc/wrtmtx.f
-- Generating IR for /scr/studyztp/experiments/lsms/nugget-protocol-lsms/lsms/src/Misc/ylag.f
-- Generating IR for /scr/studyztp/experiments/lsms/nugget-protocol-lsms/lsms/src/Misc/zeroout.f
-- Generating IR for /scr/studyztp/experiments/lsms/nugget-protocol-lsms/lsms/src/Misc/zsphbes.f
-- Generating IR for /scr/studyztp/experiments/lsms/nugget-protocol-lsms/lsms/src/Misc/zsphbesj.f
-- Generating IR for /scr/studyztp/experiments/lsms/nugget-protocol-lsms/lsms/src/Misc/zsphbesjh.f
-- Generating IR for /scr/studyztp/experiments/lsms/nugget-protocol-lsms/lsms/src/Misc/ChargePlotter.cpp
-- Generating IR for /scr/studyztp/experiments/lsms/nugget-protocol-lsms/lsms/src/MultipleScattering/print_kkr_matrix.cpp
-- Generating IR for /scr/studyztp/experiments/lsms/nugget-protocol-lsms/lsms/src/MultipleScattering/calculateTauMatrix.cpp
-- Generating IR for /scr/studyztp/experiments/lsms/nugget-protocol-lsms/lsms/src/MultipleScattering/buildKKRMatrix_CPU.cpp
-- Generating IR for /scr/studyztp/experiments/lsms/nugget-protocol-lsms/lsms/src/MultipleScattering/linearSolvers_CPU.cpp
-- Generating IR for /scr/studyztp/experiments/lsms/nugget-protocol-lsms/lsms/src/MultipleScattering/makegij_c.f
-- Generating IR for /scr/studyztp/experiments/lsms/nugget-protocol-lsms/lsms/src/MultipleScattering/setgij.f
-- Generating IR for /scr/studyztp/experiments/lsms/nugget-protocol-lsms/lsms/src/MultipleScattering/block_inverse_fortran.f
-- Generating IR for /scr/studyztp/experiments/lsms/nugget-protocol-lsms/lsms/src/MultipleScattering/zblock_lu.F
-- Generating IR for /scr/studyztp/experiments/lsms/nugget-protocol-lsms/lsms/src/MultipleScattering/wasinv.f
-- Generating IR for /scr/studyztp/experiments/lsms/nugget-protocol-lsms/lsms/src/MultipleScattering/zmar1.f
-- Generating IR for /scr/studyztp/experiments/lsms/nugget-protocol-lsms/lsms/src/MultipleScattering/wasinv_p.f
-- Generating IR for /scr/studyztp/experiments/lsms/nugget-protocol-lsms/lsms/src/MultipleScattering/zuqmx.f
-- Generating IR for /scr/studyztp/experiments/lsms/nugget-protocol-lsms/lsms/src/MultipleScattering/zutfx.f
-- Generating IR for /scr/studyztp/experiments/lsms/nugget-protocol-lsms/lsms/src/MultipleScattering/zucpx.f
-- Generating IR for /scr/studyztp/experiments/lsms/nugget-protocol-lsms/lsms/src/MultipleScattering/zaxpby.f
-- Generating IR for /scr/studyztp/experiments/lsms/nugget-protocol-lsms/lsms/src/MultipleScattering/zrandn.f
-- Generating IR for /scr/studyztp/experiments/lsms/nugget-protocol-lsms/lsms/src/MultipleScattering/tau_inv_postproc.f
-- Generating IR for /scr/studyztp/experiments/lsms/nugget-protocol-lsms/lsms/src/MultipleScattering/trgtol.f
-- Generating IR for /scr/studyztp/experiments/lsms/nugget-protocol-lsms/lsms/src/MultipleScattering/green_function.f
-- Generating IR for /scr/studyztp/experiments/lsms/nugget-protocol-lsms/lsms/src/MultipleScattering/gf_local.f
-- Generating IR for /scr/studyztp/experiments/lsms/nugget-protocol-lsms/lsms/src/MultipleScattering/int_zz_zj.f
-- Generating IR for /scr/studyztp/experiments/lsms/nugget-protocol-lsms/lsms/src/MultipleScattering/mdosms_c.f
-- Generating IR for /scr/studyztp/experiments/lsms/nugget-protocol-lsms/lsms/src/MultipleScattering/mgreen_c.f
-- Generating IR for /scr/studyztp/experiments/lsms/nugget-protocol-lsms/lsms/src/MultipleScattering/green_function_rel.f
-- Generating IR for /scr/studyztp/experiments/lsms/nugget-protocol-lsms/lsms/src/MultipleScattering/write_kkrmat.f
-- Generating IR for /scr/studyztp/experiments/lsms/nugget-protocol-lsms/lsms/src/MultipleScattering/relmtrx.f
-- Generating IR for /scr/studyztp/experiments/lsms/nugget-protocol-lsms/lsms/src/MultipleScattering/gfill.f
-- Generating IR for /scr/studyztp/experiments/lsms/nugget-protocol-lsms/lsms/src/MultipleScattering/gafill.f
-- Generating IR for /scr/studyztp/experiments/lsms/nugget-protocol-lsms/lsms/src/MultipleScattering/magnet.f
-- Generating IR for /scr/studyztp/experiments/lsms/nugget-protocol-lsms/lsms/src/MultipleScattering/magnetic_dens.f
-- Generating IR for /scr/studyztp/experiments/lsms/nugget-protocol-lsms/lsms/src/MultipleScattering/new_dens.f
-- Generating IR for /scr/studyztp/experiments/lsms/nugget-protocol-lsms/lsms/src/MultipleScattering/block_inverse.cpp
-- Generating IR for /scr/studyztp/experiments/lsms/nugget-protocol-lsms/lsms/src/MultipleScattering/zblock_lu_cpp.cpp
-- Generating IR for /scr/studyztp/experiments/lsms/nugget-protocol-lsms/lsms/src/MultipleScattering/zblock_lu_cublas.cpp
-- Generating IR for /scr/studyztp/experiments/lsms/nugget-protocol-lsms/lsms/src/Potential/alpha2_c.f
-- Generating IR for /scr/studyztp/experiments/lsms/nugget-protocol-lsms/lsms/src/Potential/calculateASAro3.f
-- Generating IR for /scr/studyztp/experiments/lsms/nugget-protocol-lsms/lsms/src/Potential/calculateChargesPotential.cpp
-- Generating IR for /scr/studyztp/experiments/lsms/nugget-protocol-lsms/lsms/src/Potential/epcorr.f
-- Generating IR for /scr/studyztp/experiments/lsms/nugget-protocol-lsms/lsms/src/Potential/getqm_mt.f
-- Generating IR for /scr/studyztp/experiments/lsms/nugget-protocol-lsms/lsms/src/Potential/getvmt.cpp
-- Generating IR for /scr/studyztp/experiments/lsms/nugget-protocol-lsms/lsms/src/Potential/getXCName.cpp
-- Generating IR for /scr/studyztp/experiments/lsms/nugget-protocol-lsms/lsms/src/Potential/interpolatePotential.cpp
-- Generating IR for /scr/studyztp/experiments/lsms/nugget-protocol-lsms/lsms/src/Potential/newexchg.f
-- Generating IR for /scr/studyztp/experiments/lsms/nugget-protocol-lsms/lsms/src/Potential/newpot_c.f
-- Generating IR for /scr/studyztp/experiments/lsms/nugget-protocol-lsms/lsms/src/Potential/PotentialShifter.cpp
-- Generating IR for /scr/studyztp/experiments/lsms/nugget-protocol-lsms/lsms/src/Potential/rs.f
-- Generating IR for /scr/studyztp/experiments/lsms/nugget-protocol-lsms/lsms/src/Potential/lsf_functional.cpp
-- Generating IR for /scr/studyztp/experiments/lsms/nugget-protocol-lsms/lsms/src/Potential/newFunctionalInterface.cpp
-- Generating IR for /scr/studyztp/experiments/lsms/nugget-protocol-lsms/lsms/src/Potential/newPotential.cpp
-- Generating IR for /scr/studyztp/experiments/lsms/nugget-protocol-lsms/lsms/src/Potential/XCLibxc.cpp
-- Generating IR for /scr/studyztp/experiments/lsms/nugget-protocol-lsms/lsms/src/Potential/XCBase.cpp
-- Generating IR for /scr/studyztp/experiments/lsms/nugget-protocol-lsms/lsms/src/Potential/XCLDA.cpp
-- Generating IR for /scr/studyztp/experiments/lsms/nugget-protocol-lsms/lsms/src/RadialGrid/RadialGrid.cpp
-- Generating IR for /scr/studyztp/experiments/lsms/nugget-protocol-lsms/lsms/src/SingleSite/RadialSrelSolver.cpp
-- Generating IR for /scr/studyztp/experiments/lsms/nugget-protocol-lsms/lsms/src/SingleSite/SingleSiteScattering.cpp
-- Generating IR for /scr/studyztp/experiments/lsms/nugget-protocol-lsms/lsms/src/SingleSite/readSingleAtomData_hdf5.cpp
-- Generating IR for /scr/studyztp/experiments/lsms/nugget-protocol-lsms/lsms/src/SingleSite/readSingleAtomData_bigcell.cpp
-- Generating IR for /scr/studyztp/experiments/lsms/nugget-protocol-lsms/lsms/src/SingleSite/F_readSingleAtomData_bigcell.f90
-- Generating IR for /scr/studyztp/experiments/lsms/nugget-protocol-lsms/lsms/src/SingleSite/single_scatterer_nonrel.f
-- Generating IR for /scr/studyztp/experiments/lsms/nugget-protocol-lsms/lsms/src/SingleSite/semrel_c.f
-- Generating IR for /scr/studyztp/experiments/lsms/nugget-protocol-lsms/lsms/src/SingleSite/scalar_m.f
-- Generating IR for /scr/studyztp/experiments/lsms/nugget-protocol-lsms/lsms/src/SingleSite/single_scatterer_rel.f
-- Generating IR for /scr/studyztp/experiments/lsms/nugget-protocol-lsms/lsms/src/SingleSite/spzwafu.f
-- Generating IR for /scr/studyztp/experiments/lsms/nugget-protocol-lsms/lsms/src/SingleSite/csbf.f
-- Generating IR for /scr/studyztp/experiments/lsms/nugget-protocol-lsms/lsms/src/SingleSite/matops.f
-- Generating IR for /scr/studyztp/experiments/lsms/nugget-protocol-lsms/lsms/src/SingleSite/gjinv.f
-- Generating IR for /scr/studyztp/experiments/lsms/nugget-protocol-lsms/lsms/src/SingleSite/dirmag1-op.f
-- Generating IR for /scr/studyztp/experiments/lsms/nugget-protocol-lsms/lsms/src/SingleSite/dirmag2-op.f
-- Generating IR for /scr/studyztp/experiments/lsms/nugget-protocol-lsms/lsms/src/SingleSite/brmat.f
-- Generating IR for /scr/studyztp/experiments/lsms/nugget-protocol-lsms/lsms/src/SingleSite/writeSingleAtomData_hdf5.cpp
-- Generating IR for /scr/studyztp/experiments/lsms/nugget-protocol-lsms/lsms/src/SingleSite/writeSingleAtomData_bigcell.cpp
-- Generating IR for /scr/studyztp/experiments/lsms/nugget-protocol-lsms/lsms/src/SingleSite/F_writeSingleAtomData_bigcell.f90
-- Generating IR for /scr/studyztp/experiments/lsms/nugget-protocol-lsms/lsms/src/SingleSite/checkAntiFerromagneticStatus.cpp
-- Generating IR for /scr/studyztp/experiments/lsms/nugget-protocol-lsms/lsms/src/TotalEnergy/calculateTotalEnergy.cpp
-- Generating IR for /scr/studyztp/experiments/lsms/nugget-protocol-lsms/lsms/src/TotalEnergy/localTotalEnergy.cpp
-- Generating IR for /scr/studyztp/experiments/lsms/nugget-protocol-lsms/lsms/src/TotalEnergy/zeropt_c.f
-- Generating IR for /scr/studyztp/experiments/lsms/nugget-protocol-lsms/lsms/src/TotalEnergy/janake_c.f
-- Generating IR for /scr/studyztp/experiments/lsms/nugget-protocol-lsms/lsms/src/TotalEnergy/DFTEnergy.cpp
-- Generating IR for /scr/studyztp/experiments/lsms/nugget-protocol-lsms/lsms/src/VORPOL/calsig.f
-- Generating IR for /scr/studyztp/experiments/lsms/nugget-protocol-lsms/lsms/src/VORPOL/caltnode.f
-- Generating IR for /scr/studyztp/experiments/lsms/nugget-protocol-lsms/lsms/src/VORPOL/celbnd.f
-- Generating IR for /scr/studyztp/experiments/lsms/nugget-protocol-lsms/lsms/src/VORPOL/chkbnd.f
-- Generating IR for /scr/studyztp/experiments/lsms/nugget-protocol-lsms/lsms/src/VORPOL/chkedge.f
-- Generating IR for /scr/studyztp/experiments/lsms/nugget-protocol-lsms/lsms/src/VORPOL/filter_edge.f
-- Generating IR for /scr/studyztp/experiments/lsms/nugget-protocol-lsms/lsms/src/VORPOL/inter_dip.f
-- Generating IR for /scr/studyztp/experiments/lsms/nugget-protocol-lsms/lsms/src/VORPOL/inter.f
-- Generating IR for /scr/studyztp/experiments/lsms/nugget-protocol-lsms/lsms/src/VORPOL/interstitial.f
-- Generating IR for /scr/studyztp/experiments/lsms/nugget-protocol-lsms/lsms/src/VORPOL/intphi.f
-- Generating IR for /scr/studyztp/experiments/lsms/nugget-protocol-lsms/lsms/src/VORPOL/intpl0.f
-- Generating IR for /scr/studyztp/experiments/lsms/nugget-protocol-lsms/lsms/src/VORPOL/invm3.f
-- Generating IR for /scr/studyztp/experiments/lsms/nugget-protocol-lsms/lsms/src/VORPOL/polyhedron.f
-- Generating IR for /scr/studyztp/experiments/lsms/nugget-protocol-lsms/lsms/src/VORPOL/rcritpts.f90
-- Generating IR for /scr/studyztp/experiments/lsms/nugget-protocol-lsms/lsms/src/VORPOL/setup_boundary.f
-- Generating IR for /scr/studyztp/experiments/lsms/nugget-protocol-lsms/lsms/src/VORPOL/setup_vorpol.f
-- Generating IR for /scr/studyztp/experiments/lsms/nugget-protocol-lsms/lsms/src/VORPOL/setup_boundary_cluster.f
-- Generating IR for /scr/studyztp/experiments/lsms/nugget-protocol-lsms/lsms/src/VORPOL/setup_vorpol_vplane.f
-- Generating IR for /scr/studyztp/experiments/lsms/nugget-protocol-lsms/lsms/src/VORPOL/sigma.f
-- Generating IR for /scr/studyztp/experiments/lsms/nugget-protocol-lsms/lsms/src/VORPOL/sort.f
-- Generating IR for /scr/studyztp/experiments/lsms/nugget-protocol-lsms/lsms/src/VORPOL/sortidx.f
-- Generating IR for /scr/studyztp/experiments/lsms/nugget-protocol-lsms/lsms/src/VORPOL/stepyll.f
-- Generating IR for /scr/studyztp/experiments/lsms/nugget-protocol-lsms/lsms/src/VORPOL/volvor.f
-- Generating IR for /scr/studyztp/experiments/lsms/nugget-protocol-lsms/lsms/src/VORPOL/setupVorpol.cpp
-- GLOBAL_INCLUDES: -I/scr/studyztp/experiments/lsms/nugget-protocol-lsms/lsms/src;-I/scr/studyztp/experiments/lsms/nugget-protocol-lsms/lsms/src/Accelerator;-I/scr/studyztp/experiments/lsms/nugget-protocol-lsms/lsms/src/Communication;-I/scr/studyztp/experiments/lsms/nugget-protocol-lsms/lsms/src/Core;-I/scr/studyztp/experiments/lsms/nugget-protocol-lsms/lsms/src/Kubo;-I/scr/studyztp/experiments/lsms/nugget-protocol-lsms/lsms/src/ChargeDensity;-I/scr/studyztp/experiments/lsms/nugget-protocol-lsms/lsms/src/LuaInterface;-I/scr/studyztp/experiments/lsms/nugget-protocol-lsms/lsms/src/Main;-I/scr/studyztp/experiments/lsms/nugget-protocol-lsms/lsms/src/Madelung;-I/scr/studyztp/experiments/lsms/nugget-protocol-lsms/lsms/src/MultipoleMadelung;-I/scr/studyztp/experiments/lsms/nugget-protocol-lsms/lsms/src/Mixer;-I/scr/studyztp/experiments/lsms/nugget-protocol-lsms/lsms/src/Misc;-I/scr/studyztp/experiments/lsms/nugget-protocol-lsms/lsms/src/MultipleScattering;-I/scr/studyztp/experiments/lsms/nugget-protocol-lsms/lsms/src/Potential;-I/scr/studyztp/experiments/lsms/nugget-protocol-lsms/lsms/src/RadialGrid;-I/scr/studyztp/experiments/lsms/nugget-protocol-lsms/lsms/src/SingleSite;-I/scr/studyztp/experiments/lsms/nugget-protocol-lsms/lsms/src/TotalEnergy;-I/scr/studyztp/experiments/lsms/nugget-protocol-lsms/lsms/src/VORPOL;-I/scr/studyztp/experiments/lsms/nugget-protocol-lsms/lsms/include
-- GLOBAL_DEFINITION: -DMST_LINEAR_SOLVER_DEFAULT=0x0005;-DMST_BUILD_KKR_MATRIX_DEFAULT=0x1000;-DUSE_LIBXC;-DHAS_BACKTRACE
-- GLOBAL_COMPILE_OPTIONS: 
-- GLOBAL_COMPILE_FLAGS: 
-- GLOBAL_C_FLAGS: -std=c11
-- GLOBAL_CXX_FLAGS: -O3;-mtune=native;-mcpu=native;-std=c++17
-- GLOBAL_Fortran_FLAGS: -O3;-mcpu=native
-- GLOBAL_LIB_LINKING_LIB_PATHS: -L/scr/studyztp/experiments/lsms/nugget-protocol-lsms/cbuild/_deps/fmt-build;-L/scr/studyztp/experiments/lsms/nugget-protocol-lsms/cbuild;-L/scr/studyztp/experiments/lsms/nugget-protocol-lsms/cbuild/external/libxc-build
-- GLOBAL_LIB_LINKING_LIBS: -lfmt;/usr/lib/gcc/aarch64-linux-gnu/13/libgomp.so;/usr/lib/aarch64-linux-gnu/libpthread.a;/usr/lib/aarch64-linux-gnu/hdf5/serial/libhdf5.so;/usr/lib/aarch64-linux-gnu/libcrypto.so;/usr/lib/aarch64-linux-gnu/libcurl.so;/usr/lib/aarch64-linux-gnu/libsz.so;/usr/lib/aarch64-linux-gnu/libz.so;/usr/lib/aarch64-linux-gnu/libdl.a;/usr/lib/aarch64-linux-gnu/libm.so;/usr/lib/aarch64-linux-gnu/liblapack.so;/usr/lib/aarch64-linux-gnu/libblas.so;-llua;-lmjson;-lxc
-- GLOBAL_LIB_INCLUDES: -I/scr/studyztp/experiments/lsms/nugget-protocol-lsms/cbuild/_deps/fmt-src/include;-Iinclude;-I/usr/include/hdf5/serial;-I/scr/studyztp/experiments/lsms/nugget-protocol-lsms/lsms/external/lua-5.2.4/src;-I/usr/include;-I/scr/studyztp/experiments/lsms/nugget-protocol-lsms/lsms/external/mjson/;-I/scr/studyztp/experiments/lsms/nugget-protocol-lsms/cbuild/external/libxc-6.1.0/src;-I/scr/studyztp/experiments/lsms/nugget-protocol-lsms/cbuild/external/libxc-build/src;-I/scr/studyztp/experiments/lsms/nugget-protocol-lsms/cbuild/external/libxc-build
-- GLOBAL_LIB_OPTIONS: -fopenmp
-- GLOBAL_INCLUDES: -I/scr/studyztp/experiments/lsms/nugget-protocol-lsms/nugget_util/hook_helper/c_hooks/analysis
-- GLOBAL_DEFINITION: 
-- GLOBAL_COMPILE_OPTIONS: 
-- GLOBAL_COMPILE_FLAGS: 
-- GLOBAL_C_FLAGS: -std=c11
-- GLOBAL_CXX_FLAGS: -O3;-mtune=native;-mcpu=native;-std=c++17
-- GLOBAL_Fortran_FLAGS: -O3;-mcpu=native
-- GLOBAL_LIB_LINKING_LIB_PATHS: 
-- GLOBAL_LIB_LINKING_LIBS: 
-- GLOBAL_LIB_INCLUDES: 
-- GLOBAL_LIB_OPTIONS: 
-- GLOBAL_INCLUDES: -I/scr/studyztp/experiments/lsms/nugget-protocol-lsms/lsms/src;-I/scr/studyztp/experiments/lsms/nugget-protocol-lsms/lsms/src/Accelerator;-I/scr/studyztp/experiments/lsms/nugget-protocol-lsms/lsms/src/Communication;-I/scr/studyztp/experiments/lsms/nugget-protocol-lsms/lsms/src/Core;-I/scr/studyztp/experiments/lsms/nugget-protocol-lsms/lsms/src/Kubo;-I/scr/studyztp/experiments/lsms/nugget-protocol-lsms/lsms/src/ChargeDensity;-I/scr/studyztp/experiments/lsms/nugget-protocol-lsms/lsms/src/LuaInterface;-I/scr/studyztp/experiments/lsms/nugget-protocol-lsms/lsms/src/Main;-I/scr/studyztp/experiments/lsms/nugget-protocol-lsms/lsms/src/Madelung;-I/scr/studyztp/experiments/lsms/nugget-protocol-lsms/lsms/src/MultipoleMadelung;-I/scr/studyztp/experiments/lsms/nugget-protocol-lsms/lsms/src/Mixer;-I/scr/studyztp/experiments/lsms/nugget-protocol-lsms/lsms/src/Misc;-I/scr/studyztp/experiments/lsms/nugget-protocol-lsms/lsms/src/MultipleScattering;-I/scr/studyztp/experiments/lsms/nugget-protocol-lsms/lsms/src/Potential;-I/scr/studyztp/experiments/lsms/nugget-protocol-lsms/lsms/src/RadialGrid;-I/scr/studyztp/experiments/lsms/nugget-protocol-lsms/lsms/src/SingleSite;-I/scr/studyztp/experiments/lsms/nugget-protocol-lsms/lsms/src/TotalEnergy;-I/scr/studyztp/experiments/lsms/nugget-protocol-lsms/lsms/src/VORPOL;-I/scr/studyztp/experiments/lsms/nugget-protocol-lsms/lsms/include;-I/scr/studyztp/experiments/lsms/nugget-protocol-lsms/nugget_util/hook_helper/c_hooks/analysis
-- GLOBAL_DEFINITION: -DMST_LINEAR_SOLVER_DEFAULT=0x0005;-DMST_BUILD_KKR_MATRIX_DEFAULT=0x1000;-DUSE_LIBXC;-DHAS_BACKTRACE
-- GLOBAL_COMPILE_OPTIONS: 
-- GLOBAL_COMPILE_FLAGS: 
-- GLOBAL_C_FLAGS: -std=c11
-- GLOBAL_CXX_FLAGS: -O3;-mtune=native;-mcpu=native;-std=c++17
-- GLOBAL_Fortran_FLAGS: -O3;-mcpu=native
-- GLOBAL_LIB_LINKING_LIB_PATHS: -L/scr/studyztp/experiments/lsms/nugget-protocol-lsms/cbuild/_deps/fmt-build;-L/scr/studyztp/experiments/lsms/nugget-protocol-lsms/cbuild;-L/scr/studyztp/experiments/lsms/nugget-protocol-lsms/cbuild/external/libxc-build
-- GLOBAL_LIB_LINKING_LIBS: -lfmt;/usr/lib/gcc/aarch64-linux-gnu/13/libgomp.so;/usr/lib/aarch64-linux-gnu/libpthread.a;/usr/lib/aarch64-linux-gnu/hdf5/serial/libhdf5.so;/usr/lib/aarch64-linux-gnu/libcrypto.so;/usr/lib/aarch64-linux-gnu/libcurl.so;/usr/lib/aarch64-linux-gnu/libsz.so;/usr/lib/aarch64-linux-gnu/libz.so;/usr/lib/aarch64-linux-gnu/libdl.a;/usr/lib/aarch64-linux-gnu/libm.so;/usr/lib/aarch64-linux-gnu/liblapack.so;/usr/lib/aarch64-linux-gnu/libblas.so;-llua;-lmjson;-lxc
-- GLOBAL_LIB_INCLUDES: -I/scr/studyztp/experiments/lsms/nugget-protocol-lsms/cbuild/_deps/fmt-src/include;-Iinclude;-I/usr/include/hdf5/serial;-I/scr/studyztp/experiments/lsms/nugget-protocol-lsms/lsms/external/lua-5.2.4/src;-I/usr/include;-I/scr/studyztp/experiments/lsms/nugget-protocol-lsms/lsms/external/mjson/;-I/scr/studyztp/experiments/lsms/nugget-protocol-lsms/cbuild/external/libxc-6.1.0/src;-I/scr/studyztp/experiments/lsms/nugget-protocol-lsms/cbuild/external/libxc-build/src;-I/scr/studyztp/experiments/lsms/nugget-protocol-lsms/cbuild/external/libxc-build
-- GLOBAL_LIB_OPTIONS: -fopenmp
-- Configuring done (6.9s)
-- Generating done (0.4s)
-- Build files have been written to: /scr/studyztp/experiments/lsms/nugget-protocol-lsms/cbuild
