-- CMake 3.30.3 with max. 1 threads
-- Use toolchain file generic-cpu
-- Build type: Release
-- Build external libraries
-- Lua: Use linux and POSIX
-- Readline library: /usr/lib/aarch64-linux-gnu/libreadline.so
-- Readline include dir: /usr/include
-- LIBXC is used
-- libxc_LIBRARIES: libxc_LIBRARIES-NOTFOUND
-- libxc_INCLUDE_DIR: /scr/studyztp/experiments/lsms/nugget-protocol-lsms/cbuild/external/libxc-build/src
-- libxc_INCLUDE_BUILD_DIR: /scr/studyztp/experiments/lsms/nugget-protocol-lsms/cbuild/external/libxc-build
-- libxc was not found and will be built from source
-- Setting option CMAKE_BUILD_TYPE: Release
-- Setting option BUILD_SHARED_LIBS: OFF
-- Setting option BUILD_TESTING: OFF
-- Setting option BUILD_FPIC: ON
-- Setting option NAMESPACE_INSTALL_INCLUDEDIR: /
-- Setting option ENABLE_GENERIC: OFF
-- Setting option ENABLE_FORTRAN: OFF
-- Setting option ENABLE_PYTHON: OFF
-- Setting option ENABLE_XHOST: ON
-- Performing Test CMAKE_C_FLAGS [-march=native] - Success, Appending
-- Performing Test CMAKE_CXX_FLAGS [-march=native] - Success, Appending
-- Performing Test CMAKE_Fortran_FLAGS [-march=native] - Success, Appending
-- Setting option DISABLE_VXC: OFF
-- Setting option DISABLE_FXC: OFF
-- Setting option DISABLE_KXC: ON
-- Setting option DISABLE_LXC: ON
-- Setting option DISABLE_FHC: OFF
-- Version: Full 6.1.0
-- SO Version: Full 13:0:1 Major 12
-- {fmt} version: 11.1.3
-- Build type: Release
-- Found OpenMP_C: -fopenmp (found version "4.5")
-- Found OpenMP_CXX: -fopenmp (found version "4.5")
-- Found OpenMP_Fortran: -fopenmp (found version "4.5")
-- Default linear solver: 0x0005
-- Default KKR matrix build: 0x1000
-- Find HDF5
-- HDF5 C Libraries: /usr/lib/aarch64-linux-gnu/hdf5/serial/libhdf5.so;/usr/lib/aarch64-linux-gnu/libcrypto.so;/usr/lib/aarch64-linux-gnu/libcurl.so;/usr/lib/aarch64-linux-gnu/libpthread.a;/usr/lib/aarch64-linux-gnu/libsz.so;/usr/lib/aarch64-linux-gnu/libz.so;/usr/lib/aarch64-linux-gnu/libdl.a;/usr/lib/aarch64-linux-gnu/libm.so
-- HDF5 LIBRARIES: /usr/lib/aarch64-linux-gnu/hdf5/serial/libhdf5.so;/usr/lib/aarch64-linux-gnu/libcrypto.so;/usr/lib/aarch64-linux-gnu/libcurl.so;/usr/lib/aarch64-linux-gnu/libpthread.a;/usr/lib/aarch64-linux-gnu/libsz.so;/usr/lib/aarch64-linux-gnu/libz.so;/usr/lib/aarch64-linux-gnu/libdl.a;/usr/lib/aarch64-linux-gnu/libm.so
-- HDF5 INCLUDE DIRS: /usr/include/hdf5/serial
-- HDF5 Version: 1.10.10
-- IPO / LTO supported
-- Inside NUGGET_PROCESS_TYPE
-- NUGGET_PROCESS_TYPE: lsms-ir-bb-analysis-exe
-- NUGGET_CONFIG_FILE: /scr/studyztp/experiments/lsms/nugget-protocol-lsms/cbuild/../experiments/ir-bb-analysis-with-libraries/cmake/ir-bb-analysis-exe.cmake
-- LLC_CMD: -mcpu=neoverse-n1;-mtriple=aarch64-unknown-linux-gnu;-mattr="+fp-armv8,+lse,+neon,+crc,+crypto";-relocation-model=pic;-O3
-- CMAKE_MODULE_PATH: /scr/studyztp/experiments/lsms/nugget-protocol-lsms/lsms/cmake;/scr/studyztp/experiments/lsms/nugget-protocol-lsms/experiments/ir-bb-analysis-with-libraries/cmake/../../cmake;/scr/studyztp/experiments/lsms/nugget-protocol-lsms/experiments/cmake/../../nugget_util/cmake;/scr/studyztp/experiments/lsms/nugget-protocol-lsms/nugget_util/cmake/my-llvm-ir-cmake-lib;/scr/studyztp/experiments/lsms/nugget-protocol-lsms/experiments/cmake/../../nugget_util/cmake;/scr/studyztp/experiments/lsms/nugget-protocol-lsms/experiments/cmake/../../nugget_util/hook_helper/c_hooks
-- PAPI_PATH=/scr/studyztp/experiments/lsms/nugget-protocol-lsms/experiments/cmake/../../nugget_util/hook_helper/other_tools/papi/aarch64
-- M5_PATH=/scr/studyztp/experiments/lsms/nugget-protocol-lsms/experiments/cmake/../../nugget_util/hook_helper/other_tools/gem5/arm64
-- M5_INCLUDE_PATH=/scr/studyztp/experiments/lsms/nugget-protocol-lsms/experiments/cmake/../../nugget_util/hook_helper/other_tools/gem5/include
-- Found OpenMP_C: -fopenmp (found version "4.5")
-- Found OpenMP_CXX: -fopenmp (found version "4.5")
-- Found OpenMP_Fortran: -fopenmp (found version "4.5")
-- Before linking m5-naive:
-- Include dirs: /scr/studyztp/experiments/lsms/nugget-protocol-lsms/nugget_util/hook_helper/c_hooks/naive
-- Link dirs: LINK_DIRS-NOTFOUND
-- Link libs: LINK_LIBS-NOTFOUND
-- After linking m5-naive:
-- Include dirs: /scr/studyztp/experiments/lsms/nugget-protocol-lsms/nugget_util/hook_helper/c_hooks/naive;/scr/studyztp/experiments/lsms/nugget-protocol-lsms/experiments/cmake/../../nugget_util/hook_helper/other_tools/gem5/include
-- Link dirs: /scr/studyztp/experiments/lsms/nugget-protocol-lsms/experiments/cmake/../../nugget_util/hook_helper/other_tools/gem5/arm64
-- Link libs: /scr/studyztp/experiments/lsms/nugget-protocol-lsms/experiments/cmake/../../nugget_util/hook_helper/other_tools/gem5/arm64/libm5.a
-- Before linking openmp-m5-nugget:
-- Include dirs: /scr/studyztp/experiments/lsms/nugget-protocol-lsms/nugget_util/hook_helper/c_hooks/nugget
-- Link dirs: LINK_DIRS-NOTFOUND
-- Link libs: LINK_LIBS-NOTFOUND
-- After linking openmp-m5-nugget:
-- Include dirs: /scr/studyztp/experiments/lsms/nugget-protocol-lsms/nugget_util/hook_helper/c_hooks/nugget;/scr/studyztp/experiments/lsms/nugget-protocol-lsms/experiments/cmake/../../nugget_util/hook_helper/other_tools/gem5/include
-- Link dirs: /scr/studyztp/experiments/lsms/nugget-protocol-lsms/experiments/cmake/../../nugget_util/hook_helper/other_tools/gem5/arm64
-- Link libs: /scr/studyztp/experiments/lsms/nugget-protocol-lsms/experiments/cmake/../../nugget_util/hook_helper/other_tools/gem5/arm64/libm5.a
-- Before linking single-threaded-m5-nugget:
-- Include dirs: /scr/studyztp/experiments/lsms/nugget-protocol-lsms/nugget_util/hook_helper/c_hooks/nugget
-- Link dirs: LINK_DIRS-NOTFOUND
-- Link libs: LINK_LIBS-NOTFOUND
-- After linking single-threaded-m5-nugget:
-- Include dirs: /scr/studyztp/experiments/lsms/nugget-protocol-lsms/nugget_util/hook_helper/c_hooks/nugget;/scr/studyztp/experiments/lsms/nugget-protocol-lsms/experiments/cmake/../../nugget_util/hook_helper/other_tools/gem5/include
-- Link dirs: /scr/studyztp/experiments/lsms/nugget-protocol-lsms/experiments/cmake/../../nugget_util/hook_helper/other_tools/gem5/arm64
-- Link libs: /scr/studyztp/experiments/lsms/nugget-protocol-lsms/experiments/cmake/../../nugget_util/hook_helper/other_tools/gem5/arm64/libm5.a
-- LLVM IR Utils setup
-- all library targets: fmt::fmt;Lua::Lua;mjson;libxc::libxc
-- Library: fmt::fmt
-- Properties for target 'fmt::fmt':
--   ALIASED_TARGET = fmt
--   ALIAS_GLOBAL = TRUE
--   AUTOGEN_ORIGIN_DEPENDS = ON
--   AUTOMOC_COMPILER_PREDEFINES = ON
--   AUTOMOC_MACRO_NAMES = Q_OBJECT;Q_GADGET;Q_NAMESPACE;Q_NAMESPACE_EXPORT
--   BINARY_DIR = /scr/studyztp/experiments/lsms/nugget-protocol-lsms/cbuild/_deps/fmt-build
--   BINARY_DIR = /scr/studyztp/experiments/lsms/nugget-protocol-lsms/cbuild/_deps/fmt-build
--   COMPILE_FEATURES = cxx_std_11
--   COMPILE_PDB_NAME = fmt
--   COMPILE_PDB_OUTPUT_DIRECTORY = /scr/studyztp/experiments/lsms/nugget-protocol-lsms/cbuild
--   CXX_STANDARD = 17
--   CXX_STANDARD_REQUIRED = ON
--   C_STANDARD = 11
--   C_STANDARD_REQUIRED = ON
--   DEBUG_POSTFIX = d
--   EXPORT_FIND_PACKAGE_NAME = fmt
--   INCLUDE_DIRECTORIES = $<BUILD_INTERFACE:/scr/studyztp/experiments/lsms/nugget-protocol-lsms/cbuild/_deps/fmt-src/include>;$<INSTALL_INTERFACE:include>
--   INCLUDE_DIRECTORIES = $<BUILD_INTERFACE:/scr/studyztp/experiments/lsms/nugget-protocol-lsms/cbuild/_deps/fmt-src/include>;$<INSTALL_INTERFACE:include>
--   INCLUDE_DIRECTORIES = $<BUILD_INTERFACE:/scr/studyztp/experiments/lsms/nugget-protocol-lsms/cbuild/_deps/fmt-src/include>;$<INSTALL_INTERFACE:include>
--   INTERFACE_COMPILE_FEATURES = cxx_std_11
--   INTERFACE_INCLUDE_DIRECTORIES = $<BUILD_INTERFACE:/scr/studyztp/experiments/lsms/nugget-protocol-lsms/cbuild/_deps/fmt-src/include>;$<INSTALL_INTERFACE:include>
--   ISPC_HEADER_SUFFIX = _ispc.h
--   LINKER_LANGUAGE = CXX
--   NAME = fmt
--   PCH_INSTANTIATE_TEMPLATES = ON
--   PCH_WARN_INVALID = ON
--   POSITION_INDEPENDENT_CODE = ON
--   PUBLIC_HEADER = include/fmt/args.h;include/fmt/base.h;include/fmt/chrono.h;include/fmt/color.h;include/fmt/compile.h;include/fmt/core.h;include/fmt/format.h;include/fmt/format-inl.h;include/fmt/os.h;include/fmt/ostream.h;include/fmt/printf.h;include/fmt/ranges.h;include/fmt/std.h;include/fmt/xchar.h
--   RUNTIME_OUTPUT_DIRECTORY = /scr/studyztp/experiments/lsms/nugget-protocol-lsms/cbuild/_deps/fmt-build/bin
--   SOURCES = src/format.cc;include/fmt/args.h;include/fmt/base.h;include/fmt/chrono.h;include/fmt/color.h;include/fmt/compile.h;include/fmt/core.h;include/fmt/format.h;include/fmt/format-inl.h;include/fmt/os.h;include/fmt/ostream.h;include/fmt/printf.h;include/fmt/ranges.h;include/fmt/std.h;include/fmt/xchar.h;README.md;ChangeLog.md;src/os.cc
--   SOURCE_DIR = /scr/studyztp/experiments/lsms/nugget-protocol-lsms/cbuild/_deps/fmt-src
--   SOURCE_DIR = /scr/studyztp/experiments/lsms/nugget-protocol-lsms/cbuild/_deps/fmt-src
--   SOVERSION = 11
--   TYPE = STATIC_LIBRARY
--   TYPE = STATIC_LIBRARY
--   UNITY_BUILD_BATCH_SIZE = 8
--   UNITY_BUILD_MODE = BATCH
--   VERSION = 11.1.3
-- End of properties for 'fmt::fmt'
-- Library: Lua::Lua
-- Properties for target 'Lua::Lua':
--   ALIASED_TARGET = lua
--   ALIAS_GLOBAL = TRUE
--   AUTOGEN_ORIGIN_DEPENDS = ON
--   AUTOMOC_COMPILER_PREDEFINES = ON
--   AUTOMOC_MACRO_NAMES = Q_OBJECT;Q_GADGET;Q_NAMESPACE;Q_NAMESPACE_EXPORT
--   BINARY_DIR = /scr/studyztp/experiments/lsms/nugget-protocol-lsms/cbuild
--   BINARY_DIR = /scr/studyztp/experiments/lsms/nugget-protocol-lsms/cbuild
--   COMPILE_DEFINITIONS = LUA_USE_LINUX
--   COMPILE_DEFINITIONS = LUA_USE_LINUX
--   COMPILE_DEFINITIONS = LUA_USE_LINUX
--   CXX_STANDARD = 17
--   CXX_STANDARD_REQUIRED = ON
--   C_STANDARD = 11
--   C_STANDARD_REQUIRED = ON
--   INCLUDE_DIRECTORIES = /scr/studyztp/experiments/lsms/nugget-protocol-lsms/lsms/external/lua-5.2.4/src;/usr/include
--   INCLUDE_DIRECTORIES = /scr/studyztp/experiments/lsms/nugget-protocol-lsms/lsms/external/lua-5.2.4/src;/usr/include
--   INCLUDE_DIRECTORIES = /scr/studyztp/experiments/lsms/nugget-protocol-lsms/lsms/external/lua-5.2.4/src;/usr/include
--   INTERFACE_COMPILE_DEFINITIONS = LUA_USE_LINUX
--   INTERFACE_INCLUDE_DIRECTORIES = /scr/studyztp/experiments/lsms/nugget-protocol-lsms/lsms/external/lua-5.2.4/src;/usr/include
--   INTERFACE_LINK_LIBRARIES = dl;/usr/lib/aarch64-linux-gnu/libreadline.so
--   INTERFACE_SOURCES = /scr/studyztp/experiments/lsms/nugget-protocol-lsms/lsms/external/lua-5.2.4/src/lapi.c;/scr/studyztp/experiments/lsms/nugget-protocol-lsms/lsms/external/lua-5.2.4/src/lcode.c;/scr/studyztp/experiments/lsms/nugget-protocol-lsms/lsms/external/lua-5.2.4/src/lctype.c;/scr/studyztp/experiments/lsms/nugget-protocol-lsms/lsms/external/lua-5.2.4/src/ldebug.c;/scr/studyztp/experiments/lsms/nugget-protocol-lsms/lsms/external/lua-5.2.4/src/ldo.c;/scr/studyztp/experiments/lsms/nugget-protocol-lsms/lsms/external/lua-5.2.4/src/ldump.c;/scr/studyztp/experiments/lsms/nugget-protocol-lsms/lsms/external/lua-5.2.4/src/lfunc.c;/scr/studyztp/experiments/lsms/nugget-protocol-lsms/lsms/external/lua-5.2.4/src/lgc.c;/scr/studyztp/experiments/lsms/nugget-protocol-lsms/lsms/external/lua-5.2.4/src/llex.c;/scr/studyztp/experiments/lsms/nugget-protocol-lsms/lsms/external/lua-5.2.4/src/lmem.c;/scr/studyztp/experiments/lsms/nugget-protocol-lsms/lsms/external/lua-5.2.4/src/lobject.c;/scr/studyztp/experiments/lsms/nugget-protocol-lsms/lsms/external/lua-5.2.4/src/lopcodes.c;/scr/studyztp/experiments/lsms/nugget-protocol-lsms/lsms/external/lua-5.2.4/src/lparser.c;/scr/studyztp/experiments/lsms/nugget-protocol-lsms/lsms/external/lua-5.2.4/src/lstate.c;/scr/studyztp/experiments/lsms/nugget-protocol-lsms/lsms/external/lua-5.2.4/src/lstring.c;/scr/studyztp/experiments/lsms/nugget-protocol-lsms/lsms/external/lua-5.2.4/src/ltable.c;/scr/studyztp/experiments/lsms/nugget-protocol-lsms/lsms/external/lua-5.2.4/src/ltm.c;/scr/studyztp/experiments/lsms/nugget-protocol-lsms/lsms/external/lua-5.2.4/src/lundump.c;/scr/studyztp/experiments/lsms/nugget-protocol-lsms/lsms/external/lua-5.2.4/src/lvm.c;/scr/studyztp/experiments/lsms/nugget-protocol-lsms/lsms/external/lua-5.2.4/src/lzio.c;/scr/studyztp/experiments/lsms/nugget-protocol-lsms/lsms/external/lua-5.2.4/src/lauxlib.c;/scr/studyztp/experiments/lsms/nugget-protocol-lsms/lsms/external/lua-5.2.4/src/lbaselib.c;/scr/studyztp/experiments/lsms/nugget-protocol-lsms/lsms/external/lua-5.2.4/src/lbitlib.c;/scr/studyztp/experiments/lsms/nugget-protocol-lsms/lsms/external/lua-5.2.4/src/lcorolib.c;/scr/studyztp/experiments/lsms/nugget-protocol-lsms/lsms/external/lua-5.2.4/src/ldblib.c;/scr/studyztp/experiments/lsms/nugget-protocol-lsms/lsms/external/lua-5.2.4/src/liolib.c;/scr/studyztp/experiments/lsms/nugget-protocol-lsms/lsms/external/lua-5.2.4/src/lmathlib.c;/scr/studyztp/experiments/lsms/nugget-protocol-lsms/lsms/external/lua-5.2.4/src/loslib.c;/scr/studyztp/experiments/lsms/nugget-protocol-lsms/lsms/external/lua-5.2.4/src/lstrlib.c;/scr/studyztp/experiments/lsms/nugget-protocol-lsms/lsms/external/lua-5.2.4/src/ltablib.c;/scr/studyztp/experiments/lsms/nugget-protocol-lsms/lsms/external/lua-5.2.4/src/loadlib.c;/scr/studyztp/experiments/lsms/nugget-protocol-lsms/lsms/external/lua-5.2.4/src/linit.c;/scr/studyztp/experiments/lsms/nugget-protocol-lsms/lsms/external/lua-5.2.4/src/lapi.h;/scr/studyztp/experiments/lsms/nugget-protocol-lsms/lsms/external/lua-5.2.4/src/lauxlib.h;/scr/studyztp/experiments/lsms/nugget-protocol-lsms/lsms/external/lua-5.2.4/src/lcode.h;/scr/studyztp/experiments/lsms/nugget-protocol-lsms/lsms/external/lua-5.2.4/src/lctype.h;/scr/studyztp/experiments/lsms/nugget-protocol-lsms/lsms/external/lua-5.2.4/src/ldebug.h;/scr/studyztp/experiments/lsms/nugget-protocol-lsms/lsms/external/lua-5.2.4/src/ldo.h;/scr/studyztp/experiments/lsms/nugget-protocol-lsms/lsms/external/lua-5.2.4/src/lfunc.h;/scr/studyztp/experiments/lsms/nugget-protocol-lsms/lsms/external/lua-5.2.4/src/lgc.h;/scr/studyztp/experiments/lsms/nugget-protocol-lsms/lsms/external/lua-5.2.4/src/llex.h;/scr/studyztp/experiments/lsms/nugget-protocol-lsms/lsms/external/lua-5.2.4/src/llimits.h;/scr/studyztp/experiments/lsms/nugget-protocol-lsms/lsms/external/lua-5.2.4/src/lmem.h;/scr/studyztp/experiments/lsms/nugget-protocol-lsms/lsms/external/lua-5.2.4/src/lobject.h;/scr/studyztp/experiments/lsms/nugget-protocol-lsms/lsms/external/lua-5.2.4/src/lopcodes.h;/scr/studyztp/experiments/lsms/nugget-protocol-lsms/lsms/external/lua-5.2.4/src/lparser.h;/scr/studyztp/experiments/lsms/nugget-protocol-lsms/lsms/external/lua-5.2.4/src/lstate.h;/scr/studyztp/experiments/lsms/nugget-protocol-lsms/lsms/external/lua-5.2.4/src/lstring.h;/scr/studyztp/experiments/lsms/nugget-protocol-lsms/lsms/external/lua-5.2.4/src/ltable.h;/scr/studyztp/experiments/lsms/nugget-protocol-lsms/lsms/external/lua-5.2.4/src/ltm.h;/scr/studyztp/experiments/lsms/nugget-protocol-lsms/lsms/external/lua-5.2.4/src/luaconf.h;/scr/studyztp/experiments/lsms/nugget-protocol-lsms/lsms/external/lua-5.2.4/src/lua.h;/scr/studyztp/experiments/lsms/nugget-protocol-lsms/lsms/external/lua-5.2.4/src/lualib.h;/scr/studyztp/experiments/lsms/nugget-protocol-lsms/lsms/external/lua-5.2.4/src/lundump.h;/scr/studyztp/experiments/lsms/nugget-protocol-lsms/lsms/external/lua-5.2.4/src/lvm.h;/scr/studyztp/experiments/lsms/nugget-protocol-lsms/lsms/external/lua-5.2.4/src/lzio.h
--   ISPC_HEADER_SUFFIX = _ispc.h
--   LINK_LIBRARIES = dl;/usr/lib/aarch64-linux-gnu/libreadline.so
--   NAME = lua
--   PCH_INSTANTIATE_TEMPLATES = ON
--   PCH_WARN_INVALID = ON
--   POSITION_INDEPENDENT_CODE = ON
--   SOURCES = /scr/studyztp/experiments/lsms/nugget-protocol-lsms/lsms/external/lua-5.2.4/src/lapi.c;/scr/studyztp/experiments/lsms/nugget-protocol-lsms/lsms/external/lua-5.2.4/src/lcode.c;/scr/studyztp/experiments/lsms/nugget-protocol-lsms/lsms/external/lua-5.2.4/src/lctype.c;/scr/studyztp/experiments/lsms/nugget-protocol-lsms/lsms/external/lua-5.2.4/src/ldebug.c;/scr/studyztp/experiments/lsms/nugget-protocol-lsms/lsms/external/lua-5.2.4/src/ldo.c;/scr/studyztp/experiments/lsms/nugget-protocol-lsms/lsms/external/lua-5.2.4/src/ldump.c;/scr/studyztp/experiments/lsms/nugget-protocol-lsms/lsms/external/lua-5.2.4/src/lfunc.c;/scr/studyztp/experiments/lsms/nugget-protocol-lsms/lsms/external/lua-5.2.4/src/lgc.c;/scr/studyztp/experiments/lsms/nugget-protocol-lsms/lsms/external/lua-5.2.4/src/llex.c;/scr/studyztp/experiments/lsms/nugget-protocol-lsms/lsms/external/lua-5.2.4/src/lmem.c;/scr/studyztp/experiments/lsms/nugget-protocol-lsms/lsms/external/lua-5.2.4/src/lobject.c;/scr/studyztp/experiments/lsms/nugget-protocol-lsms/lsms/external/lua-5.2.4/src/lopcodes.c;/scr/studyztp/experiments/lsms/nugget-protocol-lsms/lsms/external/lua-5.2.4/src/lparser.c;/scr/studyztp/experiments/lsms/nugget-protocol-lsms/lsms/external/lua-5.2.4/src/lstate.c;/scr/studyztp/experiments/lsms/nugget-protocol-lsms/lsms/external/lua-5.2.4/src/lstring.c;/scr/studyztp/experiments/lsms/nugget-protocol-lsms/lsms/external/lua-5.2.4/src/ltable.c;/scr/studyztp/experiments/lsms/nugget-protocol-lsms/lsms/external/lua-5.2.4/src/ltm.c;/scr/studyztp/experiments/lsms/nugget-protocol-lsms/lsms/external/lua-5.2.4/src/lundump.c;/scr/studyztp/experiments/lsms/nugget-protocol-lsms/lsms/external/lua-5.2.4/src/lvm.c;/scr/studyztp/experiments/lsms/nugget-protocol-lsms/lsms/external/lua-5.2.4/src/lzio.c;/scr/studyztp/experiments/lsms/nugget-protocol-lsms/lsms/external/lua-5.2.4/src/lauxlib.c;/scr/studyztp/experiments/lsms/nugget-protocol-lsms/lsms/external/lua-5.2.4/src/lbaselib.c;/scr/studyztp/experiments/lsms/nugget-protocol-lsms/lsms/external/lua-5.2.4/src/lbitlib.c;/scr/studyztp/experiments/lsms/nugget-protocol-lsms/lsms/external/lua-5.2.4/src/lcorolib.c;/scr/studyztp/experiments/lsms/nugget-protocol-lsms/lsms/external/lua-5.2.4/src/ldblib.c;/scr/studyztp/experiments/lsms/nugget-protocol-lsms/lsms/external/lua-5.2.4/src/liolib.c;/scr/studyztp/experiments/lsms/nugget-protocol-lsms/lsms/external/lua-5.2.4/src/lmathlib.c;/scr/studyztp/experiments/lsms/nugget-protocol-lsms/lsms/external/lua-5.2.4/src/loslib.c;/scr/studyztp/experiments/lsms/nugget-protocol-lsms/lsms/external/lua-5.2.4/src/lstrlib.c;/scr/studyztp/experiments/lsms/nugget-protocol-lsms/lsms/external/lua-5.2.4/src/ltablib.c;/scr/studyztp/experiments/lsms/nugget-protocol-lsms/lsms/external/lua-5.2.4/src/loadlib.c;/scr/studyztp/experiments/lsms/nugget-protocol-lsms/lsms/external/lua-5.2.4/src/linit.c;/scr/studyztp/experiments/lsms/nugget-protocol-lsms/lsms/external/lua-5.2.4/src/lapi.h;/scr/studyztp/experiments/lsms/nugget-protocol-lsms/lsms/external/lua-5.2.4/src/lauxlib.h;/scr/studyztp/experiments/lsms/nugget-protocol-lsms/lsms/external/lua-5.2.4/src/lcode.h;/scr/studyztp/experiments/lsms/nugget-protocol-lsms/lsms/external/lua-5.2.4/src/lctype.h;/scr/studyztp/experiments/lsms/nugget-protocol-lsms/lsms/external/lua-5.2.4/src/ldebug.h;/scr/studyztp/experiments/lsms/nugget-protocol-lsms/lsms/external/lua-5.2.4/src/ldo.h;/scr/studyztp/experiments/lsms/nugget-protocol-lsms/lsms/external/lua-5.2.4/src/lfunc.h;/scr/studyztp/experiments/lsms/nugget-protocol-lsms/lsms/external/lua-5.2.4/src/lgc.h;/scr/studyztp/experiments/lsms/nugget-protocol-lsms/lsms/external/lua-5.2.4/src/llex.h;/scr/studyztp/experiments/lsms/nugget-protocol-lsms/lsms/external/lua-5.2.4/src/llimits.h;/scr/studyztp/experiments/lsms/nugget-protocol-lsms/lsms/external/lua-5.2.4/src/lmem.h;/scr/studyztp/experiments/lsms/nugget-protocol-lsms/lsms/external/lua-5.2.4/src/lobject.h;/scr/studyztp/experiments/lsms/nugget-protocol-lsms/lsms/external/lua-5.2.4/src/lopcodes.h;/scr/studyztp/experiments/lsms/nugget-protocol-lsms/lsms/external/lua-5.2.4/src/lparser.h;/scr/studyztp/experiments/lsms/nugget-protocol-lsms/lsms/external/lua-5.2.4/src/lstate.h;/scr/studyztp/experiments/lsms/nugget-protocol-lsms/lsms/external/lua-5.2.4/src/lstring.h;/scr/studyztp/experiments/lsms/nugget-protocol-lsms/lsms/external/lua-5.2.4/src/ltable.h;/scr/studyztp/experiments/lsms/nugget-protocol-lsms/lsms/external/lua-5.2.4/src/ltm.h;/scr/studyztp/experiments/lsms/nugget-protocol-lsms/lsms/external/lua-5.2.4/src/luaconf.h;/scr/studyztp/experiments/lsms/nugget-protocol-lsms/lsms/external/lua-5.2.4/src/lua.h;/scr/studyztp/experiments/lsms/nugget-protocol-lsms/lsms/external/lua-5.2.4/src/lualib.h;/scr/studyztp/experiments/lsms/nugget-protocol-lsms/lsms/external/lua-5.2.4/src/lundump.h;/scr/studyztp/experiments/lsms/nugget-protocol-lsms/lsms/external/lua-5.2.4/src/lvm.h;/scr/studyztp/experiments/lsms/nugget-protocol-lsms/lsms/external/lua-5.2.4/src/lzio.h
--   SOURCE_DIR = /scr/studyztp/experiments/lsms/nugget-protocol-lsms/lsms
--   SOURCE_DIR = /scr/studyztp/experiments/lsms/nugget-protocol-lsms/lsms
--   TYPE = STATIC_LIBRARY
--   TYPE = STATIC_LIBRARY
--   UNITY_BUILD_BATCH_SIZE = 8
--   UNITY_BUILD_MODE = BATCH
-- End of properties for 'Lua::Lua'
-- Library: mjson
-- Properties for target 'mjson':
--   AUTOGEN_ORIGIN_DEPENDS = ON
--   AUTOMOC_COMPILER_PREDEFINES = ON
--   AUTOMOC_MACRO_NAMES = Q_OBJECT;Q_GADGET;Q_NAMESPACE;Q_NAMESPACE_EXPORT
--   BINARY_DIR = /scr/studyztp/experiments/lsms/nugget-protocol-lsms/cbuild
--   BINARY_DIR = /scr/studyztp/experiments/lsms/nugget-protocol-lsms/cbuild
--   COMPILE_OPTIONS = $<$<OR:$<C_COMPILER_ID:AppleClang>,$<C_COMPILER_ID:Clang>,$<C_COMPILER_ID:GNU>>:;-w>
--   COMPILE_OPTIONS = $<$<OR:$<C_COMPILER_ID:AppleClang>,$<C_COMPILER_ID:Clang>,$<C_COMPILER_ID:GNU>>:;-w>
--   COMPILE_OPTIONS = $<$<OR:$<C_COMPILER_ID:AppleClang>,$<C_COMPILER_ID:Clang>,$<C_COMPILER_ID:GNU>>:;-w>
--   CXX_STANDARD = 17
--   CXX_STANDARD_REQUIRED = ON
--   C_STANDARD = 11
--   C_STANDARD_REQUIRED = ON
--   INCLUDE_DIRECTORIES = /scr/studyztp/experiments/lsms/nugget-protocol-lsms/lsms/external/mjson/
--   INCLUDE_DIRECTORIES = /scr/studyztp/experiments/lsms/nugget-protocol-lsms/lsms/external/mjson/
--   INCLUDE_DIRECTORIES = /scr/studyztp/experiments/lsms/nugget-protocol-lsms/lsms/external/mjson/
--   INTERFACE_INCLUDE_DIRECTORIES = /scr/studyztp/experiments/lsms/nugget-protocol-lsms/lsms/external/mjson/
--   ISPC_HEADER_SUFFIX = _ispc.h
--   NAME = mjson
--   PCH_INSTANTIATE_TEMPLATES = ON
--   PCH_WARN_INVALID = ON
--   POSITION_INDEPENDENT_CODE = ON
--   SOURCES = /scr/studyztp/experiments/lsms/nugget-protocol-lsms/lsms/external/mjson/json.c;/scr/studyztp/experiments/lsms/nugget-protocol-lsms/lsms/external/mjson/json.h;/scr/studyztp/experiments/lsms/nugget-protocol-lsms/lsms/external/mjson/json_helper.c;/scr/studyztp/experiments/lsms/nugget-protocol-lsms/lsms/external/mjson/json_helper.h;/scr/studyztp/experiments/lsms/nugget-protocol-lsms/lsms/external/mjson/rstring.c;/scr/studyztp/experiments/lsms/nugget-protocol-lsms/lsms/external/mjson/rstring.h
--   SOURCE_DIR = /scr/studyztp/experiments/lsms/nugget-protocol-lsms/lsms
--   SOURCE_DIR = /scr/studyztp/experiments/lsms/nugget-protocol-lsms/lsms
--   TYPE = STATIC_LIBRARY
--   TYPE = STATIC_LIBRARY
--   UNITY_BUILD_BATCH_SIZE = 8
--   UNITY_BUILD_MODE = BATCH
-- End of properties for 'mjson'
-- Library: libxc::libxc
-- Properties for target 'libxc::libxc':
--   ALIASED_TARGET = xc
--   ALIAS_GLOBAL = TRUE
--   AUTOGEN_ORIGIN_DEPENDS = ON
--   AUTOMOC_COMPILER_PREDEFINES = ON
--   AUTOMOC_MACRO_NAMES = Q_OBJECT;Q_GADGET;Q_NAMESPACE;Q_NAMESPACE_EXPORT
--   BINARY_DIR = /scr/studyztp/experiments/lsms/nugget-protocol-lsms/cbuild/external/libxc-build
--   BINARY_DIR = /scr/studyztp/experiments/lsms/nugget-protocol-lsms/cbuild/external/libxc-build
--   CXX_STANDARD = 17
--   CXX_STANDARD_REQUIRED = ON
--   C_STANDARD = 99
--   C_STANDARD_REQUIRED = ON
--   INCLUDE_DIRECTORIES = /scr/studyztp/experiments/lsms/nugget-protocol-lsms/cbuild/external/libxc-6.1.0/src;/scr/studyztp/experiments/lsms/nugget-protocol-lsms/cbuild/external/libxc-build/src;/scr/studyztp/experiments/lsms/nugget-protocol-lsms/cbuild/external/libxc-build;$<BUILD_INTERFACE:/scr/studyztp/experiments/lsms/nugget-protocol-lsms/cbuild/external/libxc-6.1.0/src>;$<BUILD_INTERFACE:/scr/studyztp/experiments/lsms/nugget-protocol-lsms/cbuild/external/libxc-build/src>;$<BUILD_INTERFACE:/scr/studyztp/experiments/lsms/nugget-protocol-lsms/cbuild/external/libxc-build>
--   INCLUDE_DIRECTORIES = /scr/studyztp/experiments/lsms/nugget-protocol-lsms/cbuild/external/libxc-6.1.0/src;/scr/studyztp/experiments/lsms/nugget-protocol-lsms/cbuild/external/libxc-build/src;/scr/studyztp/experiments/lsms/nugget-protocol-lsms/cbuild/external/libxc-build;$<BUILD_INTERFACE:/scr/studyztp/experiments/lsms/nugget-protocol-lsms/cbuild/external/libxc-6.1.0/src>;$<BUILD_INTERFACE:/scr/studyztp/experiments/lsms/nugget-protocol-lsms/cbuild/external/libxc-build/src>;$<BUILD_INTERFACE:/scr/studyztp/experiments/lsms/nugget-protocol-lsms/cbuild/external/libxc-build>
--   INCLUDE_DIRECTORIES = /scr/studyztp/experiments/lsms/nugget-protocol-lsms/cbuild/external/libxc-6.1.0/src;/scr/studyztp/experiments/lsms/nugget-protocol-lsms/cbuild/external/libxc-build/src;/scr/studyztp/experiments/lsms/nugget-protocol-lsms/cbuild/external/libxc-build;$<BUILD_INTERFACE:/scr/studyztp/experiments/lsms/nugget-protocol-lsms/cbuild/external/libxc-6.1.0/src>;$<BUILD_INTERFACE:/scr/studyztp/experiments/lsms/nugget-protocol-lsms/cbuild/external/libxc-build/src>;$<BUILD_INTERFACE:/scr/studyztp/experiments/lsms/nugget-protocol-lsms/cbuild/external/libxc-build>
--   INSTALL_RPATH = $ORIGIN;$ORIGIN/../lib
--   INTERFACE_COMPILE_DEFINITIONS = USING_Libxc
--   INTERFACE_INCLUDE_DIRECTORIES = $<INSTALL_INTERFACE:include>;$<BUILD_INTERFACE:/scr/studyztp/experiments/lsms/nugget-protocol-lsms/cbuild/external/libxc-6.1.0/src>;$<BUILD_INTERFACE:/scr/studyztp/experiments/lsms/nugget-protocol-lsms/cbuild/external/libxc-build/src>;$<BUILD_INTERFACE:/scr/studyztp/experiments/lsms/nugget-protocol-lsms/cbuild/external/libxc-build>
--   INTERFACE_LINK_LIBRARIES = m
--   ISPC_HEADER_SUFFIX = _ispc.h
--   NAME = xc
--   PCH_INSTANTIATE_TEMPLATES = ON
--   PCH_WARN_INVALID = ON
--   POSITION_INDEPENDENT_CODE = ON
--   SOURCES = src/bessel.c;src/expint_e1.c;src/faddeeva.c;src/func_info.c;src/func_reference.c;src/functionals.c;src/hybrids.c;src/gga.c;src/gga_c_acgga.c;src/gga_c_acggap.c;src/gga_c_am05.c;src/gga_c_bmk.c;src/gga_c_chachiyo.c;src/gga_c_cs1.c;src/gga_c_ft97.c;src/gga_c_gapc.c;src/gga_c_gaploc.c;src/gga_c_hcth_a.c;src/gga_c_lm.c;src/gga_c_lyp.c;src/gga_c_lypr.c;src/gga_c_op_b88.c;src/gga_c_op_g96.c;src/gga_c_op_pbe.c;src/gga_c_op_pw91.c;src/gga_c_op_xalpha.c;src/gga_c_optc.c;src/gga_c_p86.c;src/gga_c_p86vwn.c;src/gga_c_pbe.c;src/gga_c_pbe_vwn.c;src/gga_c_pbeloc.c;src/gga_c_pw91.c;src/gga_c_q2d.c;src/gga_c_regtpss.c;src/gga_c_revtca.c;src/gga_c_scan_e0.c;src/gga_c_sg4.c;src/gga_c_sogga11.c;src/gga_c_tca.c;src/gga_c_w94.c;src/gga_c_wi.c;src/gga_c_wl.c;src/gga_c_zpbeint.c;src/gga_c_zvpbeint.c;src/gga_c_zvpbeloc.c;src/gga_k_dk.c;src/gga_k_pg.c;src/gga_k_rational_p.c;src/gga_k_meyer.c;src/gga_k_ol1.c;src/gga_k_ol2.c;src/gga_x_ol2.c;src/gga_k_pearson.c;src/gga_k_tflw.c;src/gga_k_thakkar.c;src/gga_k_gds08.c;src/gga_k_exp4.c;src/gga_x_2d_b86.c;src/gga_x_2d_b86_mgc.c;src/gga_x_2d_b88.c;src/gga_x_2d_pbe.c;src/gga_x_airy.c;src/gga_x_ak13.c;src/gga_x_am05.c;src/gga_x_b86.c;src/gga_x_b88.c;src/gga_k_llp.c;src/gga_k_pw86.c;src/gga_k_mpbe.c;src/gga_k_apbe.c;src/gga_k_apbeint.c;src/gga_k_lc94.c;src/gga_k_lkt.c;src/gga_k_vt84f.c;src/gga_x_bayesian.c;src/gga_x_beefvdw.c;src/gga_x_bpccac.c;src/gga_x_c09x.c;src/gga_x_cap.c;src/gga_x_chachiyo.c;src/gga_x_dk87.c;src/gga_x_ev93.c;src/gga_x_ft97.c;src/gga_x_g96.c;src/gga_x_gg99.c;src/gga_x_hcth_a.c;src/gga_x_hjs.c;src/gga_x_hjs_b88_v2.c;src/gga_x_htbs.c;src/gga_x_ityh.c;src/gga_x_ityh_optx.c;src/gga_x_ityh_pbe.c;src/gga_x_kt.c;src/gga_x_lag.c;src/gga_x_lb.c;src/gga_x_lg93.c;src/gga_x_lspbe.c;src/gga_x_lsrpbe.c;src/gga_x_lv_rpw86.c;src/gga_x_mpbe.c;src/gga_x_n12.c;src/gga_x_ncap.c;src/gga_x_optx.c;src/gga_x_pbe.c;src/gga_x_pbea.c;src/gga_x_pbeint.c;src/gga_x_pbepow.c;src/gga_x_pbetrans.c;src/gga_x_pw86.c;src/gga_x_pw91.c;src/gga_x_q1d.c;src/gga_x_q2d.c;src/gga_x_rge2.c;src/gga_x_rpbe.c;src/gga_x_s12.c;src/gga_x_sfat.c;src/gga_x_sfat_pbe.c;src/gga_x_sg4.c;src/gga_x_sogga11.c;src/gga_x_ssb_sw.c;src/gga_x_vmt.c;src/gga_x_vmt84.c;src/gga_x_wc.c;src/gga_x_wpbeh.c;src/gga_x_fd_lb94.c;src/gga_xc_1w.c;src/gga_xc_b97.c;src/gga_xc_edf1.c;src/gga_xc_oblyp_d.c;src/gga_xc_th1.c;src/gga_xc_th2.c;src/gga_xc_th3.c;src/gga_xc_vv10.c;src/gga_k_lgap.c;src/gga_k_lgap_ge.c;src/gga_c_ccdf.c;src/hyb_gga_xc_b1wc.c;src/hyb_gga_xc_b3lyp.c;src/hyb_gga_xc_cam_b3lyp.c;src/hyb_gga_xc_camy_b3lyp.c;src/hyb_gga_xc_camy_blyp.c;src/hyb_gga_xc_edf2.c;src/hyb_gga_xc_hse.c;src/hyb_gga_xc_lc_blyp.c;src/hyb_gga_xc_lcy_blyp.c;src/hyb_gga_xc_lcy_pbe.c;src/hyb_gga_xc_o3lyp.c;src/hyb_gga_xc_pbeh.c;src/hyb_gga_xc_wb97.c;src/hyb_lda_xc_cam_lda0.c;src/hyb_lda_xc_bn05.c;src/hyb_mgga_x_dldf.c;src/hyb_mgga_x_m05.c;src/hyb_mgga_x_mvsh.c;src/hyb_mgga_xc_b88b95.c;src/hyb_mgga_xc_kcis.c;src/hyb_mgga_xc_tpssh.c;src/hyb_mgga_xc_wb97mv.c;src/hyb_mgga_x_js18.c;src/hyb_mgga_x_pjs18.c;src/hyb_gga_xc_cam_o3lyp.c;src/hyb_gga_x_cam_s12.c;src/hyb_gga_xc_case21.c;src/hyb_mgga_xc_gas22.c;src/integrate.c;src/lda.c;src/lda_c_1d_csc.c;src/lda_c_1d_loos.c;src/lda_c_2d_amgb.c;src/lda_c_2d_prm.c;src/lda_c_chachiyo.c;src/lda_c_chachiyo_mod.c;src/lda_c_gombas.c;src/lda_c_hl.c;src/lda_c_lp96.c;src/lda_c_ml1.c;src/lda_c_pk09.c;src/lda_c_pw.c;src/lda_c_pz.c;src/lda_c_rc04.c;src/lda_c_rpa.c;src/lda_c_vwn.c;src/lda_c_vwn_1.c;src/lda_c_vwn_2.c;src/lda_c_vwn_3.c;src/lda_c_vwn_4.c;src/lda_c_vwn_rpa.c;src/lda_c_wigner.c;src/lda_c_gk72.c;src/lda_c_w20.c;src/lda_k_tf.c;src/lda_k_zlp.c;src/lda_k_gds08_worker.c;src/lda_x.c;src/lda_x_1d_soft.c;src/lda_x_1d_exponential.c;src/lda_x_2d.c;src/lda_x_erf.c;src/lda_x_rel.c;src/lda_xc_1d_ehwlrg.c;src/lda_xc_ksdt.c;src/lda_xc_teter93.c;src/lda_xc_zlp.c;src/lda_c_pmgb06.c;src/lda_xc_tih.c;src/lda_x_sloc.c;src/lda_x_yukawa.c;src/mgga.c;src/mgga_c_b88.c;src/mgga_c_b94.c;src/mgga_c_bc95.c;src/mgga_c_cs.c;src/mgga_c_kcis.c;src/mgga_c_kcisk.c;src/mgga_xc_lp90.c;src/mgga_c_m05.c;src/mgga_c_m06l.c;src/mgga_c_m08.c;src/mgga_c_pkzb.c;src/mgga_c_revscan.c;src/mgga_c_revtpss.c;src/mgga_c_rscan.c;src/mgga_c_scan.c;src/mgga_c_scanl.c;src/mgga_c_tpss.c;src/mgga_c_tpssloc.c;src/mgga_c_vsxc.c;src/mgga_c_cc.c;src/mgga_c_ccalda.c;src/mgga_k_pc07.c;src/mgga_k_csk.c;src/mgga_k_csk_loc.c;src/mgga_k_pgslb.c;src/mgga_x_2d_prhg07.c;src/mgga_x_2d_prp10.c;src/mgga_x_br89.c;src/mgga_x_br89_explicit.c;src/mgga_x_tb09.c;src/mgga_x_gvt4.c;src/mgga_x_gx.c;src/mgga_x_jk.c;src/mgga_x_lta.c;src/mgga_x_m06l.c;src/mgga_x_m08.c;src/mgga_x_m11.c;src/mgga_x_m11_l.c;src/mgga_x_mbeef.c;src/mgga_x_mbeefvdw.c;src/mgga_x_mn12.c;src/mgga_x_ms.c;src/mgga_x_msb.c;src/mgga_x_mvs.c;src/mgga_x_mvsb.c;src/mgga_x_pbe_gx.c;src/mgga_x_pkzb.c;src/mgga_x_rscan.c;src/mgga_x_sa_tpss.c;src/mgga_x_scan.c;src/mgga_x_scanl.c;src/mgga_x_tau_hcth.c;src/mgga_x_tm.c;src/mgga_x_regtm.c;src/mgga_x_revtm.c;src/mgga_x_tpss.c;src/mgga_x_regtpss.c;src/mgga_x_vt84.c;src/mgga_x_rtpss.c;src/mgga_xc_b97mv.c;src/mgga_xc_cc06.c;src/mgga_xc_hle17.c;src/mgga_xc_otpss_d.c;src/mgga_xc_zlp.c;src/mgga_xc_b98.c;src/mgga_x_2d_js17.c;src/mgga_x_edmgga.c;src/mgga_x_gdme.c;src/mgga_x_rlda.c;src/mgga_x_scanl.c;src/mgga_c_scanl.c;src/mgga_x_mbrxh_bg.c;src/mgga_x_mbrxc_bg.c;src/mgga_x_task.c;src/mgga_x_mggac.c;src/mgga_x_th.c;src/mgga_x_mbr.c;src/mgga_c_ltapw.c;src/mgga_x_r2scan.c;src/mgga_c_r2scan.c;src/mgga_k_lk.c;src/mgga_k_rda.c;src/mgga_k_gea2.c;src/mgga_k_gea4.c;src/mgga_x_r2scanl.c;src/mgga_c_r2scanl.c;src/mgga_c_rregtm.c;src/mgga_x_mcml.c;src/mgga_c_rmggac.c;src/mgga_x_rppscan.c;src/mgga_c_rppscan.c;src/mgga_x_r4scan.c;src/mgga_x_ft98.c;src/hyb_mgga_xc_br3p86.c;src/mgga_x_vcml.c;src/hyb_mgga_xc_r2scan.c;src/mix_func.c;src/deorbitalize_func.c;src/references.c;src/special_functions.c;src/math_brent.c;src/util.c;src/version.c
--   SOURCE_DIR = /scr/studyztp/experiments/lsms/nugget-protocol-lsms/cbuild/external/libxc-6.1.0
--   SOURCE_DIR = /scr/studyztp/experiments/lsms/nugget-protocol-lsms/cbuild/external/libxc-6.1.0
--   SOVERSION = 12
--   TYPE = STATIC_LIBRARY
--   TYPE = STATIC_LIBRARY
--   UNITY_BUILD_BATCH_SIZE = 8
--   UNITY_BUILD_MODE = BATCH
-- End of properties for 'libxc::libxc'
-- creating for lsms_ir_bb_analysis_exe
-- If EXTRACT_HOOK: 
-- GLOBAL_INCLUDES: -I/scr/studyztp/experiments/lsms/nugget-protocol-lsms/lsms/src;-I/scr/studyztp/experiments/lsms/nugget-protocol-lsms/lsms/src/Accelerator;-I/scr/studyztp/experiments/lsms/nugget-protocol-lsms/lsms/src/Communication;-I/scr/studyztp/experiments/lsms/nugget-protocol-lsms/lsms/src/Core;-I/scr/studyztp/experiments/lsms/nugget-protocol-lsms/lsms/src/Kubo;-I/scr/studyztp/experiments/lsms/nugget-protocol-lsms/lsms/src/ChargeDensity;-I/scr/studyztp/experiments/lsms/nugget-protocol-lsms/lsms/src/LuaInterface;-I/scr/studyztp/experiments/lsms/nugget-protocol-lsms/lsms/src/Main;-I/scr/studyztp/experiments/lsms/nugget-protocol-lsms/lsms/src/Madelung;-I/scr/studyztp/experiments/lsms/nugget-protocol-lsms/lsms/src/MultipoleMadelung;-I/scr/studyztp/experiments/lsms/nugget-protocol-lsms/lsms/src/Mixer;-I/scr/studyztp/experiments/lsms/nugget-protocol-lsms/lsms/src/Misc;-I/scr/studyztp/experiments/lsms/nugget-protocol-lsms/lsms/src/MultipleScattering;-I/scr/studyztp/experiments/lsms/nugget-protocol-lsms/lsms/src/Potential;-I/scr/studyztp/experiments/lsms/nugget-protocol-lsms/lsms/src/RadialGrid;-I/scr/studyztp/experiments/lsms/nugget-protocol-lsms/lsms/src/SingleSite;-I/scr/studyztp/experiments/lsms/nugget-protocol-lsms/lsms/src/TotalEnergy;-I/scr/studyztp/experiments/lsms/nugget-protocol-lsms/lsms/src/VORPOL;-I/scr/studyztp/experiments/lsms/nugget-protocol-lsms/lsms/include;-I/scr/studyztp/experiments/lsms/nugget-protocol-lsms/cbuild/_deps/fmt-src/include;-Iinclude;-I/scr/studyztp/experiments/lsms/nugget-protocol-lsms/lsms/external/lua-5.2.4/src;-I/usr/include;-I/scr/studyztp/experiments/lsms/nugget-protocol-lsms/lsms/external/mjson/;-I/scr/studyztp/experiments/lsms/nugget-protocol-lsms/cbuild/external/libxc-6.1.0/src;-I/scr/studyztp/experiments/lsms/nugget-protocol-lsms/cbuild/external/libxc-build/src;-I/scr/studyztp/experiments/lsms/nugget-protocol-lsms/cbuild/external/libxc-build
-- GLOBAL_DEFINITION: -DMST_LINEAR_SOLVER_DEFAULT=0x0005;-DMST_BUILD_KKR_MATRIX_DEFAULT=0x1000;-DUSE_LIBXC;-DHAS_BACKTRACE;-DLUA_USE_LINUX;-DUSING_Libxc
-- GLOBAL_COMPILE_OPTIONS: 
-- GLOBAL_COMPILE_FLAGS: 
-- GLOBAL_C_FLAGS: -std=c11;-std=c99
-- GLOBAL_CXX_FLAGS: -O3;-mtune=native;-mcpu=native;-std=c++17
-- GLOBAL_Fortran_FLAGS: -O3;-mcpu=native
-- GLOBAL_LIB_LINKING_LIB_PATHS: 
-- GLOBAL_LIB_LINKING_LIBS: /usr/lib/gcc/aarch64-linux-gnu/13/libgomp.so;/usr/lib/aarch64-linux-gnu/libpthread.a;/usr/lib/aarch64-linux-gnu/hdf5/serial/libhdf5.so;/usr/lib/aarch64-linux-gnu/libcrypto.so;/usr/lib/aarch64-linux-gnu/libcurl.so;/usr/lib/aarch64-linux-gnu/libsz.so;/usr/lib/aarch64-linux-gnu/libz.so;/usr/lib/aarch64-linux-gnu/libdl.a;/usr/lib/aarch64-linux-gnu/libm.so;/usr/lib/aarch64-linux-gnu/liblapack.so;/usr/lib/aarch64-linux-gnu/libblas.so
-- GLOBAL_LIB_INCLUDES: -I/usr/include/hdf5/serial
-- GLOBAL_LIB_OPTIONS: -fopenmp
-- temp_library_target_list: Threads::Threads;OpenMP::OpenMP_CXX;MPI::MPI_CXX;HDF5::HDF5;LAPACK::LAPACK;BLAS::BLAS
-- GLOBAL_INCLUDES: -I/scr/studyztp/experiments/lsms/nugget-protocol-lsms/lsms/src;-I/scr/studyztp/experiments/lsms/nugget-protocol-lsms/lsms/src/Accelerator;-I/scr/studyztp/experiments/lsms/nugget-protocol-lsms/lsms/src/Communication;-I/scr/studyztp/experiments/lsms/nugget-protocol-lsms/lsms/src/Core;-I/scr/studyztp/experiments/lsms/nugget-protocol-lsms/lsms/src/Kubo;-I/scr/studyztp/experiments/lsms/nugget-protocol-lsms/lsms/src/ChargeDensity;-I/scr/studyztp/experiments/lsms/nugget-protocol-lsms/lsms/src/LuaInterface;-I/scr/studyztp/experiments/lsms/nugget-protocol-lsms/lsms/src/Main;-I/scr/studyztp/experiments/lsms/nugget-protocol-lsms/lsms/src/Madelung;-I/scr/studyztp/experiments/lsms/nugget-protocol-lsms/lsms/src/MultipoleMadelung;-I/scr/studyztp/experiments/lsms/nugget-protocol-lsms/lsms/src/Mixer;-I/scr/studyztp/experiments/lsms/nugget-protocol-lsms/lsms/src/Misc;-I/scr/studyztp/experiments/lsms/nugget-protocol-lsms/lsms/src/MultipleScattering;-I/scr/studyztp/experiments/lsms/nugget-protocol-lsms/lsms/src/Potential;-I/scr/studyztp/experiments/lsms/nugget-protocol-lsms/lsms/src/RadialGrid;-I/scr/studyztp/experiments/lsms/nugget-protocol-lsms/lsms/src/SingleSite;-I/scr/studyztp/experiments/lsms/nugget-protocol-lsms/lsms/src/TotalEnergy;-I/scr/studyztp/experiments/lsms/nugget-protocol-lsms/lsms/src/VORPOL;-I/scr/studyztp/experiments/lsms/nugget-protocol-lsms/lsms/include;-I/scr/studyztp/experiments/lsms/nugget-protocol-lsms/cbuild/_deps/fmt-src/include;-Iinclude;-I/scr/studyztp/experiments/lsms/nugget-protocol-lsms/lsms/external/lua-5.2.4/src;-I/usr/include;-I/scr/studyztp/experiments/lsms/nugget-protocol-lsms/lsms/external/mjson/;-I/scr/studyztp/experiments/lsms/nugget-protocol-lsms/cbuild/external/libxc-6.1.0/src;-I/scr/studyztp/experiments/lsms/nugget-protocol-lsms/cbuild/external/libxc-build/src;-I/scr/studyztp/experiments/lsms/nugget-protocol-lsms/cbuild/external/libxc-build
-- GLOBAL_DEFINITION: -DMST_LINEAR_SOLVER_DEFAULT=0x0005;-DMST_BUILD_KKR_MATRIX_DEFAULT=0x1000;-DUSE_LIBXC;-DHAS_BACKTRACE;-DLUA_USE_LINUX;-DUSING_Libxc
-- GLOBAL_COMPILE_OPTIONS: 
-- GLOBAL_COMPILE_FLAGS: 
-- GLOBAL_C_FLAGS: -std=c11;-std=c99
-- GLOBAL_CXX_FLAGS: -O3;-mtune=native;-mcpu=native;-std=c++17
-- GLOBAL_Fortran_FLAGS: -O3;-mcpu=native
-- GLOBAL_LIB_LINKING_LIB_PATHS: 
-- GLOBAL_LIB_LINKING_LIBS: /usr/lib/gcc/aarch64-linux-gnu/13/libgomp.so;/usr/lib/aarch64-linux-gnu/libpthread.a;/usr/lib/aarch64-linux-gnu/hdf5/serial/libhdf5.so;/usr/lib/aarch64-linux-gnu/libcrypto.so;/usr/lib/aarch64-linux-gnu/libcurl.so;/usr/lib/aarch64-linux-gnu/libsz.so;/usr/lib/aarch64-linux-gnu/libz.so;/usr/lib/aarch64-linux-gnu/libdl.a;/usr/lib/aarch64-linux-gnu/libm.so;/usr/lib/aarch64-linux-gnu/liblapack.so;/usr/lib/aarch64-linux-gnu/libblas.so
-- GLOBAL_LIB_INCLUDES: -I/usr/include/hdf5/serial
-- GLOBAL_LIB_OPTIONS: -fopenmp
-- Configuring done (8.5s)
-- Generating done (0.3s)
-- Build files have been written to: /scr/studyztp/experiments/lsms/nugget-protocol-lsms/cbuild
