Traceback (most recent call last):
  File "/home/studyztp/.local/bin/cmake", line 5, in <module>
    from cmake import cmake
ModuleNotFoundError: No module named 'cmake'
CMake Deprecation Warning at /scr/studyztp/experiments/lsms/nugget-protocol-lsms/cbuild/external/libxc-6.1.0/CMakeLists.txt:10 (cmake_minimum_required):
  Compatibility with CMake < 3.5 will be removed from a future version of
  CMake.

  Update the VERSION argument <min> value or use a ...<max> suffix to tell
  CMake that the project does not need compatibility with older versions.


Test program linked with -m
CMake Warning at /scr/studyztp/experiments/lsms/nugget-protocol-lsms/nugget_util/cmake/my-llvm-ir-cmake-lib/LLVMIRUtil.cmake:328 (message):
  Flag -mtune=native is not supported by the LLVM Flang
Call Stack (most recent call first):
  /scr/studyztp/experiments/lsms/nugget-protocol-lsms/nugget_util/cmake/Nugget.cmake:56 (llvm_generate_ir_target)
  CMakeLists.txt:362 (nugget_bbv_profiling_bc)


CMake Warning at /scr/studyztp/experiments/lsms/nugget-protocol-lsms/nugget_util/cmake/my-llvm-ir-cmake-lib/LLVMIRUtilInternal.cmake:482 (message):
  Library dl is not a target.
Call Stack (most recent call first):
  /scr/studyztp/experiments/lsms/nugget-protocol-lsms/nugget_util/cmake/my-llvm-ir-cmake-lib/LLVMIRUtil.cmake:198 (llvmir_extract_library_linking)
  /scr/studyztp/experiments/lsms/nugget-protocol-lsms/nugget_util/cmake/Nugget.cmake:65 (llvm_generate_ir_target)
  CMakeLists.txt:362 (nugget_bbv_profiling_bc)


CMake Warning at /scr/studyztp/experiments/lsms/nugget-protocol-lsms/nugget_util/cmake/my-llvm-ir-cmake-lib/LLVMIRUtilInternal.cmake:482 (message):
  Library /usr/lib/aarch64-linux-gnu/libreadline.so is not a target.
Call Stack (most recent call first):
  /scr/studyztp/experiments/lsms/nugget-protocol-lsms/nugget_util/cmake/my-llvm-ir-cmake-lib/LLVMIRUtil.cmake:198 (llvmir_extract_library_linking)
  /scr/studyztp/experiments/lsms/nugget-protocol-lsms/nugget_util/cmake/Nugget.cmake:65 (llvm_generate_ir_target)
  CMakeLists.txt:362 (nugget_bbv_profiling_bc)


CMake Warning at /scr/studyztp/experiments/lsms/nugget-protocol-lsms/nugget_util/cmake/my-llvm-ir-cmake-lib/LLVMIRUtilInternal.cmake:511 (message):
  Library dl is not a target.
Call Stack (most recent call first):
  /scr/studyztp/experiments/lsms/nugget-protocol-lsms/nugget_util/cmake/my-llvm-ir-cmake-lib/LLVMIRUtil.cmake:201 (llvmir_extract_library_compile_option)
  /scr/studyztp/experiments/lsms/nugget-protocol-lsms/nugget_util/cmake/Nugget.cmake:65 (llvm_generate_ir_target)
  CMakeLists.txt:362 (nugget_bbv_profiling_bc)


CMake Warning at /scr/studyztp/experiments/lsms/nugget-protocol-lsms/nugget_util/cmake/my-llvm-ir-cmake-lib/LLVMIRUtilInternal.cmake:511 (message):
  Library /usr/lib/aarch64-linux-gnu/libreadline.so is not a target.
Call Stack (most recent call first):
  /scr/studyztp/experiments/lsms/nugget-protocol-lsms/nugget_util/cmake/my-llvm-ir-cmake-lib/LLVMIRUtil.cmake:201 (llvmir_extract_library_compile_option)
  /scr/studyztp/experiments/lsms/nugget-protocol-lsms/nugget_util/cmake/Nugget.cmake:65 (llvm_generate_ir_target)
  CMakeLists.txt:362 (nugget_bbv_profiling_bc)


CMake Warning at /scr/studyztp/experiments/lsms/nugget-protocol-lsms/nugget_util/cmake/my-llvm-ir-cmake-lib/LLVMIRUtilInternal.cmake:434 (message):
  Library dl is not a target.
Call Stack (most recent call first):
  /scr/studyztp/experiments/lsms/nugget-protocol-lsms/nugget_util/cmake/my-llvm-ir-cmake-lib/LLVMIRUtil.cmake:203 (llvmir_extract_library_include)
  /scr/studyztp/experiments/lsms/nugget-protocol-lsms/nugget_util/cmake/Nugget.cmake:65 (llvm_generate_ir_target)
  CMakeLists.txt:362 (nugget_bbv_profiling_bc)


CMake Warning at /scr/studyztp/experiments/lsms/nugget-protocol-lsms/nugget_util/cmake/my-llvm-ir-cmake-lib/LLVMIRUtilInternal.cmake:434 (message):
  Library /usr/lib/aarch64-linux-gnu/libreadline.so is not a target.
Call Stack (most recent call first):
  /scr/studyztp/experiments/lsms/nugget-protocol-lsms/nugget_util/cmake/my-llvm-ir-cmake-lib/LLVMIRUtil.cmake:203 (llvmir_extract_library_include)
  /scr/studyztp/experiments/lsms/nugget-protocol-lsms/nugget_util/cmake/Nugget.cmake:65 (llvm_generate_ir_target)
  CMakeLists.txt:362 (nugget_bbv_profiling_bc)


CMake Warning at /scr/studyztp/experiments/lsms/nugget-protocol-lsms/nugget_util/cmake/my-llvm-ir-cmake-lib/LLVMIRUtilInternal.cmake:473 (message):
  Library BLAS::BLAS does not exists.
Call Stack (most recent call first):
  /scr/studyztp/experiments/lsms/nugget-protocol-lsms/nugget_util/cmake/my-llvm-ir-cmake-lib/LLVMIRUtil.cmake:198 (llvmir_extract_library_linking)
  /scr/studyztp/experiments/lsms/nugget-protocol-lsms/nugget_util/cmake/Nugget.cmake:65 (llvm_generate_ir_target)
  CMakeLists.txt:362 (nugget_bbv_profiling_bc)


CMake Warning at /scr/studyztp/experiments/lsms/nugget-protocol-lsms/nugget_util/cmake/my-llvm-ir-cmake-lib/LLVMIRUtilInternal.cmake:482 (message):
  Library dl is not a target.
Call Stack (most recent call first):
  /scr/studyztp/experiments/lsms/nugget-protocol-lsms/nugget_util/cmake/my-llvm-ir-cmake-lib/LLVMIRUtil.cmake:198 (llvmir_extract_library_linking)
  /scr/studyztp/experiments/lsms/nugget-protocol-lsms/nugget_util/cmake/Nugget.cmake:65 (llvm_generate_ir_target)
  CMakeLists.txt:362 (nugget_bbv_profiling_bc)


CMake Warning at /scr/studyztp/experiments/lsms/nugget-protocol-lsms/nugget_util/cmake/my-llvm-ir-cmake-lib/LLVMIRUtilInternal.cmake:504 (message):
  The compile language is a generator.  The compile option -fopenmp is added
  to compile options.
Call Stack (most recent call first):
  /scr/studyztp/experiments/lsms/nugget-protocol-lsms/nugget_util/cmake/my-llvm-ir-cmake-lib/LLVMIRUtil.cmake:201 (llvmir_extract_library_compile_option)
  /scr/studyztp/experiments/lsms/nugget-protocol-lsms/nugget_util/cmake/Nugget.cmake:65 (llvm_generate_ir_target)
  CMakeLists.txt:362 (nugget_bbv_profiling_bc)


CMake Warning at /scr/studyztp/experiments/lsms/nugget-protocol-lsms/nugget_util/cmake/my-llvm-ir-cmake-lib/LLVMIRUtilInternal.cmake:511 (message):
  Library dl is not a target.
Call Stack (most recent call first):
  /scr/studyztp/experiments/lsms/nugget-protocol-lsms/nugget_util/cmake/my-llvm-ir-cmake-lib/LLVMIRUtil.cmake:201 (llvmir_extract_library_compile_option)
  /scr/studyztp/experiments/lsms/nugget-protocol-lsms/nugget_util/cmake/Nugget.cmake:65 (llvm_generate_ir_target)
  CMakeLists.txt:362 (nugget_bbv_profiling_bc)


CMake Warning at /scr/studyztp/experiments/lsms/nugget-protocol-lsms/nugget_util/cmake/my-llvm-ir-cmake-lib/LLVMIRUtilInternal.cmake:434 (message):
  Library dl is not a target.
Call Stack (most recent call first):
  /scr/studyztp/experiments/lsms/nugget-protocol-lsms/nugget_util/cmake/my-llvm-ir-cmake-lib/LLVMIRUtil.cmake:203 (llvmir_extract_library_include)
  /scr/studyztp/experiments/lsms/nugget-protocol-lsms/nugget_util/cmake/Nugget.cmake:65 (llvm_generate_ir_target)
  CMakeLists.txt:362 (nugget_bbv_profiling_bc)


CMake Warning at /scr/studyztp/experiments/lsms/nugget-protocol-lsms/nugget_util/cmake/my-llvm-ir-cmake-lib/LLVMIRUtil.cmake:328 (message):
  Flag -mtune=native is not supported by the LLVM Flang
Call Stack (most recent call first):
  /scr/studyztp/experiments/lsms/nugget-protocol-lsms/nugget_util/cmake/Nugget.cmake:65 (llvm_generate_ir_target)
  CMakeLists.txt:362 (nugget_bbv_profiling_bc)


