CMake Deprecation Warning at /scr/studyztp/experiments/lsms/nugget-protocol-lsms/cbuild/external/libxc-6.1.0/CMakeLists.txt:10 (cmake_minimum_required):
  Compatibility with CMake < 3.5 will be removed from a future version of
  CMake.

  Update the VERSION argument <min> value or use a ...<max> suffix to tell
  CMake that the project does not need compatibility with older versions.


Test program linked with -m
CMake Error at /scr/studyztp/experiments/lsms/nugget-protocol-lsms/experiments/ir-bb-analysis/cmake/ir-bb-analysis-exe.cmake:26 (message):
  Analysis BC file not found:
  /scr/studyztp/experiments/lsms/nugget-protocol-lsms/cbuild/llvm-bc/lsms_ir_bb_analysis_bc/lsms_ir_bb_analysis_bc.bc
Call Stack (most recent call first):
  CMakeLists.txt:328 (include)


CMake Warning at /scr/studyztp/experiments/lsms/nugget-protocol-lsms/nugget_util/cmake/my-llvm-ir-cmake-lib/LLVMIRUtilInternal.cmake:473 (message):
  Library BLAS::BLAS does not exists.
Call Stack (most recent call first):
  /scr/studyztp/experiments/lsms/nugget-protocol-lsms/nugget_util/cmake/my-llvm-ir-cmake-lib/LLVMIRUtil.cmake:1467 (llvmir_extract_library_linking)
  /scr/studyztp/experiments/lsms/nugget-protocol-lsms/nugget_util/cmake/Nugget.cmake:301 (create_bc_target_without_rebuild)
  CMakeLists.txt:376 (nugget_compile_exe)


CMake Warning at /scr/studyztp/experiments/lsms/nugget-protocol-lsms/nugget_util/cmake/my-llvm-ir-cmake-lib/LLVMIRUtilInternal.cmake:482 (message):
  Library dl is not a target.
Call Stack (most recent call first):
  /scr/studyztp/experiments/lsms/nugget-protocol-lsms/nugget_util/cmake/my-llvm-ir-cmake-lib/LLVMIRUtil.cmake:1467 (llvmir_extract_library_linking)
  /scr/studyztp/experiments/lsms/nugget-protocol-lsms/nugget_util/cmake/Nugget.cmake:301 (create_bc_target_without_rebuild)
  CMakeLists.txt:376 (nugget_compile_exe)


CMake Warning at /scr/studyztp/experiments/lsms/nugget-protocol-lsms/nugget_util/cmake/my-llvm-ir-cmake-lib/LLVMIRUtilInternal.cmake:504 (message):
  The compile language is a generator.  The compile option -fopenmp is added
  to compile options.
Call Stack (most recent call first):
  /scr/studyztp/experiments/lsms/nugget-protocol-lsms/nugget_util/cmake/my-llvm-ir-cmake-lib/LLVMIRUtil.cmake:1470 (llvmir_extract_library_compile_option)
  /scr/studyztp/experiments/lsms/nugget-protocol-lsms/nugget_util/cmake/Nugget.cmake:301 (create_bc_target_without_rebuild)
  CMakeLists.txt:376 (nugget_compile_exe)


CMake Warning at /scr/studyztp/experiments/lsms/nugget-protocol-lsms/nugget_util/cmake/my-llvm-ir-cmake-lib/LLVMIRUtilInternal.cmake:511 (message):
  Library dl is not a target.
Call Stack (most recent call first):
  /scr/studyztp/experiments/lsms/nugget-protocol-lsms/nugget_util/cmake/my-llvm-ir-cmake-lib/LLVMIRUtil.cmake:1470 (llvmir_extract_library_compile_option)
  /scr/studyztp/experiments/lsms/nugget-protocol-lsms/nugget_util/cmake/Nugget.cmake:301 (create_bc_target_without_rebuild)
  CMakeLists.txt:376 (nugget_compile_exe)


CMake Warning at /scr/studyztp/experiments/lsms/nugget-protocol-lsms/nugget_util/cmake/my-llvm-ir-cmake-lib/LLVMIRUtilInternal.cmake:434 (message):
  Library dl is not a target.
Call Stack (most recent call first):
  /scr/studyztp/experiments/lsms/nugget-protocol-lsms/nugget_util/cmake/my-llvm-ir-cmake-lib/LLVMIRUtil.cmake:1472 (llvmir_extract_library_include)
  /scr/studyztp/experiments/lsms/nugget-protocol-lsms/nugget_util/cmake/Nugget.cmake:301 (create_bc_target_without_rebuild)
  CMakeLists.txt:376 (nugget_compile_exe)


CMake Warning at /scr/studyztp/experiments/lsms/nugget-protocol-lsms/nugget_util/cmake/my-llvm-ir-cmake-lib/LLVMIRUtil.cmake:1597 (message):
  Flag -mtune=native is not supported by the LLVM Flang
Call Stack (most recent call first):
  /scr/studyztp/experiments/lsms/nugget-protocol-lsms/nugget_util/cmake/Nugget.cmake:301 (create_bc_target_without_rebuild)
  CMakeLists.txt:376 (nugget_compile_exe)


CMake Error at /scr/studyztp/experiments/lsms/nugget-protocol-lsms/nugget_util/cmake/my-llvm-ir-cmake-lib/LLVMIRUtil.cmake:925 (message):
  llvm_compile_executable: missing DEPEND_TARGETS option
Call Stack (most recent call first):
  /scr/studyztp/experiments/lsms/nugget-protocol-lsms/nugget_util/cmake/Nugget.cmake:361 (llvm_compile_into_executable_target)
  CMakeLists.txt:376 (nugget_compile_exe)


CMake Warning at /scr/studyztp/experiments/lsms/nugget-protocol-lsms/nugget_util/cmake/my-llvm-ir-cmake-lib/LLVMIRUtilInternal.cmake:473 (message):
  Library BLAS::BLAS does not exists.
Call Stack (most recent call first):
  /scr/studyztp/experiments/lsms/nugget-protocol-lsms/nugget_util/cmake/my-llvm-ir-cmake-lib/LLVMIRUtil.cmake:1467 (llvmir_extract_library_linking)
  /scr/studyztp/experiments/lsms/nugget-protocol-lsms/nugget_util/cmake/Nugget.cmake:301 (create_bc_target_without_rebuild)
  CMakeLists.txt:376 (nugget_compile_exe)


CMake Warning at /scr/studyztp/experiments/lsms/nugget-protocol-lsms/nugget_util/cmake/my-llvm-ir-cmake-lib/LLVMIRUtilInternal.cmake:482 (message):
  Library dl is not a target.
Call Stack (most recent call first):
  /scr/studyztp/experiments/lsms/nugget-protocol-lsms/nugget_util/cmake/my-llvm-ir-cmake-lib/LLVMIRUtil.cmake:1467 (llvmir_extract_library_linking)
  /scr/studyztp/experiments/lsms/nugget-protocol-lsms/nugget_util/cmake/Nugget.cmake:301 (create_bc_target_without_rebuild)
  CMakeLists.txt:376 (nugget_compile_exe)


CMake Warning at /scr/studyztp/experiments/lsms/nugget-protocol-lsms/nugget_util/cmake/my-llvm-ir-cmake-lib/LLVMIRUtilInternal.cmake:504 (message):
  The compile language is a generator.  The compile option -fopenmp is added
  to compile options.
Call Stack (most recent call first):
  /scr/studyztp/experiments/lsms/nugget-protocol-lsms/nugget_util/cmake/my-llvm-ir-cmake-lib/LLVMIRUtil.cmake:1470 (llvmir_extract_library_compile_option)
  /scr/studyztp/experiments/lsms/nugget-protocol-lsms/nugget_util/cmake/Nugget.cmake:301 (create_bc_target_without_rebuild)
  CMakeLists.txt:376 (nugget_compile_exe)


CMake Warning at /scr/studyztp/experiments/lsms/nugget-protocol-lsms/nugget_util/cmake/my-llvm-ir-cmake-lib/LLVMIRUtilInternal.cmake:511 (message):
  Library dl is not a target.
Call Stack (most recent call first):
  /scr/studyztp/experiments/lsms/nugget-protocol-lsms/nugget_util/cmake/my-llvm-ir-cmake-lib/LLVMIRUtil.cmake:1470 (llvmir_extract_library_compile_option)
  /scr/studyztp/experiments/lsms/nugget-protocol-lsms/nugget_util/cmake/Nugget.cmake:301 (create_bc_target_without_rebuild)
  CMakeLists.txt:376 (nugget_compile_exe)


CMake Warning at /scr/studyztp/experiments/lsms/nugget-protocol-lsms/nugget_util/cmake/my-llvm-ir-cmake-lib/LLVMIRUtilInternal.cmake:434 (message):
  Library dl is not a target.
Call Stack (most recent call first):
  /scr/studyztp/experiments/lsms/nugget-protocol-lsms/nugget_util/cmake/my-llvm-ir-cmake-lib/LLVMIRUtil.cmake:1472 (llvmir_extract_library_include)
  /scr/studyztp/experiments/lsms/nugget-protocol-lsms/nugget_util/cmake/Nugget.cmake:301 (create_bc_target_without_rebuild)
  CMakeLists.txt:376 (nugget_compile_exe)


CMake Warning at /scr/studyztp/experiments/lsms/nugget-protocol-lsms/nugget_util/cmake/my-llvm-ir-cmake-lib/LLVMIRUtil.cmake:1597 (message):
  Flag -mtune=native is not supported by the LLVM Flang
Call Stack (most recent call first):
  /scr/studyztp/experiments/lsms/nugget-protocol-lsms/nugget_util/cmake/Nugget.cmake:301 (create_bc_target_without_rebuild)
  CMakeLists.txt:376 (nugget_compile_exe)


