'+"+fp-armv8' is not a recognized feature for this target (ignoring feature)
'+crypto"' is not a recognized feature for this target (ignoring feature)
'+"+fp-armv8' is not a recognized feature for this target (ignoring feature)
'+crypto"' is not a recognized feature for this target (ignoring feature)
'+"+fp-armv8' is not a recognized feature for this target (ignoring feature)
'+crypto"' is not a recognized feature for this target (ignoring feature)
'+"+fp-armv8' is not a recognized feature for this target (ignoring feature)
'+crypto"' is not a recognized feature for this target (ignoring feature)
'+"+fp-armv8' is not a recognized feature for this target (ignoring feature)
'+crypto"' is not a recognized feature for this target (ignoring feature)
'+"+fp-armv8' is not a recognized feature for this target (ignoring feature)
'+crypto"' is not a recognized feature for this target (ignoring feature)
'+"+fp-armv8' is not a recognized feature for this target (ignoring feature)
'+crypto"' is not a recognized feature for this target (ignoring feature)
'+"+fp-armv8' is not a recognized feature for this target (ignoring feature)
'+crypto"' is not a recognized feature for this target (ignoring feature)
'+"+fp-armv8' is not a recognized feature for this target (ignoring feature)
'+crypto"' is not a recognized feature for this target (ignoring feature)
'+"+fp-armv8' is not a recognized feature for this target (ignoring feature)
'+crypto"' is not a recognized feature for this target (ignoring feature)
'+"+fp-armv8' is not a recognized feature for this target (ignoring feature)
'+crypto"' is not a recognized feature for this target (ignoring feature)
'+"+fp-armv8' is not a recognized feature for this target (ignoring feature)
'+crypto"' is not a recognized feature for this target (ignoring feature)
'+"+fp-armv8' is not a recognized feature for this target (ignoring feature)
'+crypto"' is not a recognized feature for this target (ignoring feature)
'+"+fp-armv8' is not a recognized feature for this target (ignoring feature)
'+crypto"' is not a recognized feature for this target (ignoring feature)
'+"+fp-armv8' is not a recognized feature for this target (ignoring feature)
'+crypto"' is not a recognized feature for this target (ignoring feature)
'+"+fp-armv8' is not a recognized feature for this target (ignoring feature)
'+crypto"' is not a recognized feature for this target (ignoring feature)
'+"+fp-armv8' is not a recognized feature for this target (ignoring feature)
'+crypto"' is not a recognized feature for this target (ignoring feature)
'+"+fp-armv8' is not a recognized feature for this target (ignoring feature)
'+crypto"' is not a recognized feature for this target (ignoring feature)
'+"+fp-armv8' is not a recognized feature for this target (ignoring feature)
'+crypto"' is not a recognized feature for this target (ignoring feature)
''+"+fp-armv8+"+fp-armv8' is not a recognized feature for this target' is not a recognized feature for this target (ignoring feature)
 (ignoring feature)
'+crypto"' is not a recognized feature for this target' (ignoring feature)
+crypto"' is not a recognized feature for this target (ignoring feature)
'+"+fp-armv8' is not a recognized feature for this target (ignoring feature)
'+crypto"' is not a recognized feature for this target (ignoring feature)
'+"+fp-armv8' is not a recognized feature for this target (ignoring feature)
'+crypto"' is not a recognized feature for this target (ignoring feature)
'+"+fp-armv8' is not a recognized feature for this target (ignoring feature)
'+crypto"' is not a recognized feature for this target (ignoring feature)
'+"+fp-armv8' is not a recognized feature for this target (ignoring feature)
'+crypto"' is not a recognized feature for this target (ignoring feature)
'+"+fp-armv8' is not a recognized feature for this target (ignoring feature)
'+crypto"' is not a recognized feature for this target (ignoring feature)
'+"+fp-armv8' is not a recognized feature for this target (ignoring feature)
'+crypto"' is not a recognized feature for this target (ignoring feature)
'+"+fp-armv8' is not a recognized feature for this target (ignoring feature)
'+crypto"' is not a recognized feature for this target (ignoring feature)
'+"+fp-armv8' is not a recognized feature for this target (ignoring feature)
'+crypto"' is not a recognized feature for this target (ignoring feature)
'+"+fp-armv8' is not a recognized feature for this target (ignoring feature)
'+crypto"' is not a recognized feature for this target (ignoring feature)
'+"+fp-armv8' is not a recognized feature for this target (ignoring feature)
'+crypto"' is not a recognized feature for this target (ignoring feature)
'+"+fp-armv8' is not a recognized feature for this target (ignoring feature)
'+crypto"' is not a recognized feature for this target (ignoring feature)
'+"+fp-armv8' is not a recognized feature for this target (ignoring feature)
'+crypto"' is not a recognized feature for this target (ignoring feature)
'+"+fp-armv8' is not a recognized feature for this target (ignoring feature)
'+crypto"' is not a recognized feature for this target (ignoring feature)
'+"+fp-armv8' is not a recognized feature for this target (ignoring feature)
'+crypto"' is not a recognized feature for this target (ignoring feature)
'+"+fp-armv8' is not a recognized feature for this target (ignoring feature)
'+crypto"' is not a recognized feature for this target (ignoring feature)
'+"+fp-armv8' is not a recognized feature for this target (ignoring feature)
'+crypto"' is not a recognized feature for this target (ignoring feature)
'+"+fp-armv8' is not a recognized feature for this target (ignoring feature)
'+crypto"' is not a recognized feature for this target (ignoring feature)
'+"+fp-armv8' is not a recognized feature for this target (ignoring feature)
'+crypto"' is not a recognized feature for this target (ignoring feature)
'+"+fp-armv8' is not a recognized feature for this target (ignoring feature)
'+crypto"' is not a recognized feature for this target (ignoring feature)
'+"+fp-armv8' is not a recognized feature for this target (ignoring feature)
'+crypto"' is not a recognized feature for this target (ignoring feature)
'+"+fp-armv8' is not a recognized feature for this target (ignoring feature)
'+crypto"' is not a recognized feature for this target (ignoring feature)
'+"+fp-armv8' is not a recognized feature for this target (ignoring feature)
'+crypto"' is not a recognized feature for this target (ignoring feature)
'+"+fp-armv8' is not a recognized feature for this target (ignoring feature)
'+"+fp-armv8' is not a recognized feature for this target (ignoring feature)
'+crypto"' is not a recognized feature for this target (ignoring feature)
'+crypto"' is not a recognized feature for this target (ignoring feature)
'+"+fp-armv8' is not a recognized feature for this target (ignoring feature)
'+crypto"' is not a recognized feature for this target (ignoring feature)
'+"+fp-armv8' is not a recognized feature for this target (ignoring feature)
'+crypto"' is not a recognized feature for this target (ignoring feature)
'+"+fp-armv8' is not a recognized feature for this target (ignoring feature)
'+crypto"' is not a recognized feature for this target (ignoring feature)
'+"+fp-armv8' is not a recognized feature for this target (ignoring feature)
'+crypto"' is not a recognized feature for this target (ignoring feature)
'+"+fp-armv8' is not a recognized feature for this target (ignoring feature)
'+crypto"' is not a recognized feature for this target (ignoring feature)
'+"+fp-armv8' is not a recognized feature for this target (ignoring feature)
'+crypto"' is not a recognized feature for this target (ignoring feature)
'+"+fp-armv8' is not a recognized feature for this target (ignoring feature)
'+crypto"' is not a recognized feature for this target (ignoring feature)
'+"+fp-armv8' is not a recognized feature for this target (ignoring feature)
'+crypto"' is not a recognized feature for this target (ignoring feature)
'+"+fp-armv8' is not a recognized feature for this target (ignoring feature)
'+crypto"' is not a recognized feature for this target (ignoring feature)
'+"+fp-armv8' is not a recognized feature for this target (ignoring feature)
'+crypto"' is not a recognized feature for this target (ignoring feature)
'+"+fp-armv8' is not a recognized feature for this target (ignoring feature)
'+crypto"' is not a recognized feature for this target (ignoring feature)
'+"+fp-armv8' is not a recognized feature for this target (ignoring feature)
'+crypto"' is not a recognized feature for this target (ignoring feature)
'+"+fp-armv8' is not a recognized feature for this target (ignoring feature)
'+crypto"' is not a recognized feature for this target (ignoring feature)
'+"+fp-armv8' is not a recognized feature for this target (ignoring feature)
'+crypto"' is not a recognized feature for this target (ignoring feature)
'+"+fp-armv8' is not a recognized feature for this target (ignoring feature)
'+crypto"' is not a recognized feature for this target (ignoring feature)
'+"+fp-armv8' is not a recognized feature for this target (ignoring feature)
'+crypto"' is not a recognized feature for this target (ignoring feature)
'+"+fp-armv8' is not a recognized feature for this target (ignoring feature)
'+crypto"' is not a recognized feature for this target (ignoring feature)
''+"+fp-armv8+"+fp-armv8' is not a recognized feature for this target' is not a recognized feature for this target (ignoring feature)
 (ignoring feature)
'+crypto"' is not a recognized feature for this target (ignoring feature)
'+crypto"' is not a recognized feature for this target (ignoring feature)
'+"+fp-armv8' is not a recognized feature for this target (ignoring feature)
'+crypto"' is not a recognized feature for this target (ignoring feature)
'+"+fp-armv8' is not a recognized feature for this target (ignoring feature)
'+crypto"' is not a recognized feature for this target (ignoring feature)
'+"+fp-armv8' is not a recognized feature for this target (ignoring feature)
'+crypto"' is not a recognized feature for this target (ignoring feature)
'+"+fp-armv8' is not a recognized feature for this target (ignoring feature)
'+crypto"' is not a recognized feature for this target (ignoring feature)
'+"+fp-armv8' is not a recognized feature for this target (ignoring feature)
'+crypto"' is not a recognized feature for this target (ignoring feature)
'+"+fp-armv8' is not a recognized feature for this target (ignoring feature)
'+crypto"' is not a recognized feature for this target (ignoring feature)
'+"+fp-armv8' is not a recognized feature for this target (ignoring feature)
'+crypto"' is not a recognized feature for this target (ignoring feature)
'+"+fp-armv8' is not a recognized feature for this target (ignoring feature)
'+crypto"' is not a recognized feature for this target (ignoring feature)
'+"+fp-armv8' is not a recognized feature for this target (ignoring feature)
'+crypto"' is not a recognized feature for this target (ignoring feature)
'+"+fp-armv8' is not a recognized feature for this target (ignoring feature)
'+crypto"' is not a recognized feature for this target (ignoring feature)
'+"+fp-armv8' is not a recognized feature for this target (ignoring feature)
'+crypto"' is not a recognized feature for this target (ignoring feature)
'+"+fp-armv8' is not a recognized feature for this target (ignoring feature)
'+crypto"' is not a recognized feature for this target (ignoring feature)
'+"+fp-armv8' is not a recognized feature for this target (ignoring feature)
'+crypto"' is not a recognized feature for this target (ignoring feature)
'+"+fp-armv8' is not a recognized feature for this target (ignoring feature)
'+crypto"' is not a recognized feature for this target (ignoring feature)
'+"+fp-armv8' is not a recognized feature for this target (ignoring feature)
'+crypto"' is not a recognized feature for this target (ignoring feature)
'+"+fp-armv8' is not a recognized feature for this target (ignoring feature)
'+crypto"' is not a recognized feature for this target (ignoring feature)
'+"+fp-armv8' is not a recognized feature for this target (ignoring feature)
'+crypto"' is not a recognized feature for this target (ignoring feature)
'+"+fp-armv8' is not a recognized feature for this target (ignoring feature)
'+crypto"' is not a recognized feature for this target (ignoring feature)
'+"+fp-armv8' is not a recognized feature for this target (ignoring feature)
'+crypto"' is not a recognized feature for this target (ignoring feature)
'+"+fp-armv8' is not a recognized feature for this target (ignoring feature)
'+crypto"' is not a recognized feature for this target (ignoring feature)
'+"+fp-armv8' is not a recognized feature for this target (ignoring feature)
'+crypto"' is not a recognized feature for this target (ignoring feature)
'+"+fp-armv8' is not a recognized feature for this target (ignoring feature)
'+crypto"' is not a recognized feature for this target (ignoring feature)
'+"+fp-armv8' is not a recognized feature for this target (ignoring feature)
'+crypto"' is not a recognized feature for this target (ignoring feature)
'+"+fp-armv8' is not a recognized feature for this target (ignoring feature)
'+crypto"' is not a recognized feature for this target (ignoring feature)
'+"+fp-armv8' is not a recognized feature for this target (ignoring feature)
'+crypto"' is not a recognized feature for this target (ignoring feature)
'+"+fp-armv8' is not a recognized feature for this target (ignoring feature)
'+crypto"' is not a recognized feature for this target (ignoring feature)
'+"+fp-armv8' is not a recognized feature for this target (ignoring feature)
'+crypto"' is not a recognized feature for this target (ignoring feature)
'+"+fp-armv8' is not a recognized feature for this target (ignoring feature)
'+crypto"' is not a recognized feature for this target (ignoring feature)
'+"+fp-armv8' is not a recognized feature for this target (ignoring feature)
'+crypto"' is not a recognized feature for this target (ignoring feature)
'+"+fp-armv8' is not a recognized feature for this target (ignoring feature)
'+crypto"' is not a recognized feature for this target (ignoring feature)
'+"+fp-armv8' is not a recognized feature for this target (ignoring feature)
'+crypto"' is not a recognized feature for this target (ignoring feature)
'+"+fp-armv8' is not a recognized feature for this target (ignoring feature)
'+crypto"' is not a recognized feature for this target (ignoring feature)
''+"+fp-armv8' is not a recognized feature for this target (ignoring feature)
+"+fp-armv8' is not a recognized feature for this target'+crypto"' is not a recognized feature for this target (ignoring feature)
 (ignoring feature)
'+crypto"' is not a recognized feature for this target (ignoring feature)
'+"+fp-armv8' is not a recognized feature for this target (ignoring feature)
'+crypto"' is not a recognized feature for this target (ignoring feature)
'+"+fp-armv8' is not a recognized feature for this target (ignoring feature)
'+crypto"' is not a recognized feature for this target (ignoring feature)
'+"+fp-armv8' is not a recognized feature for this target (ignoring feature)
''+crypto"' is not a recognized feature for this target (ignoring feature)
+"+fp-armv8' is not a recognized feature for this target (ignoring feature)
'+crypto"' is not a recognized feature for this target (ignoring feature)
'+"+fp-armv8' is not a recognized feature for this target (ignoring feature)
'+crypto"' is not a recognized feature for this target (ignoring feature)
'+"+fp-armv8' is not a recognized feature for this target (ignoring feature)
'+crypto"' is not a recognized feature for this target (ignoring feature)
'+"+fp-armv8' is not a recognized feature for this target (ignoring feature)
'+crypto"' is not a recognized feature for this target (ignoring feature)
'+"+fp-armv8' is not a recognized feature for this target (ignoring feature)
'+crypto"' is not a recognized feature for this target (ignoring feature)
'+"+fp-armv8' is not a recognized feature for this target (ignoring feature)
'+crypto"' is not a recognized feature for this target (ignoring feature)
'+"+fp-armv8' is not a recognized feature for this target (ignoring feature)
'+crypto"' is not a recognized feature for this target (ignoring feature)
'+"+fp-armv8' is not a recognized feature for this target (ignoring feature)
'+crypto"' is not a recognized feature for this target (ignoring feature)
'+"+fp-armv8' is not a recognized feature for this target (ignoring feature)
'+crypto"' is not a recognized feature for this target (ignoring feature)
'+"+fp-armv8' is not a recognized feature for this target (ignoring feature)
'+crypto"' is not a recognized feature for this target (ignoring feature)
'+"+fp-armv8' is not a recognized feature for this target (ignoring feature)
'+crypto"' is not a recognized feature for this target (ignoring feature)
'+"+fp-armv8' is not a recognized feature for this target (ignoring feature)
'+crypto"' is not a recognized feature for this target (ignoring feature)
'+"+fp-armv8' is not a recognized feature for this target (ignoring feature)
'+crypto"' is not a recognized feature for this target (ignoring feature)
'+"+fp-armv8' is not a recognized feature for this target (ignoring feature)
'+crypto"' is not a recognized feature for this target (ignoring feature)
'+"+fp-armv8' is not a recognized feature for this target (ignoring feature)
'+crypto"' is not a recognized feature for this target (ignoring feature)
'+"+fp-armv8' is not a recognized feature for this target (ignoring feature)
'+crypto"' is not a recognized feature for this target (ignoring feature)
'+"+fp-armv8' is not a recognized feature for this target (ignoring feature)
'+crypto"' is not a recognized feature for this target (ignoring feature)
'+"+fp-armv8' is not a recognized feature for this target (ignoring feature)
'+crypto"' is not a recognized feature for this target (ignoring feature)
'+"+fp-armv8' is not a recognized feature for this target (ignoring feature)
'+crypto"' is not a recognized feature for this target (ignoring feature)
'+"+fp-armv8' is not a recognized feature for this target (ignoring feature)
'+crypto"' is not a recognized feature for this target (ignoring feature)
'+"+fp-armv8' is not a recognized feature for this target (ignoring feature)
'+crypto"' is not a recognized feature for this target (ignoring feature)
'+"+fp-armv8' is not a recognized feature for this target (ignoring feature)
'+crypto"' is not a recognized feature for this target (ignoring feature)
'+"+fp-armv8' is not a recognized feature for this target (ignoring feature)
'+crypto"' is not a recognized feature for this target (ignoring feature)
'+"+fp-armv8' is not a recognized feature for this target (ignoring feature)
'+crypto"' is not a recognized feature for this target (ignoring feature)
'+"+fp-armv8' is not a recognized feature for this target (ignoring feature)
'+crypto"' is not a recognized feature for this target (ignoring feature)
'+"+fp-armv8' is not a recognized feature for this target (ignoring feature)
'+crypto"' is not a recognized feature for this target (ignoring feature)
'+"+fp-armv8' is not a recognized feature for this target (ignoring feature)
'+crypto"' is not a recognized feature for this target (ignoring feature)
'+"+fp-armv8' is not a recognized feature for this target (ignoring feature)
'+crypto"' is not a recognized feature for this target (ignoring feature)
'+"+fp-armv8' is not a recognized feature for this target (ignoring feature)
'+crypto"' is not a recognized feature for this target (ignoring feature)
'+"+fp-armv8' is not a recognized feature for this target (ignoring feature)
'+crypto"' is not a recognized feature for this target (ignoring feature)
'+"+fp-armv8' is not a recognized feature for this target (ignoring feature)
'+crypto"' is not a recognized feature for this target (ignoring feature)
'+"+fp-armv8' is not a recognized feature for this target (ignoring feature)
'+crypto"' is not a recognized feature for this target (ignoring feature)
'+"+fp-armv8' is not a recognized feature for this target (ignoring feature)
'+crypto"' is not a recognized feature for this target (ignoring feature)
'+"+fp-armv8' is not a recognized feature for this target (ignoring feature)
'+crypto"' is not a recognized feature for this target (ignoring feature)
'+"+fp-armv8' is not a recognized feature for this target (ignoring feature)
'+crypto"' is not a recognized feature for this target (ignoring feature)
'+"+fp-armv8' is not a recognized feature for this target (ignoring feature)
'+crypto"' is not a recognized feature for this target (ignoring feature)
'+"+fp-armv8' is not a recognized feature for this target (ignoring feature)
'+crypto"' is not a recognized feature for this target (ignoring feature)
'+"+fp-armv8' is not a recognized feature for this target (ignoring feature)
'+crypto"' is not a recognized feature for this target (ignoring feature)
'+"+fp-armv8' is not a recognized feature for this target (ignoring feature)
'+crypto"' is not a recognized feature for this target (ignoring feature)
'+"+fp-armv8' is not a recognized feature for this target (ignoring feature)
'+crypto"' is not a recognized feature for this target (ignoring feature)
'+"+fp-armv8' is not a recognized feature for this target (ignoring feature)
'+crypto"' is not a recognized feature for this target (ignoring feature)
'+"+fp-armv8' is not a recognized feature for this target (ignoring feature)
'+crypto"' is not a recognized feature for this target (ignoring feature)
'+"+fp-armv8' is not a recognized feature for this target (ignoring feature)
'+crypto"' is not a recognized feature for this target (ignoring feature)
'+"+fp-armv8' is not a recognized feature for this target (ignoring feature)
'+crypto"' is not a recognized feature for this target (ignoring feature)
'+"+fp-armv8' is not a recognized feature for this target (ignoring feature)
'+crypto"' is not a recognized feature for this target (ignoring feature)
'+"+fp-armv8' is not a recognized feature for this target (ignoring feature)
'+crypto"' is not a recognized feature for this target (ignoring feature)
'+"+fp-armv8' is not a recognized feature for this target (ignoring feature)
'+crypto"' is not a recognized feature for this target (ignoring feature)
'+"+fp-armv8' is not a recognized feature for this target (ignoring feature)
'+crypto"' is not a recognized feature for this target (ignoring feature)
'+"+fp-armv8' is not a recognized feature for this target (ignoring feature)
'+crypto"' is not a recognized feature for this target (ignoring feature)
'+"+fp-armv8' is not a recognized feature for this target (ignoring feature)
'+crypto"' is not a recognized feature for this target (ignoring feature)
'+"+fp-armv8' is not a recognized feature for this target (ignoring feature)
'+crypto"' is not a recognized feature for this target (ignoring feature)
'+"+fp-armv8' is not a recognized feature for this target (ignoring feature)
'+crypto"' is not a recognized feature for this target (ignoring feature)
'+"+fp-armv8' is not a recognized feature for this target (ignoring feature)
'+crypto"' is not a recognized feature for this target (ignoring feature)
'+"+fp-armv8' is not a recognized feature for this target (ignoring feature)
'+crypto"' is not a recognized feature for this target (ignoring feature)
'+"+fp-armv8' is not a recognized feature for this target (ignoring feature)
'+crypto"' is not a recognized feature for this target (ignoring feature)
'+"+fp-armv8' is not a recognized feature for this target (ignoring feature)
'+crypto"' is not a recognized feature for this target (ignoring feature)
'+"+fp-armv8' is not a recognized feature for this target (ignoring feature)
'+crypto"' is not a recognized feature for this target (ignoring feature)
''+"+fp-armv8' is not a recognized feature for this target (ignoring feature)
+"+fp-armv8' is not a recognized feature for this target''+crypto"' is not a recognized feature for this target (ignoring feature)
 (ignoring feature)
+"+fp-armv8'' is not a recognized feature for this target+crypto" (ignoring feature)
' is not a recognized feature for this target''+"+fp-armv8' is not a recognized feature for this target (ignoring feature)
 (ignoring feature)
+crypto"''' is not a recognized feature for this target+crypto"' is not a recognized feature for this target (ignoring feature)
+"+fp-armv8 (ignoring feature)
' is not a recognized feature for this target (ignoring feature)
'+crypto"' is not a recognized feature for this target' (ignoring feature)
+"+fp-armv8' is not a recognized feature for this target (ignoring feature)
'+crypto"' is not a recognized feature for this target (ignoring feature)
'+"+fp-armv8' is not a recognized feature for this target (ignoring feature)
'+crypto"' is not a recognized feature for this target (ignoring feature)
'+"+fp-armv8' is not a recognized feature for this target (ignoring feature)
'+crypto"' is not a recognized feature for this target (ignoring feature)
'+"+fp-armv8' is not a recognized feature for this target (ignoring feature)
'+crypto"' is not a recognized feature for this target (ignoring feature)
'+"+fp-armv8' is not a recognized feature for this target (ignoring feature)
'+crypto"' is not a recognized feature for this target (ignoring feature)
'+"+fp-armv8' is not a recognized feature for this target (ignoring feature)
'+crypto"' is not a recognized feature for this target (ignoring feature)
'+"+fp-armv8' is not a recognized feature for this target (ignoring feature)
'+crypto"' is not a recognized feature for this target (ignoring feature)
'+"+fp-armv8' is not a recognized feature for this target (ignoring feature)
'+crypto"' is not a recognized feature for this target (ignoring feature)
'+"+fp-armv8' is not a recognized feature for this target (ignoring feature)
'+crypto"' is not a recognized feature for this target (ignoring feature)
'+"+fp-armv8' is not a recognized feature for this target (ignoring feature)
'+crypto"' is not a recognized feature for this target (ignoring feature)
'+"+fp-armv8' is not a recognized feature for this target (ignoring feature)
'+crypto"' is not a recognized feature for this target (ignoring feature)
'+"+fp-armv8' is not a recognized feature for this target (ignoring feature)
'+crypto"' is not a recognized feature for this target (ignoring feature)
'+"+fp-armv8' is not a recognized feature for this target (ignoring feature)
'+crypto"' is not a recognized feature for this target (ignoring feature)
'+"+fp-armv8' is not a recognized feature for this target (ignoring feature)
'+crypto"' is not a recognized feature for this target (ignoring feature)
'+"+fp-armv8' is not a recognized feature for this target (ignoring feature)
'+crypto"' is not a recognized feature for this target (ignoring feature)
'+"+fp-armv8' is not a recognized feature for this target (ignoring feature)
'+crypto"' is not a recognized feature for this target (ignoring feature)
'+"+fp-armv8' is not a recognized feature for this target (ignoring feature)
'+crypto"' is not a recognized feature for this target (ignoring feature)
'+"+fp-armv8' is not a recognized feature for this target (ignoring feature)
'+crypto"' is not a recognized feature for this target (ignoring feature)
'+"+fp-armv8' is not a recognized feature for this target (ignoring feature)
'+crypto"' is not a recognized feature for this target (ignoring feature)
'+"+fp-armv8' is not a recognized feature for this target (ignoring feature)
'+crypto"' is not a recognized feature for this target (ignoring feature)
'+"+fp-armv8' is not a recognized feature for this target (ignoring feature)
'+crypto"' is not a recognized feature for this target (ignoring feature)
'+"+fp-armv8' is not a recognized feature for this target (ignoring feature)
'+crypto"' is not a recognized feature for this target (ignoring feature)
'+"+fp-armv8' is not a recognized feature for this target (ignoring feature)
'+crypto"' is not a recognized feature for this target (ignoring feature)
'+"+fp-armv8' is not a recognized feature for this target (ignoring feature)
'+crypto"' is not a recognized feature for this target (ignoring feature)
'+"+fp-armv8' is not a recognized feature for this target (ignoring feature)
'+crypto"' is not a recognized feature for this target (ignoring feature)
''+"+fp-armv8' is not a recognized feature for this target+"+fp-armv8 (ignoring feature)
' is not a recognized feature for this target (ignoring feature)
'+crypto"'' is not a recognized feature for this target+crypto" (ignoring feature)
' is not a recognized feature for this target (ignoring feature)
'+"+fp-armv8' is not a recognized feature for this target (ignoring feature)
'+crypto"' is not a recognized feature for this target (ignoring feature)
'+"+fp-armv8' is not a recognized feature for this target (ignoring feature)
'+crypto"' is not a recognized feature for this target (ignoring feature)
'+"+fp-armv8'' is not a recognized feature for this target+"+fp-armv8 (ignoring feature)
' is not a recognized feature for this target (ignoring feature)
'+crypto"' is not a recognized feature for this target' (ignoring feature)
+crypto"' is not a recognized feature for this target (ignoring feature)
'+"+fp-armv8' is not a recognized feature for this target' (ignoring feature)
+"+fp-armv8'+crypto"' is not a recognized feature for this target (ignoring feature)
' is not a recognized feature for this target (ignoring feature)
'+crypto"' is not a recognized feature for this target' (ignoring feature)
+"+fp-armv8' is not a recognized feature for this target (ignoring feature)
'+crypto"' is not a recognized feature for this target (ignoring feature)
'+"+fp-armv8' is not a recognized feature for this target (ignoring feature)
'+crypto"' is not a recognized feature for this target (ignoring feature)
'+"+fp-armv8' is not a recognized feature for this target (ignoring feature)
'+crypto"' is not a recognized feature for this target (ignoring feature)
'+"+fp-armv8' is not a recognized feature for this target (ignoring feature)
'+crypto"' is not a recognized feature for this target (ignoring feature)
'+"+fp-armv8' is not a recognized feature for this target (ignoring feature)
'+crypto"' is not a recognized feature for this target (ignoring feature)
'+"+fp-armv8' is not a recognized feature for this target (ignoring feature)
'+crypto"' is not a recognized feature for this target (ignoring feature)
'+"+fp-armv8' is not a recognized feature for this target (ignoring feature)
'+crypto"' is not a recognized feature for this target (ignoring feature)
'+"+fp-armv8' is not a recognized feature for this target (ignoring feature)
'+crypto"' is not a recognized feature for this target (ignoring feature)
'+"+fp-armv8' is not a recognized feature for this target (ignoring feature)
'+crypto"' is not a recognized feature for this target (ignoring feature)
'+"+fp-armv8' is not a recognized feature for this target (ignoring feature)
'+crypto"' is not a recognized feature for this target (ignoring feature)
'+"+fp-armv8' is not a recognized feature for this target (ignoring feature)
'+crypto"' is not a recognized feature for this target (ignoring feature)
'+"+fp-armv8' is not a recognized feature for this target (ignoring feature)
'+crypto"' is not a recognized feature for this target (ignoring feature)
'+"+fp-armv8' is not a recognized feature for this target (ignoring feature)
'+crypto"' is not a recognized feature for this target (ignoring feature)
'+"+fp-armv8' is not a recognized feature for this target (ignoring feature)
'+crypto"' is not a recognized feature for this target (ignoring feature)
'+"+fp-armv8' is not a recognized feature for this target (ignoring feature)
'+crypto"' is not a recognized feature for this target (ignoring feature)
'+"+fp-armv8' is not a recognized feature for this target (ignoring feature)
'+crypto"' is not a recognized feature for this target (ignoring feature)
'+"+fp-armv8' is not a recognized feature for this target (ignoring feature)
'+crypto"' is not a recognized feature for this target (ignoring feature)
'+"+fp-armv8' is not a recognized feature for this target (ignoring feature)
'+crypto"' is not a recognized feature for this target (ignoring feature)
'+"+fp-armv8' is not a recognized feature for this target (ignoring feature)
'+crypto"' is not a recognized feature for this target (ignoring feature)
'+"+fp-armv8' is not a recognized feature for this target (ignoring feature)
'+crypto"' is not a recognized feature for this target (ignoring feature)
'+"+fp-armv8' is not a recognized feature for this target (ignoring feature)
'+crypto"' is not a recognized feature for this target (ignoring feature)
'+"+fp-armv8' is not a recognized feature for this target (ignoring feature)
'+crypto"' is not a recognized feature for this target (ignoring feature)
'+"+fp-armv8' is not a recognized feature for this target (ignoring feature)
'+crypto"' is not a recognized feature for this target (ignoring feature)
'+"+fp-armv8' is not a recognized feature for this target (ignoring feature)
'+"+fp-armv8' is not a recognized feature for this target (ignoring feature)
'+crypto"' is not a recognized feature for this target (ignoring feature)
'+crypto"' is not a recognized feature for this target (ignoring feature)
'+"+fp-armv8' is not a recognized feature for this target (ignoring feature)
'+crypto"' is not a recognized feature for this target (ignoring feature)
'+"+fp-armv8' is not a recognized feature for this target (ignoring feature)
'+crypto"' is not a recognized feature for this target (ignoring feature)
'+"+fp-armv8' is not a recognized feature for this target (ignoring feature)
'+crypto"' is not a recognized feature for this target (ignoring feature)
'+"+fp-armv8' is not a recognized feature for this target (ignoring feature)
'+crypto"' is not a recognized feature for this target (ignoring feature)
'+"+fp-armv8' is not a recognized feature for this target (ignoring feature)
'+crypto"' is not a recognized feature for this target (ignoring feature)
'+"+fp-armv8' is not a recognized feature for this target (ignoring feature)
'+crypto"' is not a recognized feature for this target (ignoring feature)
'+"+fp-armv8' is not a recognized feature for this target (ignoring feature)
'+crypto"' is not a recognized feature for this target (ignoring feature)
'+"+fp-armv8' is not a recognized feature for this target (ignoring feature)
'+crypto"' is not a recognized feature for this target (ignoring feature)
'+"+fp-armv8' is not a recognized feature for this target (ignoring feature)
'+crypto"' is not a recognized feature for this target (ignoring feature)
'+"+fp-armv8' is not a recognized feature for this target (ignoring feature)
'+crypto"' is not a recognized feature for this target (ignoring feature)
'+"+fp-armv8' is not a recognized feature for this target (ignoring feature)
'+crypto"' is not a recognized feature for this target (ignoring feature)
'+"+fp-armv8' is not a recognized feature for this target (ignoring feature)
'+crypto"' is not a recognized feature for this target (ignoring feature)
'+"+fp-armv8' is not a recognized feature for this target (ignoring feature)
'+crypto"' is not a recognized feature for this target (ignoring feature)
'+"+fp-armv8' is not a recognized feature for this target (ignoring feature)
'+crypto"' is not a recognized feature for this target (ignoring feature)
'+"+fp-armv8' is not a recognized feature for this target (ignoring feature)
'+crypto"' is not a recognized feature for this target (ignoring feature)
'+"+fp-armv8' is not a recognized feature for this target (ignoring feature)
'+crypto"' is not a recognized feature for this target (ignoring feature)
'+"+fp-armv8' is not a recognized feature for this target (ignoring feature)
'+crypto"' is not a recognized feature for this target (ignoring feature)
'+"+fp-armv8' is not a recognized feature for this target (ignoring feature)
'+crypto"' is not a recognized feature for this target (ignoring feature)
'+"+fp-armv8' is not a recognized feature for this target (ignoring feature)
'+crypto"' is not a recognized feature for this target (ignoring feature)
'+"+fp-armv8' is not a recognized feature for this target (ignoring feature)
'+crypto"' is not a recognized feature for this target (ignoring feature)
'+"+fp-armv8' is not a recognized feature for this target (ignoring feature)
'+crypto"' is not a recognized feature for this target (ignoring feature)
'+"+fp-armv8' is not a recognized feature for this target (ignoring feature)
'+crypto"' is not a recognized feature for this target (ignoring feature)
'+"+fp-armv8' is not a recognized feature for this target (ignoring feature)
'+crypto"' is not a recognized feature for this target (ignoring feature)
'+"+fp-armv8' is not a recognized feature for this target (ignoring feature)
'+crypto"' is not a recognized feature for this target (ignoring feature)
'+"+fp-armv8' is not a recognized feature for this target (ignoring feature)
'+crypto"' is not a recognized feature for this target (ignoring feature)
'+"+fp-armv8' is not a recognized feature for this target (ignoring feature)
'+crypto"' is not a recognized feature for this target (ignoring feature)
'+"+fp-armv8' is not a recognized feature for this target (ignoring feature)
'+crypto"' is not a recognized feature for this target (ignoring feature)
'+"+fp-armv8' is not a recognized feature for this target (ignoring feature)
'+crypto"' is not a recognized feature for this target (ignoring feature)
'+"+fp-armv8' is not a recognized feature for this target (ignoring feature)
'+crypto"' is not a recognized feature for this target (ignoring feature)
'+"+fp-armv8' is not a recognized feature for this target (ignoring feature)
'+crypto"' is not a recognized feature for this target (ignoring feature)
'+"+fp-armv8' is not a recognized feature for this target (ignoring feature)
'+crypto"' is not a recognized feature for this target (ignoring feature)
'+"+fp-armv8' is not a recognized feature for this target (ignoring feature)
'+crypto"' is not a recognized feature for this target (ignoring feature)
'+"+fp-armv8' is not a recognized feature for this target (ignoring feature)
'+crypto"' is not a recognized feature for this target (ignoring feature)
'+"+fp-armv8' is not a recognized feature for this target (ignoring feature)
'+crypto"' is not a recognized feature for this target (ignoring feature)
'+"+fp-armv8' is not a recognized feature for this target (ignoring feature)
'+crypto"' is not a recognized feature for this target (ignoring feature)
'+"+fp-armv8' is not a recognized feature for this target (ignoring feature)
'+crypto"' is not a recognized feature for this target (ignoring feature)
'+"+fp-armv8' is not a recognized feature for this target (ignoring feature)
'+crypto"' is not a recognized feature for this target (ignoring feature)
'+"+fp-armv8' is not a recognized feature for this target (ignoring feature)
'+crypto"' is not a recognized feature for this target (ignoring feature)
'+"+fp-armv8' is not a recognized feature for this target (ignoring feature)
'+crypto"' is not a recognized feature for this target (ignoring feature)
'+"+fp-armv8' is not a recognized feature for this target (ignoring feature)
'+crypto"' is not a recognized feature for this target (ignoring feature)
'+"+fp-armv8' is not a recognized feature for this target (ignoring feature)
'+crypto"' is not a recognized feature for this target (ignoring feature)
'+"+fp-armv8' is not a recognized feature for this target (ignoring feature)
'+crypto"' is not a recognized feature for this target (ignoring feature)
'+"+fp-armv8' is not a recognized feature for this target (ignoring feature)
'+crypto"' is not a recognized feature for this target (ignoring feature)
'+"+fp-armv8' is not a recognized feature for this target (ignoring feature)
''+"+fp-armv8' is not a recognized feature for this target (ignoring feature)
+crypto"'+crypto"' is not a recognized feature for this target' is not a recognized feature for this target (ignoring feature)
 (ignoring feature)
'+"+fp-armv8' is not a recognized feature for this target (ignoring feature)
''+crypto"'+"+fp-armv8' is not a recognized feature for this target+"+fp-armv8' is not a recognized feature for this target (ignoring feature)
 (ignoring feature)
' is not a recognized feature for this target'+crypto" (ignoring feature)
' is not a recognized feature for this target (ignoring feature)
'+crypto"' is not a recognized feature for this target (ignoring feature)
'+"+fp-armv8' is not a recognized feature for this target (ignoring feature)
'+crypto"' is not a recognized feature for this target (ignoring feature)
'+"+fp-armv8' is not a recognized feature for this target (ignoring feature)
'+crypto"' is not a recognized feature for this target (ignoring feature)
'+"+fp-armv8' is not a recognized feature for this target (ignoring feature)
'+crypto"' is not a recognized feature for this target (ignoring feature)
'+"+fp-armv8' is not a recognized feature for this target (ignoring feature)
'+crypto"' is not a recognized feature for this target (ignoring feature)
'+"+fp-armv8' is not a recognized feature for this target (ignoring feature)
'+crypto"' is not a recognized feature for this target (ignoring feature)
'+"+fp-armv8' is not a recognized feature for this target (ignoring feature)
'+crypto"' is not a recognized feature for this target (ignoring feature)
'+"+fp-armv8' is not a recognized feature for this target (ignoring feature)
'+crypto"' is not a recognized feature for this target (ignoring feature)
'+"+fp-armv8' is not a recognized feature for this target (ignoring feature)
'+crypto"' is not a recognized feature for this target (ignoring feature)
'+"+fp-armv8' is not a recognized feature for this target (ignoring feature)
'+crypto"' is not a recognized feature for this target (ignoring feature)
'+"+fp-armv8' is not a recognized feature for this target (ignoring feature)
'+crypto"' is not a recognized feature for this target (ignoring feature)
'+"+fp-armv8' is not a recognized feature for this target (ignoring feature)
'+crypto"' is not a recognized feature for this target (ignoring feature)
'+"+fp-armv8' is not a recognized feature for this target (ignoring feature)
'+crypto"' is not a recognized feature for this target (ignoring feature)
'+"+fp-armv8' is not a recognized feature for this target (ignoring feature)
'+crypto"'' is not a recognized feature for this target+"+fp-armv8 (ignoring feature)
' is not a recognized feature for this target (ignoring feature)
'+crypto"' is not a recognized feature for this target (ignoring feature)
'+"+fp-armv8' is not a recognized feature for this target (ignoring feature)
'+crypto"' is not a recognized feature for this target (ignoring feature)
'+"+fp-armv8' is not a recognized feature for this target (ignoring feature)
'+crypto"' is not a recognized feature for this target (ignoring feature)
'+"+fp-armv8' is not a recognized feature for this target (ignoring feature)
'+crypto"' is not a recognized feature for this target (ignoring feature)
'+"+fp-armv8' is not a recognized feature for this target (ignoring feature)
'+crypto"' is not a recognized feature for this target (ignoring feature)
'+"+fp-armv8' is not a recognized feature for this target (ignoring feature)
'+crypto"' is not a recognized feature for this target (ignoring feature)
'+"+fp-armv8' is not a recognized feature for this target (ignoring feature)
'+crypto"' is not a recognized feature for this target (ignoring feature)
'+"+fp-armv8' is not a recognized feature for this target (ignoring feature)
'+crypto"' is not a recognized feature for this target (ignoring feature)
'+"+fp-armv8' is not a recognized feature for this target (ignoring feature)
'+crypto"' is not a recognized feature for this target (ignoring feature)
'+"+fp-armv8' is not a recognized feature for this target (ignoring feature)
'+crypto"' is not a recognized feature for this target (ignoring feature)
'+"+fp-armv8' is not a recognized feature for this target (ignoring feature)
'+crypto"' is not a recognized feature for this target (ignoring feature)
'+"+fp-armv8' is not a recognized feature for this target (ignoring feature)
'+crypto"' is not a recognized feature for this target (ignoring feature)
'+"+fp-armv8' is not a recognized feature for this target (ignoring feature)
'+crypto"' is not a recognized feature for this target (ignoring feature)
'+"+fp-armv8' is not a recognized feature for this target (ignoring feature)
'+crypto"' is not a recognized feature for this target (ignoring feature)
'+"+fp-armv8' is not a recognized feature for this target (ignoring feature)
'+crypto"' is not a recognized feature for this target (ignoring feature)
'+"+fp-armv8' is not a recognized feature for this target (ignoring feature)
'+crypto"' is not a recognized feature for this target (ignoring feature)
'+"+fp-armv8' is not a recognized feature for this target (ignoring feature)
'+crypto"' is not a recognized feature for this target (ignoring feature)
'+"+fp-armv8' is not a recognized feature for this target (ignoring feature)
'+crypto"' is not a recognized feature for this target (ignoring feature)
'+"+fp-armv8' is not a recognized feature for this target (ignoring feature)
'+crypto"' is not a recognized feature for this target (ignoring feature)
'+"+fp-armv8' is not a recognized feature for this target (ignoring feature)
'+crypto"' is not a recognized feature for this target (ignoring feature)
'+"+fp-armv8' is not a recognized feature for this target (ignoring feature)
'+crypto"' is not a recognized feature for this target (ignoring feature)
'+"+fp-armv8' is not a recognized feature for this target (ignoring feature)
'+crypto"' is not a recognized feature for this target (ignoring feature)
'+"+fp-armv8' is not a recognized feature for this target (ignoring feature)
'+crypto"' is not a recognized feature for this target (ignoring feature)
'+"+fp-armv8' is not a recognized feature for this target (ignoring feature)
'+crypto"' is not a recognized feature for this target (ignoring feature)
'+"+fp-armv8' is not a recognized feature for this target (ignoring feature)
'+crypto"' is not a recognized feature for this target (ignoring feature)
'+"+fp-armv8' is not a recognized feature for this target (ignoring feature)
'+crypto"' is not a recognized feature for this target (ignoring feature)
'+"+fp-armv8' is not a recognized feature for this target (ignoring feature)
'+crypto"' is not a recognized feature for this target (ignoring feature)
'+"+fp-armv8' is not a recognized feature for this target (ignoring feature)
'+crypto"' is not a recognized feature for this target (ignoring feature)
'+"+fp-armv8' is not a recognized feature for this target (ignoring feature)
'+crypto"' is not a recognized feature for this target (ignoring feature)
'+"+fp-armv8' is not a recognized feature for this target (ignoring feature)
'+crypto"' is not a recognized feature for this target (ignoring feature)
'+"+fp-armv8' is not a recognized feature for this target (ignoring feature)
'+crypto"' is not a recognized feature for this target (ignoring feature)
'+"+fp-armv8' is not a recognized feature for this target (ignoring feature)
'+crypto"' is not a recognized feature for this target (ignoring feature)
'+"+fp-armv8' is not a recognized feature for this target (ignoring feature)
'+crypto"' is not a recognized feature for this target (ignoring feature)
'+"+fp-armv8' is not a recognized feature for this target (ignoring feature)
'+crypto"' is not a recognized feature for this target (ignoring feature)
'+"+fp-armv8' is not a recognized feature for this target (ignoring feature)
'+crypto"' is not a recognized feature for this target (ignoring feature)
'+"+fp-armv8' is not a recognized feature for this target (ignoring feature)
'+crypto"' is not a recognized feature for this target (ignoring feature)
'+"+fp-armv8' is not a recognized feature for this target (ignoring feature)
'+crypto"' is not a recognized feature for this target (ignoring feature)
'+"+fp-armv8' is not a recognized feature for this target (ignoring feature)
'+crypto"' is not a recognized feature for this target (ignoring feature)
'+"+fp-armv8' is not a recognized feature for this target (ignoring feature)
'+crypto"' is not a recognized feature for this target (ignoring feature)
'+"+fp-armv8' is not a recognized feature for this target (ignoring feature)
'+crypto"' is not a recognized feature for this target (ignoring feature)
'+"+fp-armv8' is not a recognized feature for this target (ignoring feature)
'+crypto"' is not a recognized feature for this target (ignoring feature)
'+"+fp-armv8' is not a recognized feature for this target (ignoring feature)
'+crypto"' is not a recognized feature for this target (ignoring feature)
'+"+fp-armv8' is not a recognized feature for this target (ignoring feature)
'+crypto"' is not a recognized feature for this target (ignoring feature)
'+"+fp-armv8' is not a recognized feature for this target (ignoring feature)
'+crypto"' is not a recognized feature for this target (ignoring feature)
'+"+fp-armv8' is not a recognized feature for this target (ignoring feature)
'+crypto"' is not a recognized feature for this target (ignoring feature)
'+"+fp-armv8' is not a recognized feature for this target (ignoring feature)
'+crypto"' is not a recognized feature for this target (ignoring feature)
'+"+fp-armv8' is not a recognized feature for this target (ignoring feature)
'+crypto"' is not a recognized feature for this target (ignoring feature)
'+"+fp-armv8' is not a recognized feature for this target (ignoring feature)
'+crypto"' is not a recognized feature for this target (ignoring feature)
'+"+fp-armv8' is not a recognized feature for this target (ignoring feature)
'+crypto"' is not a recognized feature for this target (ignoring feature)
'+"+fp-armv8' is not a recognized feature for this target (ignoring feature)
'+crypto"' is not a recognized feature for this target (ignoring feature)
'+"+fp-armv8' is not a recognized feature for this target (ignoring feature)
'+crypto"' is not a recognized feature for this target (ignoring feature)
'+"+fp-armv8' is not a recognized feature for this target (ignoring feature)
'+crypto"' is not a recognized feature for this target (ignoring feature)
'+"+fp-armv8' is not a recognized feature for this target (ignoring feature)
'+crypto"' is not a recognized feature for this target (ignoring feature)
'+"+fp-armv8' is not a recognized feature for this target (ignoring feature)
'+crypto"' is not a recognized feature for this target (ignoring feature)
'+"+fp-armv8' is not a recognized feature for this target (ignoring feature)
'+crypto"' is not a recognized feature for this target (ignoring feature)
'+"+fp-armv8' is not a recognized feature for this target (ignoring feature)
'+crypto"' is not a recognized feature for this target (ignoring feature)
'+"+fp-armv8' is not a recognized feature for this target (ignoring feature)
'+crypto"' is not a recognized feature for this target (ignoring feature)
'+"+fp-armv8' is not a recognized feature for this target (ignoring feature)
'+crypto"' is not a recognized feature for this target (ignoring feature)
'+"+fp-armv8' is not a recognized feature for this target (ignoring feature)
'+crypto"' is not a recognized feature for this target (ignoring feature)
'+"+fp-armv8' is not a recognized feature for this target (ignoring feature)
'+crypto"' is not a recognized feature for this target (ignoring feature)
'+"+fp-armv8' is not a recognized feature for this target (ignoring feature)
'+crypto"' is not a recognized feature for this target (ignoring feature)
'+"+fp-armv8' is not a recognized feature for this target (ignoring feature)
'+crypto"' is not a recognized feature for this target (ignoring feature)
'+"+fp-armv8' is not a recognized feature for this target (ignoring feature)
'+crypto"' is not a recognized feature for this target (ignoring feature)
'+"+fp-armv8' is not a recognized feature for this target (ignoring feature)
'+crypto"' is not a recognized feature for this target (ignoring feature)
'+"+fp-armv8' is not a recognized feature for this target (ignoring feature)
'+crypto"' is not a recognized feature for this target (ignoring feature)
'+"+fp-armv8' is not a recognized feature for this target (ignoring feature)
'+crypto"' is not a recognized feature for this target (ignoring feature)
'+"+fp-armv8' is not a recognized feature for this target (ignoring feature)
'+crypto"' is not a recognized feature for this target (ignoring feature)
'+"+fp-armv8' is not a recognized feature for this target (ignoring feature)
'+crypto"' is not a recognized feature for this target (ignoring feature)
