cset: --> last message, executed args into cpuset "/measurement/core_3", new pid is: 1448620
LSMS_3: Program started
Using 1 MPI processes
Using 1 OpenMP threads
Reading input file 'i_lsms'
Loaded input file!
System information:
===================
Number of atoms        :          2
Number of atomic types :          2
Performing Muffin-Tin (MT) calculation
communicated Parameters.
set global ids.
building the LIZ and Communication lists [buildLIZandCommLists]
lizConstruction algorithm : original
  time for cell sorting: 0.000001 sec
  time to build LIZs: 0.000154 sec
  time to build communication lists: 0.000536 sec
time for buildLIZandCommLists [num_local=2]: 0.000858 sec
LSMS Globals:
  iprpts=1051
  ipcore=30
  iprint=0
  print_node=0
  default_iprint=-1
  istop=main                            
  linearSolver=0 "default solver: CPU zblocklu c++ (0x005)"
  buildKKRMatrix=0 "default buildKKRMatrix: LSMS 1 buildKKRMatrix (0x1000)"
Title        : 'Iron-Platinum test for LSMS 3'
Id           : 'fept'
No. Atoms    : 2
Mtasa        : 0
Voronoi      : 0
Pot. In     : v_fept [Text (BIGCELL format)]
Pot. Out  : not written.
spin_cant    : 2
Relativity   : scalar relativistic
LSMS Mode    : main
xcFunctional : 0 1 -1 [von Barth-Hedin (LSMS_1)]
Electron T   : 0K
RMS Tol.     : 1e-08
Energy Tol.  : 1e-06
No. of Alloy Classes : 0
Constructing Voronoi polyhedra using the NEW algorithm.

 SETUP_VORPOL:: Boundary Planes
          1  -1.30450   1.30450   1.76450
          2   1.30450  -1.30450  -1.76450
          3  -1.30450  -1.30450   1.76450
          4  -1.30450  -1.30450  -1.76450
          5   1.30450  -1.30450   1.76450
          6   1.30450   1.30450  -1.76450
          7   1.30450   1.30450   1.76450
          8  -1.30450   1.30450  -1.76450
          9   0.00000   2.60900   0.00000
         10  -2.60900   0.00000   0.00000
         11   0.00000  -2.60900   0.00000
         12   2.60900   0.00000   0.00000
         13   0.00000   0.00000   3.52900
         14   0.00000   0.00000  -3.52900

 SETUP_VORPOL:: nbnd,ncorn,nedge:   14   24   36
 SETUP_VORPOL:: number of critical r-points for w(r) =    7
            i=   1 rcrit=2.5528221148D+00
            i=   2 rcrit=2.6090000000D+00
            i=   3 rcrit=2.9698520954D+00
            i=   4 rcrit=3.1496573226D+00
            i=   5 rcrit=3.5290000000D+00
            i=   6 rcrit=3.5324988215D+00
            i=   7 rcrit=3.5359941810D+00
SETUP_VORPOL:Muffin-tin radius         =    2.55282211
             Bounding sphere radius    =    3.53599418
             Interstial region vol.    =   26.39917018

 SETUP_VORPOL:: Boundary Planes
          1  -1.30450   1.30450   1.76450
          2  -1.30450   1.30450  -1.76450
          3   1.30450   1.30450  -1.76450
          4   1.30450   1.30450   1.76450
          5   1.30450  -1.30450   1.76450
          6  -1.30450  -1.30450   1.76450
          7  -1.30450  -1.30450  -1.76450
          8   1.30450  -1.30450  -1.76450
          9   2.60900   0.00000   0.00000
         10   0.00000  -2.60900   0.00000
         11  -2.60900   0.00000   0.00000
         12   0.00000   2.60900   0.00000
         13   0.00000   0.00000   3.52900
         14   0.00000   0.00000  -3.52900

 SETUP_VORPOL:: nbnd,ncorn,nedge:   14   24   36
 SETUP_VORPOL:: number of critical r-points for w(r) =    7
            i=   1 rcrit=2.5528221148D+00
            i=   2 rcrit=2.6090000000D+00
            i=   3 rcrit=2.9698520954D+00
            i=   4 rcrit=3.1496573226D+00
            i=   5 rcrit=3.5290000000D+00
            i=   6 rcrit=3.5324988215D+00
            i=   7 rcrit=3.5359941810D+00
SETUP_VORPOL:Muffin-tin radius         =    2.55282211
             Bounding sphere radius    =    3.53599418
             Interstial region vol.    =   26.39917018
time setupVorpol : 0.051448 sec
Loading Potentials Serially.
time loadPotential: 0.004176 sec

LIZ for atom 0 on this node
 No.        dist       Global Idx      Store Idx
   0     0.0000000       0      0
   1     5.1056442       1      1
   2     5.1056442       1      1
   3     5.1056442       1      1
   4     5.1056442       1      1
   5     5.1056442       1      1
   6     5.1056442       1      1
   7     5.1056442       1      1
   8     5.1056442       1      1
   9     5.2180000       0      0
  10     5.2180000       0      0
  11     5.2180000       0      0
  12     5.2180000       0      0
  13     7.0580000       0      0
  14     7.0580000       0      0
  15     7.3793664       0      0
  16     7.3793664       0      0
  17     7.3793664       0      0
  18     7.3793664       0      0
  19     8.7774078       0      0
  20     8.7774078       0      0
  21     8.7774078       0      0
  22     8.7774078       0      0
  23     8.7774078       0      0
  24     8.7774078       0      0
  25     8.7774078       0      0
  26     8.7774078       0      0
  27     8.9734414       1      1
  28     8.9734414       1      1
  29     8.9734414       1      1
  30     8.9734414       1      1
  31     8.9734414       1      1
  32     8.9734414       1      1
  33     8.9734414       1      1
  34     8.9734414       1      1
  35     8.9734414       1      1
  36     8.9734414       1      1
  37     8.9734414       1      1
  38     8.9734414       1      1
  39     8.9734414       1      1
  40     8.9734414       1      1
  41     8.9734414       1      1
  42     8.9734414       1      1
  43    10.2112885       0      0
  44    10.2112885       0      0
  45    10.2112885       0      0
  46    10.2112885       0      0
  47    10.2112885       0      0
  48    10.2112885       0      0
  49    10.2112885       0      0
  50    10.2112885       0      0
  51    10.4360000       0      0
  52    10.4360000       0      0
  53    10.4360000       0      0
  54    10.4360000       0      0
  55    11.2115267       1      1
  56    11.2115267       1      1
  57    11.2115267       1      1
  58    11.2115267       1      1
  59    11.2115267       1      1
  60    11.2115267       1      1
  61    11.2115267       1      1
  62    11.2115267       1      1
  63    11.6179903       1      1
  64    11.6179903       1      1
  65    11.6179903       1      1
  66    11.6179903       1      1
  67    11.6179903       1      1
  68    11.6179903       1      1
  69    11.6179903       1      1
  70    11.6179903       1      1
  71    11.6678027       0      0
  72    11.6678027       0      0
  73    11.6678027       0      0
  74    11.6678027       0      0
  75    11.6678027       0      0
  76    11.6678027       0      0
  77    11.6678027       0      0
  78    11.6678027       0      0
Constructing Voronoi polyhedra using the NEW algorithm.

 SETUP_VORPOL:: Boundary Planes
          1  -1.30450   1.30450   1.76450
          2   1.30450  -1.30450  -1.76450
          3  -1.30450  -1.30450   1.76450
          4  -1.30450  -1.30450  -1.76450
          5   1.30450  -1.30450   1.76450
          6   1.30450   1.30450  -1.76450
          7   1.30450   1.30450   1.76450
          8  -1.30450   1.30450  -1.76450
          9   0.00000   2.60900   0.00000
         10  -2.60900   0.00000   0.00000
         11   0.00000  -2.60900   0.00000
         12   2.60900   0.00000   0.00000
         13   0.00000   0.00000   3.52900
         14   0.00000   0.00000  -3.52900

 SETUP_VORPOL:: nbnd,ncorn,nedge:   14   24   36
 SETUP_VORPOL:: number of critical r-points for w(r) =    7
            i=   1 rcrit=2.5528221148D+00
            i=   2 rcrit=2.6090000000D+00
            i=   3 rcrit=2.9698520954D+00
            i=   4 rcrit=3.1496573226D+00
            i=   5 rcrit=3.5290000000D+00
            i=   6 rcrit=3.5324988215D+00
            i=   7 rcrit=3.5359941810D+00
SETUP_VORPOL:Muffin-tin radius         =    2.55282211
             Bounding sphere radius    =    3.53599418
             Interstial region vol.    =   26.39917018

 SETUP_VORPOL:: Boundary Planes
          1  -1.30450   1.30450   1.76450
          2  -1.30450   1.30450  -1.76450
          3   1.30450   1.30450  -1.76450
          4   1.30450   1.30450   1.76450
          5   1.30450  -1.30450   1.76450
          6  -1.30450  -1.30450   1.76450
          7  -1.30450  -1.30450  -1.76450
          8   1.30450  -1.30450  -1.76450
          9   2.60900   0.00000   0.00000
         10   0.00000  -2.60900   0.00000
         11  -2.60900   0.00000   0.00000
         12   0.00000   2.60900   0.00000
         13   0.00000   0.00000   3.52900
         14   0.00000   0.00000  -3.52900

 SETUP_VORPOL:: nbnd,ncorn,nedge:   14   24   36
 SETUP_VORPOL:: number of critical r-points for w(r) =    7
            i=   1 rcrit=2.5528221148D+00
            i=   2 rcrit=2.6090000000D+00
            i=   3 rcrit=2.9698520954D+00
            i=   4 rcrit=3.1496573226D+00
            i=   5 rcrit=3.5290000000D+00
            i=   6 rcrit=3.5324988215D+00
            i=   7 rcrit=3.5359941810D+00
SETUP_VORPOL:Muffin-tin radius         =    2.55282211
             Bounding sphere radius    =    3.53599418
             Interstial region vol.    =   26.39917018
time setupVorpol : 0.047736 sec

Total cell volume     =    192.1718592919334
Volume renorm. factor =      1.0000000265391
WS cell volume        =     96.0859296459667
Interstitial volume   =     52.7983403667025
WS sphere radius      =      2.8413434263139
Circumscribed radius  =      3.5359941809589
time calculateVolumes: 0.000015 sec


Mixing method     : broyden
Mixing quantity   : potential
Mixing parameters : 0.05
No moment mixing!
time setupMixing: 0.000007 sec

Madelung calculations!
Eta:     0.635263
Scaling: 4.530470
Real space:         4   4   3: 8.018276      567
Reciprocal space:   4   4   5: 36.864396      891
Time:            Real: 0.000002
Time:      Reciprocal: 0.000001
Time:            Loop: 0.000976
time calculateMultiMadelungMatrices: 0.001763 sec


calculateCoreState 0.0
getCoreStates: spin index #0
Eigenvalues: n    l    k         energy      type
             1    0   -1     -513.0234416331876    C
             2    0   -1      -59.1518868510807    C
             2    1    1      -50.9902928627271    C
             2    1   -2      -50.0697607949191    C
             3    0   -1       -5.7461714974619    S
             3    1    1       -3.3552462376819    S
             3    1   -2       -3.2398540140068    S
          Energy     core:    -723.30514294
          Energy semicore:     -15.58112576
getCoreStates: spin index #1
Eigenvalues: n    l    k         energy      type
             1    0   -1     -513.0229811211440    C
             2    0   -1      -59.0562836976026    C
             2    1    1      -50.9179576620598    C
             2    1   -2      -49.9955015272387    C
             3    0   -1       -5.5505684598261    S
             3    1    1       -3.1650419904928    S
             3    1   -2       -3.0510077870607    S
          Energy     core:    -722.98822554
          Energy semicore:     -14.81762602

getCoreStates: Muffin-tin core charge        =    9.99999989244
               Muffin-tin semicore charge    =    7.99277471074
               Muffin-tin core+semi moment   =    0.00053699007
               Wigner-Seitz core+semi moment =   -0.00000001376
               Interstitial charge core      =    0.00722539683

calculateCoreState 0.1
getCoreStates: spin index #0
Eigenvalues: n    l    k         energy      type
             1    0   -1    -5807.7405213903185    C
             2    0   -1    -1028.9229829084718    C
             2    1    1     -991.0602679801372    C
             2    1   -2     -860.6401436465136    C
             3    0   -1     -242.8750265013070    C
             3    1    1     -224.8801884362949    C
             3    1   -2     -195.9915958799368    C
             3    2    2     -164.9177442103467    C
             3    2   -3     -158.5760658521737    C
             4    0   -1      -52.0342250914341    C
             4    1    1      -44.1737138186454    C
             4    1   -2      -37.2057870975875    C
             4    2    2      -23.9971306389475    C
             4    2   -3      -22.6704268190472    C
             4    3    3       -5.5059102779502    S
             4    3   -4       -5.2210705179394    S
             5    0   -1       -7.0346755199087    S
             5    1    1       -4.4371073938427    S
             5    1   -2       -3.2385512522151    S
          Energy     core:  -11500.93120709
          Energy semicore:     -55.35089832
getCoreStates: spin index #1
Eigenvalues: n    l    k         energy      type
             1    0   -1    -5807.7405213903185    C
             2    0   -1    -1028.9229829084718    C
             2    1    1     -991.0602679801372    C
             2    1   -2     -860.6401436465136    C
             3    0   -1     -242.8750265013070    C
             3    1    1     -224.8801884362949    C
             3    1   -2     -195.9915958799368    C
             3    2    2     -164.9177442103467    C
             3    2   -3     -158.5760658521737    C
             4    0   -1      -52.0342250914341    C
             4    1    1      -44.1737138186454    C
             4    1   -2      -37.2057870975875    C
             4    2    2      -23.9971306389475    C
             4    2   -3      -22.6704268190472    C
             4    3    3       -5.5059102779502    S
             4    3   -4       -5.2210705179394    S
             5    0   -1       -7.0346755199087    S
             5    1    1       -4.4371073938427    S
             5    1   -2       -3.2385512522151    S
          Energy     core:  -11500.93120709
          Energy semicore:     -55.35089832

getCoreStates: Muffin-tin core charge        =   45.99997530007
               Muffin-tin semicore charge    =   21.98479078883
               Muffin-tin core+semi moment   =    0.00000000000
               Wigner-Seitz core+semi moment =    0.00000000000
               Interstitial charge core      =    0.01523391110
Maximal Core State = -3.05101Ry
Finished calculateCoreStates(...)
time Mixing->Prepare: 0.000428 sec

Warmup threshold: 1902
Start threshold: 11867
End threshold: 4
ROI begin
Total number of iterations:50
SCF iteration 0:
** Energy Contour Integration **
Energy Contour Parameters: grid=2  npts=31
                           ebot=-0.300000 etop=0.722788 eibot=0.002500 eitop=0.825000
                           temperature = 0.000000 K
timeSingleScatteres = 0.429892 sec
Energy #0 (-0.299995,0.002340)
  timeBuildKKRMatrix=0.312940
  timeBuildKKRMatrix=0.299207
Energy #1 (-0.299852,0.012301)
  timeBuildKKRMatrix=0.300448
  timeBuildKKRMatrix=0.302876
Energy #2 (-0.299113,0.030103)
  timeBuildKKRMatrix=0.304151
  timeBuildKKRMatrix=0.300072
Energy #3 (-0.296978,0.055513)
  timeBuildKKRMatrix=0.300488
  timeBuildKKRMatrix=0.299511
Energy #4 (-0.292352,0.088113)
  timeBuildKKRMatrix=0.299342
  timeBuildKKRMatrix=0.299372
Energy #5 (-0.283918,0.127241)
  timeBuildKKRMatrix=0.299493
  timeBuildKKRMatrix=0.299514
Energy #6 (-0.270237,0.171918)
  timeBuildKKRMatrix=0.299479
  timeBuildKKRMatrix=0.299787
Energy #7 (-0.249874,0.220806)
  timeBuildKKRMatrix=0.299236
  timeBuildKKRMatrix=0.299955
Energy #8 (-0.221551,0.272180)
  timeBuildKKRMatrix=0.302150
  timeBuildKKRMatrix=0.302193
Energy #9 (-0.184300,0.323960)
  timeBuildKKRMatrix=0.303910
  timeBuildKKRMatrix=0.302517
Energy #10 (-0.137620,0.373782)
  timeBuildKKRMatrix=0.303896
  timeBuildKKRMatrix=0.302727
Energy #11 (-0.081598,0.419141)
  timeBuildKKRMatrix=0.302373
  timeBuildKKRMatrix=0.302815
Energy #12 (-0.016986,0.457566)
  timeBuildKKRMatrix=0.302773
  timeBuildKKRMatrix=0.302852
Energy #13 (0.054801,0.486829)
  timeBuildKKRMatrix=0.301462
  timeBuildKKRMatrix=0.301251
Energy #14 (0.131747,0.505154)
  timeBuildKKRMatrix=0.301448
  timeBuildKKRMatrix=0.300141
Energy #15 (0.211394,0.511394)
  timeBuildKKRMatrix=0.300794
  timeBuildKKRMatrix=0.300493
Energy #16 (0.291041,0.505154)
  timeBuildKKRMatrix=0.300144
  timeBuildKKRMatrix=0.300117
Energy #17 (0.367987,0.486829)
  timeBuildKKRMatrix=0.300757
  timeBuildKKRMatrix=0.300932
Energy #18 (0.439774,0.457566)
  timeBuildKKRMatrix=0.300984
  timeBuildKKRMatrix=0.300533
Energy #19 (0.504387,0.419141)
  timeBuildKKRMatrix=0.300950
  timeBuildKKRMatrix=0.300513
Energy #20 (0.560408,0.373782)
  timeBuildKKRMatrix=0.300459
  timeBuildKKRMatrix=0.300161
Energy #21 (0.607089,0.323960)
  timeBuildKKRMatrix=0.302479
  timeBuildKKRMatrix=0.304891
Energy #22 (0.644340,0.272180)
  timeBuildKKRMatrix=0.301896
  timeBuildKKRMatrix=0.300767
Energy #23 (0.672663,0.220806)
  timeBuildKKRMatrix=0.300629
  timeBuildKKRMatrix=0.300662
Energy #24 (0.693025,0.171918)
  timeBuildKKRMatrix=0.301370
  timeBuildKKRMatrix=0.300648
Energy #25 (0.706706,0.127241)
  timeBuildKKRMatrix=0.301893
  timeBuildKKRMatrix=0.301187
Energy #26 (0.715140,0.088113)
  timeBuildKKRMatrix=0.301459
  timeBuildKKRMatrix=0.300918
Energy #27 (0.719766,0.055513)
  timeBuildKKRMatrix=0.302155
  timeBuildKKRMatrix=0.302112
Energy #28 (0.721901,0.030103)
  timeBuildKKRMatrix=0.303737
  timeBuildKKRMatrix=0.302933
Energy #29 (0.722640,0.012301)
  timeBuildKKRMatrix=0.303837
  timeBuildKKRMatrix=0.302875
Energy #30 (0.722783,0.002340)
  timeBuildKKRMatrix=0.303997
  timeBuildKKRMatrix=0.302743
Energy #31 (0.722788,0.002500)
  timeBuildKKRMatrix=0.303518
  timeBuildKKRMatrix=0.302934
time in energyContourIntegration = 502.384939 sec
  before energy loop             = 0.000192 sec
  in energy loop                 = 502.384747 sec
    in calculateAllTauMatrices   = 501.689032 sec
atom[0].dosint[0] = 8.690687  atom[0].dosint[1] = 0.000000
atom[0].dosint[2] = 0.000000  atom[0].dosint[3] = 2.281917
calculateChempot: xtws = 19.755300 zvaltss = 18.000000 tnen = 23.342671 old chempot = 0.722788
           new chempot = 0.647591
 GETDOS:  moment = (  0.00000000,   0.00000000,   3.29118115)
 GETCS:   moment = (  0.00000000,   0.00000000,   0.00053699)
 GETEVEC: moment = (  0.00000000,   0.00000000,   3.29171814) magnitude =   3.29171814
 EVEC OLD: moment =   0.00000000,   0.00000000,   0.00000000
 EVEC FIX: moment =   0.00000000,   0.00000000,   1.00000000
 EVEC NEW: moment =   0.00000000,   0.00000000,   1.00000000
 GETDOS:  moment = (  0.00000000,   0.00000000,   0.03468749)
 GETCS:   moment = (  0.00000000,   0.00000000,   0.00000000)
 GETEVEC: moment = (  0.00000000,   0.00000000,   0.03468749) magnitude =   0.03468749
 EVEC OLD: moment =   0.00000000,   0.00000000,   0.00000000
 EVEC FIX: moment =   0.00000000,   0.00000000,   1.00000000
 EVEC NEW: moment =   0.00000000,   0.00000000,   1.00000000
Total valence charge =    6.36955106721864083852
Total valence charge =    9.82616408549701070285

 GETQM_MT:: r_sph charge,w             =    24.36232391743     0.00000000000     2.55282211484 1001    0
            muffin-tin moment          =     3.29171797187

 GENPOT / calculateCharges: 
 Total charge and moment in W-S cell:
 qtotws =     25.21516867698
 mtotws =      3.29462336130

 GETQM_MT:: r_sph charge,w             =    77.81096427900     0.00000000000     2.55282211484  501    0
            muffin-tin moment          =     0.00000000000

 GENPOT / calculateCharges: 
 Total charge and moment in W-S cell:
 qtotws =     78.78483132302
 mtotws =      0.02312517754
Total interstitial charge =      1.82671180357
Total interstitial moment =      0.00000000000
Total interstitial charge =      1.82671180357
Total interstitial moment =      0.00000000000

calculateTotalEnergy:  ==============================================
Total Energy contribution from atom 0.0:
evssum                      =     -1476.6921202597150113433599472 Ry
ks                          =     -4041.3943401343162804550956935 Ry
kinetic Energy              =      2568.1736839804079863824881613 Ry
erho                        =      1029.3337593165938415040727705 Ry
ezrho                       =     -6031.7765989704594176146201789 Ry
Coulomb Energy              =     -5002.4428396538660308578982949 Ry
Exchange-Correlation Energy =      -104.9799940952394194937369321 Ry
ezpt                        =         0.0024035816618223231934393 Ry
LSF energy                  =         0.0000000000000000000000000 Ry
Total Energy contribution from atom 0.1:
evssum                      =    -23112.5642108214451582171022892 Ry
ks                          =    -66075.7792335287667810916900635 Ry
kinetic Energy              =     42966.5423277506197337061166763 Ry
erho                        =     14759.1051636944539495743811131 Ry
ezrho                       =    -93885.6445788806595373898744583 Ry
Coulomb Energy              =    -79126.5394151862128637731075287 Ry
Exchange-Correlation Energy =      -705.8767192261077525472501293 Ry
ezpt                        =         0.0000000000000000000000000 Ry
LSF energy                  =         0.0000000000000000000000000 Ry
calculateTotalEnergy:  ----------------------------------------------
Total Energy              =    -39407.0811594364349730312824249 Ry
Pressure                  =        -1.8529242375180561275271884 Ry
=====================================================================

calculateCoreState 0.0
getCoreStates: spin index #0
Eigenvalues: n    l    k         energy      type
             1    0   -1     -513.0234416331876    C
             2    0   -1      -59.1518868510807    C
             2    1    1      -50.9902928627271    C
             2    1   -2      -50.0697607949191    C
             3    0   -1       -5.7461714974619    S
             3    1    1       -3.3552462376819    S
             3    1   -2       -3.2398540140068    S
          Energy     core:    -723.30514294
          Energy semicore:     -15.58112576
getCoreStates: spin index #1
Eigenvalues: n    l    k         energy      type
             1    0   -1     -513.0229811211440    C
             2    0   -1      -59.0562836976026    C
             2    1    1      -50.9179576620598    C
             2    1   -2      -49.9955015272387    C
             3    0   -1       -5.5505684598261    S
             3    1    1       -3.1650419904928    S
             3    1   -2       -3.0510077870607    S
          Energy     core:    -722.98822554
          Energy semicore:     -14.81762602

getCoreStates: Muffin-tin core charge        =    9.99999989244
               Muffin-tin semicore charge    =    7.99277471074
               Muffin-tin core+semi moment   =    0.00053699007
               Wigner-Seitz core+semi moment =   -0.00000001376
               Interstitial charge core      =    0.00722539683

calculateCoreState 0.1
getCoreStates: spin index #0
Eigenvalues: n    l    k         energy      type
             1    0   -1    -5807.7405213903185    C
             2    0   -1    -1028.9229827738593    C
             2    1    1     -991.0602678124741    C
             2    1   -2     -860.6401436465136    C
             3    0   -1     -242.8750264519504    C
             3    1    1     -224.8801883594985    C
             3    1   -2     -195.9915958799368    C
             3    2    2     -164.9177442103467    C
             3    2   -3     -158.5760658521737    C
             4    0   -1      -52.0342250420100    C
             4    1    1      -44.1737144163886    C
             4    1   -2      -37.2057872894716    C
             4    2    2      -23.9971306389475    C
             4    2   -3      -22.6704268190472    C
             4    3    3       -5.5059102779502    S
             4    3   -4       -5.2210705179394    S
             5    0   -1       -7.0346755199087    S
             5    1    1       -4.4371073938427    S
             5    1   -2       -3.2385512522151    S
          Energy     core:  -11500.93120759
          Energy semicore:     -55.35089832
getCoreStates: spin index #1
Eigenvalues: n    l    k         energy      type
             1    0   -1    -5807.7405213903185    C
             2    0   -1    -1028.9229827738593    C
             2    1    1     -991.0602678124741    C
             2    1   -2     -860.6401436465136    C
             3    0   -1     -242.8750264519504    C
             3    1    1     -224.8801883594985    C
             3    1   -2     -195.9915958799368    C
             3    2    2     -164.9177442103467    C
             3    2   -3     -158.5760658521737    C
             4    0   -1      -52.0342250420100    C
             4    1    1      -44.1737144163886    C
             4    1   -2      -37.2057872894716    C
             4    2    2      -23.9971306389475    C
             4    2   -3      -22.6704268190472    C
             4    3    3       -5.5059102779502    S
             4    3   -4       -5.2210705179394    S
             5    0   -1       -7.0346755199087    S
             5    1    1       -4.4371073938427    S
             5    1   -2       -3.2385512522151    S
          Energy     core:  -11500.93120759
          Energy semicore:     -55.35089832

getCoreStates: Muffin-tin core charge        =   45.99997530007
               Muffin-tin semicore charge    =   21.98479078883
               Muffin-tin core+semi moment   =   -0.00000000000
               Wigner-Seitz core+semi moment =    0.00000000000
               Interstitial charge core      =    0.01523391110
Maximal Core State = -3.05101Ry

 GETQM_MT:: r_sph charge,w             =    24.36232391743     0.00000000000     2.55282211484 1001    0
            muffin-tin moment          =     3.29171797187

 GENPOT / calculateCharges: 
 Total charge and moment in W-S cell:
 qtotws =     25.21516867698
 mtotws =      3.29462336130

 GETQM_MT:: r_sph charge,w             =    77.81096427900     0.00000000000     2.55282211484  501    0
            muffin-tin moment          =     0.00000000000

 GENPOT / calculateCharges: 
 Total charge and moment in W-S cell:
 qtotws =     78.78483132302
 mtotws =      0.02312517754
Total interstitial charge =      1.82671180357
Total interstitial moment =      0.00000000000
Total interstitial charge =      1.82671180357
Total interstitial moment =      0.00000000000
MTZ          =      0.741183483 Ry
Band Energy  =      6.798769149 Ry        Fermi Energy =  0.647591095 Ry
Total Energy = -39407.081159436 Ry
RMS = 0.62145

calculateCoreState 0.0
getCoreStates: spin index #0
Eigenvalues: n    l    k         energy      type
             1    0   -1     -513.0410212197555    C
             2    0   -1      -59.2180731847616    C
             2    1    1      -51.0536747410454    C
             2    1   -2      -50.1334900304434    C
             3    0   -1       -5.8070938457562    S
             3    1    1       -3.4146074853220    S
             3    1   -2       -3.2988914266098    S
          Energy     core:    -723.57974921
          Energy semicore:     -15.81948418
getCoreStates: spin index #1
Eigenvalues: n    l    k         energy      type
             1    0   -1     -513.0405199911850    C
             2    0   -1      -59.1208244616581    C
             2    1    1      -50.9800768445295    C
             2    1   -2      -50.0579356370970    C
             3    0   -1       -5.6077182859708    S
             3    1    1       -3.2205968673820    S
             3    1   -2       -3.1062424376656    S
          Energy     core:    -723.25729257
          Energy semicore:     -15.04080003

getCoreStates: Muffin-tin core charge        =    9.99999989242
               Muffin-tin semicore charge    =    7.99305719693
               Muffin-tin core+semi moment   =    0.00051862195
               Wigner-Seitz core+semi moment =    0.00000000032
               Interstitial charge core      =    0.00694291065

calculateCoreState 0.1
getCoreStates: spin index #0
Eigenvalues: n    l    k         energy      type
             1    0   -1    -5804.2213834622462    C
             2    0   -1    -1027.4021334213382    C
             2    1    1     -989.3145411197523    C
             2    1   -2     -859.0873021764285    C
             3    0   -1     -242.1864418276686    C
             3    1    1     -224.1403710612570    C
             3    1   -2     -195.3169962549718    C
             3    2    2     -164.2069383771046    C
             3    2   -3     -157.8870787956438    C
             4    0   -1      -51.7235791603614    C
             4    1    1      -43.8571791854254    C
             4    1   -2      -36.9189595598605    C
             4    2    2      -23.7190193117215    C
             4    2   -3      -22.4011848293852    C
             4    3    3       -5.2690859871823    S
             4    3   -4       -4.9881160198656    S
             5    0   -1       -6.9213877971332    S
             5    1    1       -4.3330938831604    S
             5    1   -2       -3.1477858483317    S
          Energy     core:  -11482.20885147
          Energy semicore:     -53.30977542
getCoreStates: spin index #1
Eigenvalues: n    l    k         energy      type
             1    0   -1    -5804.2213834622462    C
             2    0   -1    -1027.4021334213382    C
             2    1    1     -989.3145411197523    C
             2    1   -2     -859.0873021764285    C
             3    0   -1     -242.1864418276686    C
             3    1    1     -224.1403710612570    C
             3    1   -2     -195.3169962549718    C
             3    2    2     -164.2069383771046    C
             3    2   -3     -157.8870787956438    C
             4    0   -1      -51.7235791603614    C
             4    1    1      -43.8571791854254    C
             4    1   -2      -36.9189595598605    C
             4    2    2      -23.7190193117215    C
             4    2   -3      -22.4011848293852    C
             4    3    3       -5.2690859871823    S
             4    3   -4       -4.9881160198656    S
             5    0   -1       -6.9213877971332    S
             5    1    1       -4.3330938831604    S
             5    1   -2       -3.1477858483317    S
          Energy     core:  -11482.20885147
          Energy semicore:     -53.30977542

getCoreStates: Muffin-tin core charge        =   45.99997499466
               Muffin-tin semicore charge    =   21.98359822283
               Muffin-tin core+semi moment   =    0.00000000000
               Wigner-Seitz core+semi moment =    0.00000000000
               Interstitial charge core      =    0.01642678251
Maximal Core State = -3.10624Ry
SCF iteration 1:
** Energy Contour Integration **
Energy Contour Parameters: grid=2  npts=31
                           ebot=-0.300000 etop=0.647591 eibot=0.002500 eitop=0.825000
                           temperature = 0.000000 K
timeSingleScatteres = 0.444452 sec
Energy #0 (-0.299995,0.002168)
  timeBuildKKRMatrix=0.309594
  timeBuildKKRMatrix=0.307508
Energy #1 (-0.299863,0.011396)
  timeBuildKKRMatrix=0.302733
  timeBuildKKRMatrix=0.302403
Energy #2 (-0.299178,0.027890)
  timeBuildKKRMatrix=0.302805
  timeBuildKKRMatrix=0.303804
Energy #3 (-0.297200,0.051432)
  timeBuildKKRMatrix=0.301797
  timeBuildKKRMatrix=0.301390
Energy #4 (-0.292914,0.081635)
  timeBuildKKRMatrix=0.302666
  timeBuildKKRMatrix=0.301336
Energy #5 (-0.285100,0.117886)
  timeBuildKKRMatrix=0.300528
  timeBuildKKRMatrix=0.300362
Energy #6 (-0.272425,0.159278)
  timeBuildKKRMatrix=0.301247
  timeBuildKKRMatrix=0.302104
Energy #7 (-0.253560,0.204572)
  timeBuildKKRMatrix=0.302396
  timeBuildKKRMatrix=0.302805
Energy #8 (-0.227319,0.252169)
  timeBuildKKRMatrix=0.302049
  timeBuildKKRMatrix=0.302554
Energy #9 (-0.192807,0.300142)
  timeBuildKKRMatrix=0.303149
  timeBuildKKRMatrix=0.301814
Energy #10 (-0.149559,0.346301)
  timeBuildKKRMatrix=0.302031
  timeBuildKKRMatrix=0.302833
Energy #11 (-0.097656,0.388325)
  timeBuildKKRMatrix=0.302041
  timeBuildKKRMatrix=0.300478
Energy #12 (-0.037793,0.423925)
  timeBuildKKRMatrix=0.301024
  timeBuildKKRMatrix=0.302763
Energy #13 (0.028715,0.451036)
  timeBuildKKRMatrix=0.301740
  timeBuildKKRMatrix=0.302492
Energy #14 (0.100004,0.468014)
  timeBuildKKRMatrix=0.303241
  timeBuildKKRMatrix=0.302253
Energy #15 (0.173796,0.473796)
  timeBuildKKRMatrix=0.303723
  timeBuildKKRMatrix=0.302699
Energy #16 (0.247587,0.468014)
  timeBuildKKRMatrix=0.302615
  timeBuildKKRMatrix=0.302995
Energy #17 (0.318876,0.451036)
  timeBuildKKRMatrix=0.302548
  timeBuildKKRMatrix=0.304839
Energy #18 (0.385384,0.423925)
  timeBuildKKRMatrix=0.305000
  timeBuildKKRMatrix=0.303385
Energy #19 (0.445247,0.388325)
  timeBuildKKRMatrix=0.305361
  timeBuildKKRMatrix=0.304285
Energy #20 (0.497150,0.346301)
  timeBuildKKRMatrix=0.305096
  timeBuildKKRMatrix=0.306438
Energy #21 (0.540398,0.300142)
  timeBuildKKRMatrix=0.307810
  timeBuildKKRMatrix=0.306927
Energy #22 (0.574910,0.252169)
  timeBuildKKRMatrix=0.308916
  timeBuildKKRMatrix=0.308293
Energy #23 (0.601151,0.204572)
  timeBuildKKRMatrix=0.308930
  timeBuildKKRMatrix=0.308333
Energy #24 (0.620016,0.159278)
  timeBuildKKRMatrix=0.309368
  timeBuildKKRMatrix=0.308786
Energy #25 (0.632691,0.117886)
  timeBuildKKRMatrix=0.309621
  timeBuildKKRMatrix=0.310096
Energy #26 (0.640505,0.081635)
  timeBuildKKRMatrix=0.309310
  timeBuildKKRMatrix=0.308393
Energy #27 (0.644791,0.051432)
  timeBuildKKRMatrix=0.309547
  timeBuildKKRMatrix=0.308457
Energy #28 (0.646770,0.027890)
  timeBuildKKRMatrix=0.306881
  timeBuildKKRMatrix=0.302770
Energy #29 (0.647454,0.011396)
  timeBuildKKRMatrix=0.302168
  timeBuildKKRMatrix=0.303279
Energy #30 (0.647586,0.002168)
  timeBuildKKRMatrix=0.302421
  timeBuildKKRMatrix=0.302983
Energy #31 (0.647591,0.002500)
  timeBuildKKRMatrix=0.302143
  timeBuildKKRMatrix=0.301347
time in energyContourIntegration = 500.163006 sec
  before energy loop             = 0.000092 sec
  in energy loop                 = 500.162913 sec
    in calculateAllTauMatrices   = 499.451959 sec
atom[0].dosint[0] = 7.944986  atom[0].dosint[1] = 0.000000
atom[0].dosint[2] = 0.000000  atom[0].dosint[3] = 2.953431
calculateChempot: xtws = 18.325068 zvaltss = 18.000000 tnen = 24.171528 old chempot = 0.647591
           new chempot = 0.634143
 GETDOS:  moment = (  0.00000000,   0.00000000,   3.11860426)
 GETCS:   moment = (  0.00000000,   0.00000000,   0.00051862)
 GETEVEC: moment = (  0.00000000,   0.00000000,   3.11912288) magnitude =   3.11912288
 EVEC OLD: moment =   0.00000000,   0.00000000,   1.00000000
 EVEC FIX: moment =   0.00000000,   0.00000000,   1.00000000
 EVEC NEW: moment =   0.00000000,   0.00000000,   1.00000000
 GETDOS:  moment = (  0.00000000,   0.00000000,   0.19982295)
 GETCS:   moment = (  0.00000000,   0.00000000,   0.00000000)
 GETEVEC: moment = (  0.00000000,   0.00000000,   0.19982295) magnitude =   0.19982295
 EVEC OLD: moment =   0.00000000,   0.00000000,   1.00000000
 EVEC FIX: moment =   0.00000000,   0.00000000,   1.00000000
 EVEC NEW: moment =   0.00000000,   0.00000000,   1.00000000
Total valence charge =    6.85807192873140536449
Total valence charge =    9.33431126139058520153

 GETQM_MT:: r_sph charge,w             =    24.85112741980     0.00000000000     2.55282211484 1001    0
            muffin-tin moment          =     3.11912270582

 GENPOT / calculateCharges: 
 Total charge and moment in W-S cell:
 qtotws =     25.69628530370
 mtotws =      3.12213560703

 GETQM_MT:: r_sph charge,w             =    77.31791711312     0.00000000000     2.55282211484  501    0
            muffin-tin moment          =     0.00000000000

 GENPOT / calculateCharges: 
 Total charge and moment in W-S cell:
 qtotws =     78.30371469630
 mtotws =      0.18472663672
Total interstitial charge =      1.83095546707
Total interstitial moment =      0.00000000000
Total interstitial charge =      1.83095546707
Total interstitial moment =      0.00000000000

calculateTotalEnergy:  ==============================================
Total Energy contribution from atom 0.0:
evssum                      =     -1477.6973259909975695336470380 Ry
ks                          =     -4051.0288291522238068864680827 Ry
kinetic Energy              =      2576.8137743739962388644926250 Ry
erho                        =      1056.2204217567909836361650378 Ry
ezrho                       =     -6066.9672998292171541834250093 Ry
Coulomb Energy              =     -5010.7468780724266252946108580 Ry
Exchange-Correlation Energy =      -106.1987210824403575770702446 Ry
ezpt                        =         0.0024035816618223231934393 Ry
LSF energy                  =         0.0000000000000000000000000 Ry
Total Energy contribution from atom 0.1:
evssum                      =    -23071.0372537825533072464168072 Ry
ks                          =    -65961.3220679660007590427994728 Ry
kinetic Energy              =     42893.8066988503560423851013184 Ry
erho                        =     14657.8211448801321239443495870 Ry
ezrho                       =    -93715.3038067614252213388681412 Ry
Coulomb Energy              =    -79057.4826618812949163839221001 Ry
Exchange-Correlation Energy =      -703.5801178920664824545383453 Ry
ezpt                        =         0.0000000000000000000000000 Ry
LSF energy                  =         0.0000000000000000000000000 Ry
calculateTotalEnergy:  ----------------------------------------------
Total Energy              =    -39409.0502850018092431128025055 Ry
Pressure                  =        -1.5568005428621400909605654 Ry
=====================================================================

calculateCoreState 0.0
getCoreStates: spin index #0
Eigenvalues: n    l    k         energy      type
             1    0   -1     -513.0410212197555    C
             2    0   -1      -59.2180731847616    C
             2    1    1      -51.0536747410454    C
             2    1   -2      -50.1334900304434    C
             3    0   -1       -5.8070938457562    S
             3    1    1       -3.4146074853220    S
             3    1   -2       -3.2988914266098    S
          Energy     core:    -723.57974921
          Energy semicore:     -15.81948418
getCoreStates: spin index #1
Eigenvalues: n    l    k         energy      type
             1    0   -1     -513.0405199911850    C
             2    0   -1      -59.1208244616581    C
             2    1    1      -50.9800768445295    C
             2    1   -2      -50.0579356370970    C
             3    0   -1       -5.6077182859708    S
             3    1    1       -3.2205968673820    S
             3    1   -2       -3.1062424376657    S
          Energy     core:    -723.25729257
          Energy semicore:     -15.04080003

getCoreStates: Muffin-tin core charge        =    9.99999989242
               Muffin-tin semicore charge    =    7.99305719693
               Muffin-tin core+semi moment   =    0.00051862195
               Wigner-Seitz core+semi moment =    0.00000000032
               Interstitial charge core      =    0.00694291065

calculateCoreState 0.1
getCoreStates: spin index #0
Eigenvalues: n    l    k         energy      type
             1    0   -1    -5804.2213834622462    C
             2    0   -1    -1027.4021334213382    C
             2    1    1     -989.3145411197523    C
             2    1   -2     -859.0873021764285    C
             3    0   -1     -242.1864418276686    C
             3    1    1     -224.1403710612570    C
             3    1   -2     -195.3169962549718    C
             3    2    2     -164.2069383771046    C
             3    2   -3     -157.8870787956438    C
             4    0   -1      -51.7235791603614    C
             4    1    1      -43.8571791854254    C
             4    1   -2      -36.9189595598605    C
             4    2    2      -23.7190193117215    C
             4    2   -3      -22.4011848293852    C
             4    3    3       -5.2690859871919    S
             4    3   -4       -4.9881160198656    S
             5    0   -1       -6.9213877971332    S
             5    1    1       -4.3330938831604    S
             5    1   -2       -3.1477858483317    S
          Energy     core:  -11482.20885147
          Energy semicore:     -53.30977542
getCoreStates: spin index #1
Eigenvalues: n    l    k         energy      type
             1    0   -1    -5804.2213834622462    C
             2    0   -1    -1027.4021334213382    C
             2    1    1     -989.3145411197523    C
             2    1   -2     -859.0873021764285    C
             3    0   -1     -242.1864418276686    C
             3    1    1     -224.1403710612570    C
             3    1   -2     -195.3169962549718    C
             3    2    2     -164.2069383771046    C
             3    2   -3     -157.8870787956438    C
             4    0   -1      -51.7235791603614    C
             4    1    1      -43.8571791854254    C
             4    1   -2      -36.9189595598605    C
             4    2    2      -23.7190193117215    C
             4    2   -3      -22.4011848293852    C
             4    3    3       -5.2690859871919    S
             4    3   -4       -4.9881160198656    S
             5    0   -1       -6.9213877971332    S
             5    1    1       -4.3330938831604    S
             5    1   -2       -3.1477858483317    S
          Energy     core:  -11482.20885147
          Energy semicore:     -53.30977542

getCoreStates: Muffin-tin core charge        =   45.99997499466
               Muffin-tin semicore charge    =   21.98359822282
               Muffin-tin core+semi moment   =    0.00000000000
               Wigner-Seitz core+semi moment =   -0.00000000000
               Interstitial charge core      =    0.01642678251
Maximal Core State = -3.10624Ry

 GETQM_MT:: r_sph charge,w             =    24.85112741980     0.00000000000     2.55282211484 1001    0
            muffin-tin moment          =     3.11912270582

 GENPOT / calculateCharges: 
 Total charge and moment in W-S cell:
 qtotws =     25.69628530370
 mtotws =      3.12213560703

 GETQM_MT:: r_sph charge,w             =    77.31791711312     0.00000000000     2.55282211484  501    0
            muffin-tin moment          =     0.00000000000

 GENPOT / calculateCharges: 
 Total charge and moment in W-S cell:
 qtotws =     78.30371469630
 mtotws =      0.18472663672
Total interstitial charge =      1.83095546707
Total interstitial moment =      0.00000000000
Total interstitial charge =      1.83095546707
Total interstitial moment =      0.00000000000
MTZ          =      0.742905338 Ry
Band Energy  =      7.004155880 Ry        Fermi Energy =  0.634142699 Ry
Total Energy = -39409.050285002 Ry
RMS = 0.00990859

calculateCoreState 0.0
getCoreStates: spin index #0
Eigenvalues: n    l    k         energy      type
             1    0   -1     -512.9517597077165    C
             2    0   -1      -59.2500782881528    C
             2    1    1      -51.0777660625280    C
             2    1   -2      -50.1585286509565    C
             3    0   -1       -5.8652830071215    S
             3    1    1       -3.4716946753279    S
             3    1   -2       -3.3558881306030    S
          Energy     core:    -723.59666136
          Energy semicore:     -16.04875394
getCoreStates: spin index #1
Eigenvalues: n    l    k         energy      type
             1    0   -1     -512.9511623227947    C
             2    0   -1      -59.1496071699622    C
             2    1    1      -51.0016757503585    C
             2    1   -2      -50.0804199010693    C
             3    0   -1       -5.6592041420214    S
             3    1    1       -3.2710184480212    S
             3    1   -2       -3.1565930292564    S
          Energy     core:    -723.26328505
          Energy semicore:     -15.24340865

getCoreStates: Muffin-tin core charge        =    9.99999989238
               Muffin-tin semicore charge    =    7.99326661200
               Muffin-tin core+semi moment   =    0.00051057891
               Wigner-Seitz core+semi moment =   -0.00000001381
               Interstitial charge core      =    0.00673349562

calculateCoreState 0.1
getCoreStates: spin index #0
Eigenvalues: n    l    k         energy      type
             1    0   -1    -5796.0049454607561    C
             2    0   -1    -1023.9548196672911    C
             2    1    1     -985.3339234520573    C
             2    1   -2     -855.5654144549213    C
             3    0   -1     -240.6998470690947    C
             3    1    1     -222.5342473156046    C
             3    1   -2     -193.8631897033573    C
             3    2    2     -162.6730389385167    C
             3    2   -3     -156.4040661273573    C
             4    0   -1      -51.0996154175301    C
             4    1    1      -43.2196002152699    C
             4    1   -2      -36.3476647571943    C
             4    2    2      -23.1688881048598    C
             4    2   -3      -21.8707540569854    C
             4    3    3       -4.8154826062870    S
             4    3   -4       -4.5429524562834    S
             5    0   -1       -6.7231321933535    S
             5    1    1       -4.1533395260952    S
             5    1   -2       -2.9944694909100    S
          Energy     core:  -11440.90785107
          Energy semicore:     -49.48366835
getCoreStates: spin index #1
Eigenvalues: n    l    k         energy      type
             1    0   -1    -5796.0049454607561    C
             2    0   -1    -1023.9548196672911    C
             2    1    1     -985.3339234520573    C
             2    1   -2     -855.5654144549213    C
             3    0   -1     -240.6998470690947    C
             3    1    1     -222.5342473156046    C
             3    1   -2     -193.8631897033573    C
             3    2    2     -162.6730389385167    C
             3    2   -3     -156.4040661273573    C
             4    0   -1      -51.0996154175301    C
             4    1    1      -43.2196002152699    C
             4    1   -2      -36.3476647571943    C
             4    2    2      -23.1688881048598    C
             4    2   -3      -21.8707540569854    C
             4    3    3       -4.8154826062870    S
             4    3   -4       -4.5429524562834    S
             5    0   -1       -6.7231321933535    S
             5    1    1       -4.1533395260952    S
             5    1   -2       -2.9944694909100    S
          Energy     core:  -11440.90785107
          Energy semicore:     -49.48366835

getCoreStates: Muffin-tin core charge        =   45.99997505243
               Muffin-tin semicore charge    =   21.98115280327
               Muffin-tin core+semi moment   =   -0.00000000000
               Wigner-Seitz core+semi moment =    0.00000000000
               Interstitial charge core      =    0.01887214430
Maximal Core State = -2.99447Ry
SCF iteration 2:
** Energy Contour Integration **
Energy Contour Parameters: grid=2  npts=31
                           ebot=-0.300000 etop=0.634143 eibot=0.002500 eitop=0.825000
                           temperature = 0.000000 K
timeSingleScatteres = 0.444471 sec
Energy #0 (-0.299995,0.002137)
  timeBuildKKRMatrix=0.304376
  timeBuildKKRMatrix=0.303515
Energy #1 (-0.299865,0.011234)
  timeBuildKKRMatrix=0.302361
  timeBuildKKRMatrix=0.303154
Energy #2 (-0.299190,0.027494)
  timeBuildKKRMatrix=0.302116
  timeBuildKKRMatrix=0.302426
Energy #3 (-0.297240,0.050702)
  timeBuildKKRMatrix=0.303763
  timeBuildKKRMatrix=0.305536
Energy #4 (-0.293015,0.080477)
  timeBuildKKRMatrix=0.306017
  timeBuildKKRMatrix=0.305623
Energy #5 (-0.285312,0.116213)
  timeBuildKKRMatrix=0.306767
  timeBuildKKRMatrix=0.307518
Energy #6 (-0.272816,0.157018)
  timeBuildKKRMatrix=0.307404
  timeBuildKKRMatrix=0.308113
Energy #7 (-0.254219,0.201668)
  timeBuildKKRMatrix=0.306678
  timeBuildKKRMatrix=0.307165
Energy #8 (-0.228351,0.248590)
  timeBuildKKRMatrix=0.308485
  timeBuildKKRMatrix=0.307991
Energy #9 (-0.194328,0.295882)
  timeBuildKKRMatrix=0.308753
  timeBuildKKRMatrix=0.308330
Energy #10 (-0.151694,0.341386)
  timeBuildKKRMatrix=0.308068
  timeBuildKKRMatrix=0.307703
Energy #11 (-0.100527,0.382814)
  timeBuildKKRMatrix=0.307541
  timeBuildKKRMatrix=0.307631
Energy #12 (-0.041515,0.417909)
  timeBuildKKRMatrix=0.307161
  timeBuildKKRMatrix=0.308269
Energy #13 (0.024050,0.444635)
  timeBuildKKRMatrix=0.306606
  timeBuildKKRMatrix=0.307600
Energy #14 (0.094328,0.461372)
  timeBuildKKRMatrix=0.307218
  timeBuildKKRMatrix=0.307719
Energy #15 (0.167071,0.467071)
  timeBuildKKRMatrix=0.307096
  timeBuildKKRMatrix=0.307836
Energy #16 (0.239815,0.461372)
  timeBuildKKRMatrix=0.308700
  timeBuildKKRMatrix=0.306644
Energy #17 (0.310093,0.444635)
  timeBuildKKRMatrix=0.306734
  timeBuildKKRMatrix=0.306701
Energy #18 (0.375657,0.417909)
  timeBuildKKRMatrix=0.306513
  timeBuildKKRMatrix=0.308324
Energy #19 (0.434670,0.382814)
  timeBuildKKRMatrix=0.307883
  timeBuildKKRMatrix=0.307892
Energy #20 (0.485836,0.341386)
  timeBuildKKRMatrix=0.308894
  timeBuildKKRMatrix=0.308109
Energy #21 (0.528471,0.295882)
  timeBuildKKRMatrix=0.309261
  timeBuildKKRMatrix=0.308219
Energy #22 (0.562493,0.248590)
  timeBuildKKRMatrix=0.307062
  timeBuildKKRMatrix=0.307861
Energy #23 (0.588362,0.201668)
  timeBuildKKRMatrix=0.308373
  timeBuildKKRMatrix=0.307151
Energy #24 (0.606959,0.157018)
  timeBuildKKRMatrix=0.306602
  timeBuildKKRMatrix=0.305676
Energy #25 (0.619454,0.116213)
  timeBuildKKRMatrix=0.305244
  timeBuildKKRMatrix=0.305983
Energy #26 (0.627157,0.080477)
  timeBuildKKRMatrix=0.306592
  timeBuildKKRMatrix=0.305248
Energy #27 (0.631383,0.050702)
  timeBuildKKRMatrix=0.306447
  timeBuildKKRMatrix=0.305951
Energy #28 (0.633333,0.027494)
  timeBuildKKRMatrix=0.305836
  timeBuildKKRMatrix=0.305575
Energy #29 (0.634008,0.011234)
  timeBuildKKRMatrix=0.307819
  timeBuildKKRMatrix=0.305996
Energy #30 (0.634138,0.002137)
  timeBuildKKRMatrix=0.305266
  timeBuildKKRMatrix=0.305730
Energy #31 (0.634143,0.002500)
  timeBuildKKRMatrix=0.306211
  timeBuildKKRMatrix=0.305500
time in energyContourIntegration = 487.842052 sec
  before energy loop             = 0.000082 sec
  in energy loop                 = 487.841970 sec
    in calculateAllTauMatrices   = 487.130884 sec
atom[0].dosint[0] = 8.708229  atom[0].dosint[1] = 0.000000
atom[0].dosint[2] = 0.000000  atom[0].dosint[3] = 2.505627
calculateChempot: xtws = 18.276770 zvaltss = 18.000000 tnen = 32.279701 old chempot = 0.634143
           new chempot = 0.625569
 GETDOS:  moment = (  0.00000000,   0.00000000,   2.67767202)
 GETCS:   moment = (  0.00000000,   0.00000000,   0.00051058)
 GETEVEC: moment = (  0.00000000,   0.00000000,   2.67818260) magnitude =   2.67818260
 EVEC OLD: moment =   0.00000000,   0.00000000,   1.00000000
 EVEC FIX: moment =   0.00000000,   0.00000000,   1.00000000
 EVEC NEW: moment =   0.00000000,   0.00000000,   1.00000000
 GETDOS:  moment = (  0.00000000,   0.00000000,   0.35011686)
 GETCS:   moment = ( -0.00000000,  -0.00000000,  -0.00000000)
 GETEVEC: moment = (  0.00000000,   0.00000000,   0.35011686) magnitude =   0.35011686
 EVEC OLD: moment =   0.00000000,   0.00000000,   1.00000000
 EVEC FIX: moment =   0.00000000,   0.00000000,   1.00000000
 EVEC NEW: moment =   0.00000000,   0.00000000,   1.00000000
Total valence charge =    7.63806569276990199313
Total valence charge =    8.48748786571367119791

 GETQM_MT:: r_sph charge,w             =    25.63133068480     0.00000000000     2.55282211484 1001    0
            muffin-tin moment          =     2.67818249006

 GENPOT / calculateCharges: 
 Total charge and moment in W-S cell:
 qtotws =     26.51100199601
 mtotws =      2.66440964292

 GETQM_MT:: r_sph charge,w             =    76.46864392922     0.00000000000     2.55282211484  501    0
            muffin-tin moment          =     0.00000000000

 GENPOT / calculateCharges: 
 Total charge and moment in W-S cell:
 qtotws =     77.48899800399
 mtotws =      0.33390471459
Total interstitial charge =      1.90002538599
Total interstitial moment =      0.00000000000
Total interstitial charge =      1.90002538599
Total interstitial moment =      0.00000000000

calculateTotalEnergy:  ==============================================
Total Energy contribution from atom 0.0:
evssum                      =     -1478.1521089977752581035019830 Ry
ks                          =     -4061.9655517022242747771088034 Ry
kinetic Energy              =      2587.4795343158266405225731432 Ry
erho                        =      1095.3950800377076575387036428 Ry
ezrho                       =     -6115.5606359664288902422413230 Ry
Coulomb Energy              =     -5020.1655559287210053298622370 Ry
Exchange-Correlation Energy =      -107.8923594395637053366954206 Ry
ezpt                        =         0.0024035816618223231934393 Ry
LSF energy                  =         0.0000000000000000000000000 Ry
Total Energy contribution from atom 0.1:
evssum                      =    -22980.7830388271904666908085346 Ry
ks                          =    -65713.8999336755805416032671928 Ry
kinetic Energy              =     42736.8627519122965168207883835 Ry
erho                        =     14470.7562252021689346292987466 Ry
ezrho                       =    -93377.1300021288770949468016624 Ry
Coulomb Energy              =    -78906.3737769267027033492922783 Ry
Exchange-Correlation Energy =      -699.1390252169061341191991232 Ry
ezpt                        =         0.0000000000000000000000000 Ry
LSF energy                  =         0.0000000000000000000000000 Ry
calculateTotalEnergy:  ----------------------------------------------
Total Energy              =    -39411.1686734661998343653976917 Ry
Pressure                  =        -1.8297635937944172201952142 Ry
=====================================================================

calculateCoreState 0.0
getCoreStates: spin index #0
Eigenvalues: n    l    k         energy      type
             1    0   -1     -512.9517597077165    C
             2    0   -1      -59.2500782881528    C
             2    1    1      -51.0777660625280    C
             2    1   -2      -50.1585286509565    C
             3    0   -1       -5.8652830071215    S
             3    1    1       -3.4716946753279    S
             3    1   -2       -3.3558881306030    S
          Energy     core:    -723.59666136
          Energy semicore:     -16.04875394
getCoreStates: spin index #1
Eigenvalues: n    l    k         energy      type
             1    0   -1     -512.9511623227947    C
             2    0   -1      -59.1496071699622    C
             2    1    1      -51.0016757503585    C
             2    1   -2      -50.0804199010693    C
             3    0   -1       -5.6592041420214    S
             3    1    1       -3.2710184480212    S
             3    1   -2       -3.1565930292564    S
          Energy     core:    -723.26328505
          Energy semicore:     -15.24340865

getCoreStates: Muffin-tin core charge        =    9.99999989238
               Muffin-tin semicore charge    =    7.99326661200
               Muffin-tin core+semi moment   =    0.00051057891
               Wigner-Seitz core+semi moment =   -0.00000001381
               Interstitial charge core      =    0.00673349562

calculateCoreState 0.1
getCoreStates: spin index #0
Eigenvalues: n    l    k         energy      type
             1    0   -1    -5796.0049454607561    C
             2    0   -1    -1023.9548196672911    C
             2    1    1     -985.3339234520573    C
             2    1   -2     -855.5654144549213    C
             3    0   -1     -240.6998470690947    C
             3    1    1     -222.5342473156046    C
             3    1   -2     -193.8631897289487    C
             3    2    2     -162.6730389385167    C
             3    2   -3     -156.4040661273573    C
             4    0   -1      -51.0996154175301    C
             4    1    1      -43.2196002152699    C
             4    1   -2      -36.3476647571943    C
             4    2    2      -23.1688881048598    C
             4    2   -3      -21.8707540569854    C
             4    3    3       -4.8154826062870    S
             4    3   -4       -4.5429524562834    S
             5    0   -1       -6.7231321933535    S
             5    1    1       -4.1533395260952    S
             5    1   -2       -2.9944694909100    S
          Energy     core:  -11440.90785112
          Energy semicore:     -49.48366835
getCoreStates: spin index #1
Eigenvalues: n    l    k         energy      type
             1    0   -1    -5796.0049454607561    C
             2    0   -1    -1023.9548196672911    C
             2    1    1     -985.3339234520573    C
             2    1   -2     -855.5654144549213    C
             3    0   -1     -240.6998470690947    C
             3    1    1     -222.5342473156046    C
             3    1   -2     -193.8631897289487    C
             3    2    2     -162.6730389385167    C
             3    2   -3     -156.4040661273573    C
             4    0   -1      -51.0996154175301    C
             4    1    1      -43.2196002152699    C
             4    1   -2      -36.3476647571943    C
             4    2    2      -23.1688881048598    C
             4    2   -3      -21.8707540569854    C
             4    3    3       -4.8154826062870    S
             4    3   -4       -4.5429524562834    S
             5    0   -1       -6.7231321933535    S
             5    1    1       -4.1533395260952    S
             5    1   -2       -2.9944694909100    S
          Energy     core:  -11440.90785112
          Energy semicore:     -49.48366835

getCoreStates: Muffin-tin core charge        =   45.99997505243
               Muffin-tin semicore charge    =   21.98115280327
               Muffin-tin core+semi moment   =    0.00000000000
               Wigner-Seitz core+semi moment =    0.00000000000
               Interstitial charge core      =    0.01887214430
Maximal Core State = -2.99447Ry

 GETQM_MT:: r_sph charge,w             =    25.63133068480     0.00000000000     2.55282211484 1001    0
            muffin-tin moment          =     2.67818249006

 GENPOT / calculateCharges: 
 Total charge and moment in W-S cell:
 qtotws =     26.51100199601
 mtotws =      2.66440964292

 GETQM_MT:: r_sph charge,w             =    76.46864392922     0.00000000000     2.55282211484  501    0
            muffin-tin moment          =     0.00000000000

 GENPOT / calculateCharges: 
 Total charge and moment in W-S cell:
 qtotws =     77.48899800399
 mtotws =      0.33390471459
Total interstitial charge =      1.90002538599
Total interstitial moment =      0.00000000000
Total interstitial charge =      1.90002538599
Total interstitial moment =      0.00000000000
MTZ          =      0.770930275 Ry
Band Energy  =      7.411948675 Ry        Fermi Energy =  0.625568578 Ry
Total Energy = -39411.168673466 Ry
RMS = 0.0195811

calculateCoreState 0.0
getCoreStates: spin index #0
Eigenvalues: n    l    k         energy      type
             1    0   -1     -512.2830393252100    C
             2    0   -1      -58.8685216621240    C
             2    1    1      -50.6749903811146    C
             2    1   -2      -49.7582289393049    C
             3    0   -1       -5.6714125450201    S
             3    1    1       -3.2847212718943    S
             3    1   -2       -3.1710749774290    S
          Energy     core:    -721.34300925
          Energy semicore:     -15.29828377
getCoreStates: spin index #1
Eigenvalues: n    l    k         energy      type
             1    0   -1     -512.2823011794411    C
             2    0   -1      -58.7653696133121    C
             2    1    1      -50.5967395601049    C
             2    1   -2      -49.6779137978842    C
             3    0   -1       -5.4623809766051    S
             3    1    1       -3.0815797899479    S
             3    1   -2       -2.9693830113793    S
          Energy     core:    -721.00023795
          Energy semicore:     -14.48272679

getCoreStates: Muffin-tin core charge        =    9.99999989229
               Muffin-tin semicore charge    =    7.99207274634
               Muffin-tin core+semi moment   =    0.00062423870
               Wigner-Seitz core+semi moment =    0.00000000011
               Interstitial charge core      =    0.00792736137

calculateCoreState 0.1
getCoreStates: spin index #0
Eigenvalues: n    l    k         energy      type
             1    0   -1    -5778.4352106622264    C
             2    0   -1    -1017.1329784090535    C
             2    1    1     -977.3295073757656    C
             2    1   -2     -848.5856636877786    C
             3    0   -1     -238.1493546795857    C
             3    1    1     -219.7295128538685    C
             3    1   -2     -191.3827999263728    C
             3    2    2     -160.0475904981151    C
             3    2   -3     -153.8866045999198    C
             4    0   -1      -50.2700900047956    C
             4    1    1      -42.3610217754211    C
             4    1   -2      -35.6127643317638    C
             4    2    2      -22.4820413587557    C
             4    2   -3      -21.2201951462721    C
             4    3    3       -4.3291161740943    S
             4    3   -4       -4.0711246154901    S
             5    0   -1       -6.6096677865696    S
             5    1    1       -4.0619797540046    S
             5    1   -2       -2.9365855329591    S
          Energy     core:  -11364.94979460
          Energy semicore:     -45.81666559
getCoreStates: spin index #1
Eigenvalues: n    l    k         energy      type
             1    0   -1    -5778.4352106622264    C
             2    0   -1    -1017.1329784090535    C
             2    1    1     -977.3295073757656    C
             2    1   -2     -848.5856636877786    C
             3    0   -1     -238.1493546795857    C
             3    1    1     -219.7295128538685    C
             3    1   -2     -191.3827999263728    C
             3    2    2     -160.0475904981151    C
             3    2   -3     -153.8866045999198    C
             4    0   -1      -50.2700900047956    C
             4    1    1      -42.3610217754211    C
             4    1   -2      -35.6127643317638    C
             4    2    2      -22.4820413587557    C
             4    2   -3      -21.2201951462721    C
             4    3    3       -4.3291161740943    S
             4    3   -4       -4.0711246154901    S
             5    0   -1       -6.6096677865696    S
             5    1    1       -4.0619797540046    S
             5    1   -2       -2.9365855329591    S
          Energy     core:  -11364.94979460
          Energy semicore:     -45.81666559

getCoreStates: Muffin-tin core charge        =   45.99997347706
               Muffin-tin semicore charge    =   21.97894640919
               Muffin-tin core+semi moment   =    0.00000000000
               Wigner-Seitz core+semi moment =    0.00000000000
               Interstitial charge core      =    0.02108011375
Maximal Core State = -2.93659Ry
SCF iteration 3:
** Energy Contour Integration **
Energy Contour Parameters: grid=2  npts=31
                           ebot=-0.300000 etop=0.625569 eibot=0.002500 eitop=0.825000
                           temperature = 0.000000 K
Warm up marker met
Warmup event
Start marker met
Start event
End marker met
End event
