cset: --> last message, executed args into cpuset "/measurement/3_5", new pid is: 105025
LSMS_3: Program started
Using 1 MPI processes
Using 1 OpenMP threads
Reading input file 'i_lsms'
Loaded input file!
System information:
===================
Number of atoms        :          2
Number of atomic types :          2
Performing Muffin-Tin (MT) calculation
communicated Parameters.
set global ids.
building the LIZ and Communication lists [buildLIZandCommLists]
lizConstruction algorithm : original
  time for cell sorting: 0.000002 sec
  time to build LIZs: 0.000142 sec
  time to build communication lists: 0.000486 sec
time for buildLIZandCommLists [num_local=2]: 0.000781 sec
LSMS Globals:
  iprpts=1051
  ipcore=30
  iprint=0
  print_node=0
  default_iprint=-1
  istop=main                            
  linearSolver=0 "default solver: CPU zblocklu c++ (0x005)"
  buildKKRMatrix=0 "default buildKKRMatrix: LSMS 1 buildKKRMatrix (0x1000)"
Title        : 'Iron-Platinum test for LSMS 3'
Id           : 'fept'
No. Atoms    : 2
Mtasa        : 0
Voronoi      : 30247
Pot. In     : v_fept [Text (BIGCELL format)]
Pot. Out  : not written.
spin_cant    : 2
Relativity   : scalar relativistic
LSMS Mode    : main
xcFunctional : 0 1 -1 [von Barth-Hedin (LSMS_1)]
Electron T   : 0K
RMS Tol.     : 1e-08
Energy Tol.  : 1e-06
No. of Alloy Classes : 0
Constructing Voronoi polyhedra using the NEW algorithm.

 SETUP_VORPOL:: Boundary Planes
          1  -1.30450   1.30450   1.76450
          2   1.30450  -1.30450  -1.76450
          3  -1.30450  -1.30450   1.76450
          4  -1.30450  -1.30450  -1.76450
          5   1.30450  -1.30450   1.76450
          6   1.30450   1.30450  -1.76450
          7   1.30450   1.30450   1.76450
          8  -1.30450   1.30450  -1.76450
          9   0.00000   2.60900   0.00000
         10  -2.60900   0.00000   0.00000
         11   0.00000  -2.60900   0.00000
         12   2.60900   0.00000   0.00000
         13   0.00000   0.00000   3.52900
         14   0.00000   0.00000  -3.52900

 SETUP_VORPOL:: nbnd,ncorn,nedge:   14   24   36
 SETUP_VORPOL:: number of critical r-points for w(r) =    7
            i=   1 rcrit=2.5528221148D+00
            i=   2 rcrit=2.6090000000D+00
            i=   3 rcrit=2.9698520954D+00
            i=   4 rcrit=3.1496573226D+00
            i=   5 rcrit=3.5290000000D+00
            i=   6 rcrit=3.5324988215D+00
            i=   7 rcrit=3.5359941810D+00
SETUP_VORPOL:Muffin-tin radius         =    2.55282211
             Bounding sphere radius    =    3.53599418
             Interstial region vol.    =   26.39917018

 SETUP_VORPOL:: Boundary Planes
          1  -1.30450   1.30450   1.76450
          2  -1.30450   1.30450  -1.76450
          3   1.30450   1.30450  -1.76450
          4   1.30450   1.30450   1.76450
          5   1.30450  -1.30450   1.76450
          6  -1.30450  -1.30450   1.76450
          7  -1.30450  -1.30450  -1.76450
          8   1.30450  -1.30450  -1.76450
          9   2.60900   0.00000   0.00000
         10   0.00000  -2.60900   0.00000
         11  -2.60900   0.00000   0.00000
         12   0.00000   2.60900   0.00000
         13   0.00000   0.00000   3.52900
         14   0.00000   0.00000  -3.52900

 SETUP_VORPOL:: nbnd,ncorn,nedge:   14   24   36
 SETUP_VORPOL:: number of critical r-points for w(r) =    7
            i=   1 rcrit=2.5528221148D+00
            i=   2 rcrit=2.6090000000D+00
            i=   3 rcrit=2.9698520954D+00
            i=   4 rcrit=3.1496573226D+00
            i=   5 rcrit=3.5290000000D+00
            i=   6 rcrit=3.5324988215D+00
            i=   7 rcrit=3.5359941810D+00
SETUP_VORPOL:Muffin-tin radius         =    2.55282211
             Bounding sphere radius    =    3.53599418
             Interstial region vol.    =   26.39917018
time setupVorpol : 0.051146 sec
Loading Potentials Serially.
time loadPotential: 0.004272 sec

LIZ for atom 0 on this node
 No.        dist       Global Idx      Store Idx
   0     0.0000000       0      0
   1     5.1056442       1      1
   2     5.1056442       1      1
   3     5.1056442       1      1
   4     5.1056442       1      1
   5     5.1056442       1      1
   6     5.1056442       1      1
   7     5.1056442       1      1
   8     5.1056442       1      1
   9     5.2180000       0      0
  10     5.2180000       0      0
  11     5.2180000       0      0
  12     5.2180000       0      0
  13     7.0580000       0      0
  14     7.0580000       0      0
  15     7.3793664       0      0
  16     7.3793664       0      0
  17     7.3793664       0      0
  18     7.3793664       0      0
  19     8.7774078       0      0
  20     8.7774078       0      0
  21     8.7774078       0      0
  22     8.7774078       0      0
  23     8.7774078       0      0
  24     8.7774078       0      0
  25     8.7774078       0      0
  26     8.7774078       0      0
  27     8.9734414       1      1
  28     8.9734414       1      1
  29     8.9734414       1      1
  30     8.9734414       1      1
  31     8.9734414       1      1
  32     8.9734414       1      1
  33     8.9734414       1      1
  34     8.9734414       1      1
  35     8.9734414       1      1
  36     8.9734414       1      1
  37     8.9734414       1      1
  38     8.9734414       1      1
  39     8.9734414       1      1
  40     8.9734414       1      1
  41     8.9734414       1      1
  42     8.9734414       1      1
  43    10.2112885       0      0
  44    10.2112885       0      0
  45    10.2112885       0      0
  46    10.2112885       0      0
  47    10.2112885       0      0
  48    10.2112885       0      0
  49    10.2112885       0      0
  50    10.2112885       0      0
  51    10.4360000       0      0
  52    10.4360000       0      0
  53    10.4360000       0      0
  54    10.4360000       0      0
  55    11.2115267       1      1
  56    11.2115267       1      1
  57    11.2115267       1      1
  58    11.2115267       1      1
  59    11.2115267       1      1
  60    11.2115267       1      1
  61    11.2115267       1      1
  62    11.2115267       1      1
  63    11.6179903       1      1
  64    11.6179903       1      1
  65    11.6179903       1      1
  66    11.6179903       1      1
  67    11.6179903       1      1
  68    11.6179903       1      1
  69    11.6179903       1      1
  70    11.6179903       1      1
  71    11.6678027       0      0
  72    11.6678027       0      0
  73    11.6678027       0      0
  74    11.6678027       0      0
  75    11.6678027       0      0
  76    11.6678027       0      0
  77    11.6678027       0      0
  78    11.6678027       0      0
Constructing Voronoi polyhedra using the NEW algorithm.

 SETUP_VORPOL:: Boundary Planes
          1  -1.30450   1.30450   1.76450
          2   1.30450  -1.30450  -1.76450
          3  -1.30450  -1.30450   1.76450
          4  -1.30450  -1.30450  -1.76450
          5   1.30450  -1.30450   1.76450
          6   1.30450   1.30450  -1.76450
          7   1.30450   1.30450   1.76450
          8  -1.30450   1.30450  -1.76450
          9   0.00000   2.60900   0.00000
         10  -2.60900   0.00000   0.00000
         11   0.00000  -2.60900   0.00000
         12   2.60900   0.00000   0.00000
         13   0.00000   0.00000   3.52900
         14   0.00000   0.00000  -3.52900

 SETUP_VORPOL:: nbnd,ncorn,nedge:   14   24   36
 SETUP_VORPOL:: number of critical r-points for w(r) =    7
            i=   1 rcrit=2.5528221148D+00
            i=   2 rcrit=2.6090000000D+00
            i=   3 rcrit=2.9698520954D+00
            i=   4 rcrit=3.1496573226D+00
            i=   5 rcrit=3.5290000000D+00
            i=   6 rcrit=3.5324988215D+00
            i=   7 rcrit=3.5359941810D+00
SETUP_VORPOL:Muffin-tin radius         =    2.55282211
             Bounding sphere radius    =    3.53599418
             Interstial region vol.    =   26.39917018

 SETUP_VORPOL:: Boundary Planes
          1  -1.30450   1.30450   1.76450
          2  -1.30450   1.30450  -1.76450
          3   1.30450   1.30450  -1.76450
          4   1.30450   1.30450   1.76450
          5   1.30450  -1.30450   1.76450
          6  -1.30450  -1.30450   1.76450
          7  -1.30450  -1.30450  -1.76450
          8   1.30450  -1.30450  -1.76450
          9   2.60900   0.00000   0.00000
         10   0.00000  -2.60900   0.00000
         11  -2.60900   0.00000   0.00000
         12   0.00000   2.60900   0.00000
         13   0.00000   0.00000   3.52900
         14   0.00000   0.00000  -3.52900

 SETUP_VORPOL:: nbnd,ncorn,nedge:   14   24   36
 SETUP_VORPOL:: number of critical r-points for w(r) =    7
            i=   1 rcrit=2.5528221148D+00
            i=   2 rcrit=2.6090000000D+00
            i=   3 rcrit=2.9698520954D+00
            i=   4 rcrit=3.1496573226D+00
            i=   5 rcrit=3.5290000000D+00
            i=   6 rcrit=3.5324988215D+00
            i=   7 rcrit=3.5359941810D+00
SETUP_VORPOL:Muffin-tin radius         =    2.55282211
             Bounding sphere radius    =    3.53599418
             Interstial region vol.    =   26.39917018
time setupVorpol : 0.047199 sec

Total cell volume     =    192.1718592919334
Volume renorm. factor =      1.0000000265391
WS cell volume        =     96.0859296459667
Interstitial volume   =     52.7983403667025
WS sphere radius      =      2.8413434263139
Circumscribed radius  =      3.5359941809589
time calculateVolumes: 0.000014 sec


Mixing method     : broyden
Mixing quantity   : potential
Mixing parameters : 0.05
No moment mixing!
time setupMixing: 0.000007 sec

Madelung calculations!
Eta:     0.635263
Scaling: 4.530470
Real space:         4   4   3: 8.018276      567
Reciprocal space:   4   4   5: 36.864396      891
Time:            Real: 0.000002
Time:      Reciprocal: 0.000001
Time:            Loop: 0.000967
time calculateMultiMadelungMatrices: 0.001754 sec


calculateCoreState 0.0
getCoreStates: spin index #0
Eigenvalues: n    l    k         energy      type
             1    0   -1     -513.0234416331876    C
             2    0   -1      -59.1518868510807    C
             2    1    1      -50.9902928627271    C
             2    1   -2      -50.0697607949191    C
             3    0   -1       -5.7461714974619    S
             3    1    1       -3.3552462376819    S
             3    1   -2       -3.2398540140068    S
          Energy     core:    -723.30514294
          Energy semicore:     -15.58112576
getCoreStates: spin index #1
Eigenvalues: n    l    k         energy      type
             1    0   -1     -513.0229811211440    C
             2    0   -1      -59.0562836976026    C
             2    1    1      -50.9179576620598    C
             2    1   -2      -49.9955015272387    C
             3    0   -1       -5.5505684598261    S
             3    1    1       -3.1650419904928    S
             3    1   -2       -3.0510077870607    S
          Energy     core:    -722.98822554
          Energy semicore:     -14.81762602

getCoreStates: Muffin-tin core charge        =    9.99999989244
               Muffin-tin semicore charge    =    7.99277471074
               Muffin-tin core+semi moment   =    0.00053699007
               Wigner-Seitz core+semi moment =   -0.00000001376
               Interstitial charge core      =    0.00722539683

calculateCoreState 0.1
getCoreStates: spin index #0
Eigenvalues: n    l    k         energy      type
             1    0   -1    -5807.7405213903185    C
             2    0   -1    -1028.9229829084718    C
             2    1    1     -991.0602679801372    C
             2    1   -2     -860.6401436465136    C
             3    0   -1     -242.8750265013070    C
             3    1    1     -224.8801884362949    C
             3    1   -2     -195.9915958799368    C
             3    2    2     -164.9177442103467    C
             3    2   -3     -158.5760658521737    C
             4    0   -1      -52.0342250914341    C
             4    1    1      -44.1737138186454    C
             4    1   -2      -37.2057870975875    C
             4    2    2      -23.9971306389475    C
             4    2   -3      -22.6704268190472    C
             4    3    3       -5.5059102779502    S
             4    3   -4       -5.2210705179394    S
             5    0   -1       -7.0346755199087    S
             5    1    1       -4.4371073938427    S
             5    1   -2       -3.2385512522151    S
          Energy     core:  -11500.93120709
          Energy semicore:     -55.35089832
getCoreStates: spin index #1
Eigenvalues: n    l    k         energy      type
             1    0   -1    -5807.7405213903185    C
             2    0   -1    -1028.9229829084718    C
             2    1    1     -991.0602679801372    C
             2    1   -2     -860.6401436465136    C
             3    0   -1     -242.8750265013070    C
             3    1    1     -224.8801884362949    C
             3    1   -2     -195.9915958799368    C
             3    2    2     -164.9177442103467    C
             3    2   -3     -158.5760658521737    C
             4    0   -1      -52.0342250914341    C
             4    1    1      -44.1737138186454    C
             4    1   -2      -37.2057870975875    C
             4    2    2      -23.9971306389475    C
             4    2   -3      -22.6704268190472    C
             4    3    3       -5.5059102779502    S
             4    3   -4       -5.2210705179394    S
             5    0   -1       -7.0346755199087    S
             5    1    1       -4.4371073938427    S
             5    1   -2       -3.2385512522151    S
          Energy     core:  -11500.93120709
          Energy semicore:     -55.35089832

getCoreStates: Muffin-tin core charge        =   45.99997530007
               Muffin-tin semicore charge    =   21.98479078883
               Muffin-tin core+semi moment   =    0.00000000000
               Wigner-Seitz core+semi moment =    0.00000000000
               Interstitial charge core      =    0.01523391110
Maximal Core State = -3.05101Ry
Finished calculateCoreStates(...)
time Mixing->Prepare: 0.000397 sec

Warmup threshold: 2221718
Start threshold: 11995
End threshold: 16
ROI begin
Total number of iterations:50
SCF iteration 0:
** Energy Contour Integration **
Energy Contour Parameters: grid=2  npts=31
                           ebot=-0.300000 etop=0.722788 eibot=0.002500 eitop=0.825000
                           temperature = 0.000000 K
timeSingleScatteres = 0.443913 sec
Energy #0 (-0.299995,0.002340)
  timeBuildKKRMatrix=0.303213
  timeBuildKKRMatrix=0.302756
Energy #1 (-0.299852,0.012301)
  timeBuildKKRMatrix=0.304176
  timeBuildKKRMatrix=0.303503
Energy #2 (-0.299113,0.030103)
  timeBuildKKRMatrix=0.304021
  timeBuildKKRMatrix=0.305622
Energy #3 (-0.296978,0.055513)
  timeBuildKKRMatrix=0.305677
  timeBuildKKRMatrix=0.303037
Energy #4 (-0.292352,0.088113)
  timeBuildKKRMatrix=0.302932
  timeBuildKKRMatrix=0.303510
Energy #5 (-0.283918,0.127241)
  timeBuildKKRMatrix=0.304481
  timeBuildKKRMatrix=0.303813
Energy #6 (-0.270237,0.171918)
  timeBuildKKRMatrix=0.302804
  timeBuildKKRMatrix=0.304388
Energy #7 (-0.249874,0.220806)
  timeBuildKKRMatrix=0.303973
  timeBuildKKRMatrix=0.304181
Energy #8 (-0.221551,0.272180)
  timeBuildKKRMatrix=0.305099
  timeBuildKKRMatrix=0.304512
Energy #9 (-0.184300,0.323960)
  timeBuildKKRMatrix=0.304365
  timeBuildKKRMatrix=0.303772
Energy #10 (-0.137620,0.373782)
  timeBuildKKRMatrix=0.304532
  timeBuildKKRMatrix=0.303622
Energy #11 (-0.081598,0.419141)
  timeBuildKKRMatrix=0.303706
  timeBuildKKRMatrix=0.304173
Energy #12 (-0.016986,0.457566)
  timeBuildKKRMatrix=0.305037
  timeBuildKKRMatrix=0.304644
Energy #13 (0.054801,0.486829)
  timeBuildKKRMatrix=0.304286
  timeBuildKKRMatrix=0.304104
Energy #14 (0.131747,0.505154)
  timeBuildKKRMatrix=0.304244
  timeBuildKKRMatrix=0.302439
Energy #15 (0.211394,0.511394)
  timeBuildKKRMatrix=0.303667
  timeBuildKKRMatrix=0.303670
Energy #16 (0.291041,0.505154)
  timeBuildKKRMatrix=0.303547
  timeBuildKKRMatrix=0.302853
Energy #17 (0.367987,0.486829)
  timeBuildKKRMatrix=0.305420
  timeBuildKKRMatrix=0.303713
Energy #18 (0.439774,0.457566)
  timeBuildKKRMatrix=0.304460
  timeBuildKKRMatrix=0.305064
Energy #19 (0.504387,0.419141)
  timeBuildKKRMatrix=0.304473
  timeBuildKKRMatrix=0.303691
Energy #20 (0.560408,0.373782)
  timeBuildKKRMatrix=0.303944
  timeBuildKKRMatrix=0.303957
Energy #21 (0.607089,0.323960)
  timeBuildKKRMatrix=0.303815
  timeBuildKKRMatrix=0.304146
Energy #22 (0.644340,0.272180)
  timeBuildKKRMatrix=0.302721
  timeBuildKKRMatrix=0.303227
Energy #23 (0.672663,0.220806)
  timeBuildKKRMatrix=0.304358
  timeBuildKKRMatrix=0.303180
Energy #24 (0.693025,0.171918)
  timeBuildKKRMatrix=0.302536
  timeBuildKKRMatrix=0.302786
Energy #25 (0.706706,0.127241)
  timeBuildKKRMatrix=0.302809
  timeBuildKKRMatrix=0.301973
Energy #26 (0.715140,0.088113)
  timeBuildKKRMatrix=0.302935
  timeBuildKKRMatrix=0.302687
Energy #27 (0.719766,0.055513)
  timeBuildKKRMatrix=0.302998
  timeBuildKKRMatrix=0.302760
Energy #28 (0.721901,0.030103)
  timeBuildKKRMatrix=0.303638
  timeBuildKKRMatrix=0.303292
Energy #29 (0.722640,0.012301)
  timeBuildKKRMatrix=0.302919
  timeBuildKKRMatrix=0.303387
Energy #30 (0.722783,0.002340)
  timeBuildKKRMatrix=0.303325
  timeBuildKKRMatrix=0.302496
Energy #31 (0.722788,0.002500)
  timeBuildKKRMatrix=0.303691
  timeBuildKKRMatrix=0.302966
time in energyContourIntegration = 491.345084 sec
  before energy loop             = 0.000167 sec
  in energy loop                 = 491.344917 sec
    in calculateAllTauMatrices   = 490.632448 sec
atom[0].dosint[0] = 8.690687  atom[0].dosint[1] = 0.000000
atom[0].dosint[2] = 0.000000  atom[0].dosint[3] = 2.281917
calculateChempot: xtws = 19.755300 zvaltss = 18.000000 tnen = 23.342671 old chempot = 0.722788
           new chempot = 0.647591
 GETDOS:  moment = (  0.00000000,   0.00000000,   3.29118115)
 GETCS:   moment = (  0.00000000,   0.00000000,   0.00053699)
 GETEVEC: moment = (  0.00000000,   0.00000000,   3.29171814) magnitude =   3.29171814
 EVEC OLD: moment =   0.00000000,   0.00000000,   0.00000000
 EVEC FIX: moment =   0.00000000,   0.00000000,   1.00000000
 EVEC NEW: moment =   0.00000000,   0.00000000,   1.00000000
 GETDOS:  moment = (  0.00000000,   0.00000000,   0.03468749)
 GETCS:   moment = (  0.00000000,   0.00000000,   0.00000000)
 GETEVEC: moment = (  0.00000000,   0.00000000,   0.03468749) magnitude =   0.03468749
 EVEC OLD: moment =   0.00000000,   0.00000000,   0.00000000
 EVEC FIX: moment =   0.00000000,   0.00000000,   1.00000000
 EVEC NEW: moment =   0.00000000,   0.00000000,   1.00000000
Total valence charge =    6.36955106721864083852
Total valence charge =    9.82616408549701070285

 GETQM_MT:: r_sph charge,w             =    24.36232391743     0.00000000000     2.55282211484 1001    0
            muffin-tin moment          =     3.29171797187

 GENPOT / calculateCharges: 
 Total charge and moment in W-S cell:
 qtotws =     25.21516867698
 mtotws =      3.29462336130

 GETQM_MT:: r_sph charge,w             =    77.81096427900     0.00000000000     2.55282211484  501    0
            muffin-tin moment          =     0.00000000000

 GENPOT / calculateCharges: 
 Total charge and moment in W-S cell:
 qtotws =     78.78483132302
 mtotws =      0.02312517754
Total interstitial charge =      1.82671180357
Total interstitial moment =      0.00000000000
Total interstitial charge =      1.82671180357
Total interstitial moment =      0.00000000000

calculateTotalEnergy:  ==============================================
Total Energy contribution from atom 0.0:
evssum                      =     -1476.6921202597150113433599472 Ry
ks                          =     -4041.3943401343162804550956935 Ry
kinetic Energy              =      2568.1736839804079863824881613 Ry
erho                        =      1029.3337593165938415040727705 Ry
ezrho                       =     -6031.7765989704594176146201789 Ry
Coulomb Energy              =     -5002.4428396538660308578982949 Ry
Exchange-Correlation Energy =      -104.9799940952394194937369321 Ry
ezpt                        =         0.0024035816618223231934393 Ry
LSF energy                  =         0.0000000000000000000000000 Ry
Total Energy contribution from atom 0.1:
evssum                      =    -23112.5642108214451582171022892 Ry
ks                          =    -66075.7792335287667810916900635 Ry
kinetic Energy              =     42966.5423277506197337061166763 Ry
erho                        =     14759.1051636944539495743811131 Ry
ezrho                       =    -93885.6445788806595373898744583 Ry
Coulomb Energy              =    -79126.5394151862128637731075287 Ry
Exchange-Correlation Energy =      -705.8767192261077525472501293 Ry
ezpt                        =         0.0000000000000000000000000 Ry
LSF energy                  =         0.0000000000000000000000000 Ry
calculateTotalEnergy:  ----------------------------------------------
Total Energy              =    -39407.0811594364349730312824249 Ry
Pressure                  =        -1.8529242375180561275271884 Ry
=====================================================================

calculateCoreState 0.0
getCoreStates: spin index #0
Eigenvalues: n    l    k         energy      type
             1    0   -1     -513.0234416331876    C
             2    0   -1      -59.1518868510807    C
             2    1    1      -50.9902928627271    C
             2    1   -2      -50.0697607949191    C
             3    0   -1       -5.7461714974619    S
             3    1    1       -3.3552462376819    S
             3    1   -2       -3.2398540140068    S
          Energy     core:    -723.30514294
          Energy semicore:     -15.58112576
getCoreStates: spin index #1
Eigenvalues: n    l    k         energy      type
             1    0   -1     -513.0229811211440    C
             2    0   -1      -59.0562836976026    C
             2    1    1      -50.9179576620598    C
             2    1   -2      -49.9955015272387    C
             3    0   -1       -5.5505684598261    S
             3    1    1       -3.1650419904928    S
             3    1   -2       -3.0510077870607    S
          Energy     core:    -722.98822554
          Energy semicore:     -14.81762602

getCoreStates: Muffin-tin core charge        =    9.99999989244
               Muffin-tin semicore charge    =    7.99277471074
               Muffin-tin core+semi moment   =    0.00053699007
               Wigner-Seitz core+semi moment =   -0.00000001376
               Interstitial charge core      =    0.00722539683

calculateCoreState 0.1
getCoreStates: spin index #0
Eigenvalues: n    l    k         energy      type
             1    0   -1    -5807.7405213903185    C
             2    0   -1    -1028.9229827738593    C
             2    1    1     -991.0602678124741    C
             2    1   -2     -860.6401436465136    C
             3    0   -1     -242.8750264519504    C
             3    1    1     -224.8801883594985    C
             3    1   -2     -195.9915958799368    C
             3    2    2     -164.9177442103467    C
             3    2   -3     -158.5760658521737    C
             4    0   -1      -52.0342250420100    C
             4    1    1      -44.1737144163886    C
             4    1   -2      -37.2057872894716    C
             4    2    2      -23.9971306389475    C
             4    2   -3      -22.6704268190472    C
             4    3    3       -5.5059102779502    S
             4    3   -4       -5.2210705179394    S
             5    0   -1       -7.0346755199087    S
             5    1    1       -4.4371073938427    S
             5    1   -2       -3.2385512522151    S
          Energy     core:  -11500.93120759
          Energy semicore:     -55.35089832
getCoreStates: spin index #1
Eigenvalues: n    l    k         energy      type
             1    0   -1    -5807.7405213903185    C
             2    0   -1    -1028.9229827738593    C
             2    1    1     -991.0602678124741    C
             2    1   -2     -860.6401436465136    C
             3    0   -1     -242.8750264519504    C
             3    1    1     -224.8801883594985    C
             3    1   -2     -195.9915958799368    C
             3    2    2     -164.9177442103467    C
             3    2   -3     -158.5760658521737    C
             4    0   -1      -52.0342250420100    C
             4    1    1      -44.1737144163886    C
             4    1   -2      -37.2057872894716    C
             4    2    2      -23.9971306389475    C
             4    2   -3      -22.6704268190472    C
             4    3    3       -5.5059102779502    S
             4    3   -4       -5.2210705179394    S
             5    0   -1       -7.0346755199087    S
             5    1    1       -4.4371073938427    S
             5    1   -2       -3.2385512522151    S
          Energy     core:  -11500.93120759
          Energy semicore:     -55.35089832

getCoreStates: Muffin-tin core charge        =   45.99997530007
               Muffin-tin semicore charge    =   21.98479078883
               Muffin-tin core+semi moment   =   -0.00000000000
               Wigner-Seitz core+semi moment =    0.00000000000
               Interstitial charge core      =    0.01523391110
Maximal Core State = -3.05101Ry

 GETQM_MT:: r_sph charge,w             =    24.36232391743     0.00000000000     2.55282211484 1001    0
            muffin-tin moment          =     3.29171797187

 GENPOT / calculateCharges: 
 Total charge and moment in W-S cell:
 qtotws =     25.21516867698
 mtotws =      3.29462336130

 GETQM_MT:: r_sph charge,w             =    77.81096427900     0.00000000000     2.55282211484  501    0
            muffin-tin moment          =     0.00000000000

 GENPOT / calculateCharges: 
 Total charge and moment in W-S cell:
 qtotws =     78.78483132302
 mtotws =      0.02312517754
Total interstitial charge =      1.82671180357
Total interstitial moment =      0.00000000000
Total interstitial charge =      1.82671180357
Total interstitial moment =      0.00000000000
MTZ          =      0.741183483 Ry
Band Energy  =      6.798769149 Ry        Fermi Energy =  0.647591095 Ry
Total Energy = -39407.081159436 Ry
RMS = 0.62145

calculateCoreState 0.0
getCoreStates: spin index #0
Eigenvalues: n    l    k         energy      type
             1    0   -1     -513.0410212197555    C
             2    0   -1      -59.2180731847616    C
             2    1    1      -51.0536747410454    C
             2    1   -2      -50.1334900304434    C
             3    0   -1       -5.8070938457562    S
             3    1    1       -3.4146074853220    S
             3    1   -2       -3.2988914266098    S
          Energy     core:    -723.57974921
          Energy semicore:     -15.81948418
getCoreStates: spin index #1
Eigenvalues: n    l    k         energy      type
             1    0   -1     -513.0405199911850    C
             2    0   -1      -59.1208244616581    C
             2    1    1      -50.9800768445295    C
             2    1   -2      -50.0579356370970    C
             3    0   -1       -5.6077182859708    S
             3    1    1       -3.2205968673820    S
             3    1   -2       -3.1062424376656    S
          Energy     core:    -723.25729257
          Energy semicore:     -15.04080003

getCoreStates: Muffin-tin core charge        =    9.99999989242
               Muffin-tin semicore charge    =    7.99305719693
               Muffin-tin core+semi moment   =    0.00051862195
               Wigner-Seitz core+semi moment =    0.00000000032
               Interstitial charge core      =    0.00694291065

calculateCoreState 0.1
getCoreStates: spin index #0
Eigenvalues: n    l    k         energy      type
             1    0   -1    -5804.2213834622462    C
             2    0   -1    -1027.4021334213382    C
             2    1    1     -989.3145411197523    C
             2    1   -2     -859.0873021764285    C
             3    0   -1     -242.1864418276686    C
             3    1    1     -224.1403710612570    C
             3    1   -2     -195.3169962549718    C
             3    2    2     -164.2069383771046    C
             3    2   -3     -157.8870787956438    C
             4    0   -1      -51.7235791603614    C
             4    1    1      -43.8571791854254    C
             4    1   -2      -36.9189595598605    C
             4    2    2      -23.7190193117215    C
             4    2   -3      -22.4011848293852    C
             4    3    3       -5.2690859871823    S
             4    3   -4       -4.9881160198656    S
             5    0   -1       -6.9213877971332    S
             5    1    1       -4.3330938831604    S
             5    1   -2       -3.1477858483317    S
          Energy     core:  -11482.20885147
          Energy semicore:     -53.30977542
getCoreStates: spin index #1
Eigenvalues: n    l    k         energy      type
             1    0   -1    -5804.2213834622462    C
             2    0   -1    -1027.4021334213382    C
             2    1    1     -989.3145411197523    C
             2    1   -2     -859.0873021764285    C
             3    0   -1     -242.1864418276686    C
             3    1    1     -224.1403710612570    C
             3    1   -2     -195.3169962549718    C
             3    2    2     -164.2069383771046    C
             3    2   -3     -157.8870787956438    C
             4    0   -1      -51.7235791603614    C
             4    1    1      -43.8571791854254    C
             4    1   -2      -36.9189595598605    C
             4    2    2      -23.7190193117215    C
             4    2   -3      -22.4011848293852    C
             4    3    3       -5.2690859871823    S
             4    3   -4       -4.9881160198656    S
             5    0   -1       -6.9213877971332    S
             5    1    1       -4.3330938831604    S
             5    1   -2       -3.1477858483317    S
          Energy     core:  -11482.20885147
          Energy semicore:     -53.30977542

getCoreStates: Muffin-tin core charge        =   45.99997499466
               Muffin-tin semicore charge    =   21.98359822283
               Muffin-tin core+semi moment   =    0.00000000000
               Wigner-Seitz core+semi moment =    0.00000000000
               Interstitial charge core      =    0.01642678251
Maximal Core State = -3.10624Ry
SCF iteration 1:
** Energy Contour Integration **
Energy Contour Parameters: grid=2  npts=31
                           ebot=-0.300000 etop=0.647591 eibot=0.002500 eitop=0.825000
                           temperature = 0.000000 K
timeSingleScatteres = 0.446198 sec
Energy #0 (-0.299995,0.002168)
  timeBuildKKRMatrix=0.304675
  timeBuildKKRMatrix=0.304355
Energy #1 (-0.299863,0.011396)
  timeBuildKKRMatrix=0.304407
  timeBuildKKRMatrix=0.306355
Energy #2 (-0.299178,0.027890)
  timeBuildKKRMatrix=0.304541
  timeBuildKKRMatrix=0.307199
Energy #3 (-0.297200,0.051432)
  timeBuildKKRMatrix=0.304967
  timeBuildKKRMatrix=0.304597
Energy #4 (-0.292914,0.081635)
  timeBuildKKRMatrix=0.304361
  timeBuildKKRMatrix=0.305358
Energy #5 (-0.285100,0.117886)
  timeBuildKKRMatrix=0.304659
  timeBuildKKRMatrix=0.304705
Energy #6 (-0.272425,0.159278)
  timeBuildKKRMatrix=0.305420
  timeBuildKKRMatrix=0.304883
Energy #7 (-0.253560,0.204572)
  timeBuildKKRMatrix=0.303877
  timeBuildKKRMatrix=0.304208
Energy #8 (-0.227319,0.252169)
  timeBuildKKRMatrix=0.304825
  timeBuildKKRMatrix=0.304655
Energy #9 (-0.192807,0.300142)
  timeBuildKKRMatrix=0.304051
  timeBuildKKRMatrix=0.305388
Energy #10 (-0.149559,0.346301)
  timeBuildKKRMatrix=0.305479
  timeBuildKKRMatrix=0.305838
Energy #11 (-0.097656,0.388325)
  timeBuildKKRMatrix=0.305454
  timeBuildKKRMatrix=0.305749
Energy #12 (-0.037793,0.423925)
  timeBuildKKRMatrix=0.304195
  timeBuildKKRMatrix=0.303869
Energy #13 (0.028715,0.451036)
  timeBuildKKRMatrix=0.303829
  timeBuildKKRMatrix=0.304655
Energy #14 (0.100004,0.468014)
  timeBuildKKRMatrix=0.304620
  timeBuildKKRMatrix=0.303774
Energy #15 (0.173796,0.473796)
  timeBuildKKRMatrix=0.303802
  timeBuildKKRMatrix=0.304049
Energy #16 (0.247587,0.468014)
  timeBuildKKRMatrix=0.305092
  timeBuildKKRMatrix=0.304961
Energy #17 (0.318876,0.451036)
  timeBuildKKRMatrix=0.304906
  timeBuildKKRMatrix=0.305971
Energy #18 (0.385384,0.423925)
  timeBuildKKRMatrix=0.305559
  timeBuildKKRMatrix=0.304365
Energy #19 (0.445247,0.388325)
  timeBuildKKRMatrix=0.305430
  timeBuildKKRMatrix=0.305047
Energy #20 (0.497150,0.346301)
  timeBuildKKRMatrix=0.305656
  timeBuildKKRMatrix=0.304649
Energy #21 (0.540398,0.300142)
  timeBuildKKRMatrix=0.304240
  timeBuildKKRMatrix=0.304358
Energy #22 (0.574910,0.252169)
  timeBuildKKRMatrix=0.307211
  timeBuildKKRMatrix=0.305216
Energy #23 (0.601151,0.204572)
  timeBuildKKRMatrix=0.304961
  timeBuildKKRMatrix=0.305286
Energy #24 (0.620016,0.159278)
  timeBuildKKRMatrix=0.305095
  timeBuildKKRMatrix=0.305543
Energy #25 (0.632691,0.117886)
  timeBuildKKRMatrix=0.304113
  timeBuildKKRMatrix=0.303351
Energy #26 (0.640505,0.081635)
  timeBuildKKRMatrix=0.303782
  timeBuildKKRMatrix=0.303464
Energy #27 (0.644791,0.051432)
  timeBuildKKRMatrix=0.303559
  timeBuildKKRMatrix=0.302681
Energy #28 (0.646770,0.027890)
  timeBuildKKRMatrix=0.302571
  timeBuildKKRMatrix=0.303661
Energy #29 (0.647454,0.011396)
  timeBuildKKRMatrix=0.304651
  timeBuildKKRMatrix=0.304791
Energy #30 (0.647586,0.002168)
  timeBuildKKRMatrix=0.305211
  timeBuildKKRMatrix=0.305255
Energy #31 (0.647591,0.002500)
  timeBuildKKRMatrix=0.305948
  timeBuildKKRMatrix=0.305831
time in energyContourIntegration = 486.322557 sec
  before energy loop             = 0.000069 sec
  in energy loop                 = 486.322488 sec
    in calculateAllTauMatrices   = 485.607812 sec
atom[0].dosint[0] = 7.944986  atom[0].dosint[1] = 0.000000
atom[0].dosint[2] = 0.000000  atom[0].dosint[3] = 2.953431
calculateChempot: xtws = 18.325068 zvaltss = 18.000000 tnen = 24.171528 old chempot = 0.647591
           new chempot = 0.634143
 GETDOS:  moment = (  0.00000000,   0.00000000,   3.11860426)
 GETCS:   moment = (  0.00000000,   0.00000000,   0.00051862)
 GETEVEC: moment = (  0.00000000,   0.00000000,   3.11912288) magnitude =   3.11912288
 EVEC OLD: moment =   0.00000000,   0.00000000,   1.00000000
 EVEC FIX: moment =   0.00000000,   0.00000000,   1.00000000
 EVEC NEW: moment =   0.00000000,   0.00000000,   1.00000000
 GETDOS:  moment = (  0.00000000,   0.00000000,   0.19982295)
 GETCS:   moment = (  0.00000000,   0.00000000,   0.00000000)
 GETEVEC: moment = (  0.00000000,   0.00000000,   0.19982295) magnitude =   0.19982295
 EVEC OLD: moment =   0.00000000,   0.00000000,   1.00000000
 EVEC FIX: moment =   0.00000000,   0.00000000,   1.00000000
 EVEC NEW: moment =   0.00000000,   0.00000000,   1.00000000
Total valence charge =    6.85807192873140536449
Total valence charge =    9.33431126139058520153

 GETQM_MT:: r_sph charge,w             =    24.85112741980     0.00000000000     2.55282211484 1001    0
            muffin-tin moment          =     3.11912270582

 GENPOT / calculateCharges: 
 Total charge and moment in W-S cell:
 qtotws =     25.69628530370
 mtotws =      3.12213560703

 GETQM_MT:: r_sph charge,w             =    77.31791711312     0.00000000000     2.55282211484  501    0
            muffin-tin moment          =     0.00000000000

 GENPOT / calculateCharges: 
 Total charge and moment in W-S cell:
 qtotws =     78.30371469630
 mtotws =      0.18472663672
Total interstitial charge =      1.83095546707
Total interstitial moment =      0.00000000000
Total interstitial charge =      1.83095546707
Total interstitial moment =      0.00000000000

calculateTotalEnergy:  ==============================================
Total Energy contribution from atom 0.0:
evssum                      =     -1477.6973259909975695336470380 Ry
ks                          =     -4051.0288291522238068864680827 Ry
kinetic Energy              =      2576.8137743739962388644926250 Ry
erho                        =      1056.2204217567909836361650378 Ry
ezrho                       =     -6066.9672998292171541834250093 Ry
Coulomb Energy              =     -5010.7468780724266252946108580 Ry
Exchange-Correlation Energy =      -106.1987210824403575770702446 Ry
ezpt                        =         0.0024035816618223231934393 Ry
LSF energy                  =         0.0000000000000000000000000 Ry
Total Energy contribution from atom 0.1:
evssum                      =    -23071.0372537825533072464168072 Ry
ks                          =    -65961.3220679660007590427994728 Ry
kinetic Energy              =     42893.8066988503560423851013184 Ry
erho                        =     14657.8211448801321239443495870 Ry
ezrho                       =    -93715.3038067614252213388681412 Ry
Coulomb Energy              =    -79057.4826618812949163839221001 Ry
Exchange-Correlation Energy =      -703.5801178920664824545383453 Ry
ezpt                        =         0.0000000000000000000000000 Ry
LSF energy                  =         0.0000000000000000000000000 Ry
calculateTotalEnergy:  ----------------------------------------------
Total Energy              =    -39409.0502850018092431128025055 Ry
Pressure                  =        -1.5568005428621400909605654 Ry
=====================================================================

calculateCoreState 0.0
getCoreStates: spin index #0
Eigenvalues: n    l    k         energy      type
             1    0   -1     -513.0410212197555    C
             2    0   -1      -59.2180731847616    C
             2    1    1      -51.0536747410454    C
             2    1   -2      -50.1334900304434    C
             3    0   -1       -5.8070938457562    S
             3    1    1       -3.4146074853220    S
             3    1   -2       -3.2988914266098    S
          Energy     core:    -723.57974921
          Energy semicore:     -15.81948418
getCoreStates: spin index #1
Eigenvalues: n    l    k         energy      type
             1    0   -1     -513.0405199911850    C
             2    0   -1      -59.1208244616581    C
             2    1    1      -50.9800768445295    C
             2    1   -2      -50.0579356370970    C
             3    0   -1       -5.6077182859708    S
             3    1    1       -3.2205968673820    S
             3    1   -2       -3.1062424376657    S
          Energy     core:    -723.25729257
          Energy semicore:     -15.04080003

getCoreStates: Muffin-tin core charge        =    9.99999989242
               Muffin-tin semicore charge    =    7.99305719693
               Muffin-tin core+semi moment   =    0.00051862195
               Wigner-Seitz core+semi moment =    0.00000000032
               Interstitial charge core      =    0.00694291065

calculateCoreState 0.1
getCoreStates: spin index #0
Eigenvalues: n    l    k         energy      type
             1    0   -1    -5804.2213834622462    C
             2    0   -1    -1027.4021334213382    C
             2    1    1     -989.3145411197523    C
             2    1   -2     -859.0873021764285    C
             3    0   -1     -242.1864418276686    C
             3    1    1     -224.1403710612570    C
             3    1   -2     -195.3169962549718    C
             3    2    2     -164.2069383771046    C
             3    2   -3     -157.8870787956438    C
             4    0   -1      -51.7235791603614    C
             4    1    1      -43.8571791854254    C
             4    1   -2      -36.9189595598605    C
             4    2    2      -23.7190193117215    C
             4    2   -3      -22.4011848293852    C
             4    3    3       -5.2690859871919    S
             4    3   -4       -4.9881160198656    S
             5    0   -1       -6.9213877971332    S
             5    1    1       -4.3330938831604    S
             5    1   -2       -3.1477858483317    S
          Energy     core:  -11482.20885147
          Energy semicore:     -53.30977542
getCoreStates: spin index #1
Eigenvalues: n    l    k         energy      type
             1    0   -1    -5804.2213834622462    C
             2    0   -1    -1027.4021334213382    C
             2    1    1     -989.3145411197523    C
             2    1   -2     -859.0873021764285    C
             3    0   -1     -242.1864418276686    C
             3    1    1     -224.1403710612570    C
             3    1   -2     -195.3169962549718    C
             3    2    2     -164.2069383771046    C
             3    2   -3     -157.8870787956438    C
             4    0   -1      -51.7235791603614    C
             4    1    1      -43.8571791854254    C
             4    1   -2      -36.9189595598605    C
             4    2    2      -23.7190193117215    C
             4    2   -3      -22.4011848293852    C
             4    3    3       -5.2690859871919    S
             4    3   -4       -4.9881160198656    S
             5    0   -1       -6.9213877971332    S
             5    1    1       -4.3330938831604    S
             5    1   -2       -3.1477858483317    S
          Energy     core:  -11482.20885147
          Energy semicore:     -53.30977542

getCoreStates: Muffin-tin core charge        =   45.99997499466
               Muffin-tin semicore charge    =   21.98359822282
               Muffin-tin core+semi moment   =    0.00000000000
               Wigner-Seitz core+semi moment =   -0.00000000000
               Interstitial charge core      =    0.01642678251
Maximal Core State = -3.10624Ry

 GETQM_MT:: r_sph charge,w             =    24.85112741980     0.00000000000     2.55282211484 1001    0
            muffin-tin moment          =     3.11912270582

 GENPOT / calculateCharges: 
 Total charge and moment in W-S cell:
 qtotws =     25.69628530370
 mtotws =      3.12213560703

 GETQM_MT:: r_sph charge,w             =    77.31791711312     0.00000000000     2.55282211484  501    0
            muffin-tin moment          =     0.00000000000

 GENPOT / calculateCharges: 
 Total charge and moment in W-S cell:
 qtotws =     78.30371469630
 mtotws =      0.18472663672
Total interstitial charge =      1.83095546707
Total interstitial moment =      0.00000000000
Total interstitial charge =      1.83095546707
Total interstitial moment =      0.00000000000
MTZ          =      0.742905338 Ry
Band Energy  =      7.004155880 Ry        Fermi Energy =  0.634142699 Ry
Total Energy = -39409.050285002 Ry
RMS = 0.00990859

calculateCoreState 0.0
getCoreStates: spin index #0
Eigenvalues: n    l    k         energy      type
             1    0   -1     -512.9517597077165    C
             2    0   -1      -59.2500782881528    C
             2    1    1      -51.0777660625280    C
             2    1   -2      -50.1585286509565    C
             3    0   -1       -5.8652830071215    S
             3    1    1       -3.4716946753279    S
             3    1   -2       -3.3558881306030    S
          Energy     core:    -723.59666136
          Energy semicore:     -16.04875394
getCoreStates: spin index #1
Eigenvalues: n    l    k         energy      type
             1    0   -1     -512.9511623227947    C
             2    0   -1      -59.1496071699622    C
             2    1    1      -51.0016757503585    C
             2    1   -2      -50.0804199010693    C
             3    0   -1       -5.6592041420214    S
             3    1    1       -3.2710184480212    S
             3    1   -2       -3.1565930292564    S
          Energy     core:    -723.26328505
          Energy semicore:     -15.24340865

getCoreStates: Muffin-tin core charge        =    9.99999989238
               Muffin-tin semicore charge    =    7.99326661200
               Muffin-tin core+semi moment   =    0.00051057891
               Wigner-Seitz core+semi moment =   -0.00000001381
               Interstitial charge core      =    0.00673349562

calculateCoreState 0.1
getCoreStates: spin index #0
Eigenvalues: n    l    k         energy      type
             1    0   -1    -5796.0049454607561    C
             2    0   -1    -1023.9548196672911    C
             2    1    1     -985.3339234520573    C
             2    1   -2     -855.5654144549213    C
             3    0   -1     -240.6998470690947    C
             3    1    1     -222.5342473156046    C
             3    1   -2     -193.8631897033573    C
             3    2    2     -162.6730389385167    C
             3    2   -3     -156.4040661273573    C
             4    0   -1      -51.0996154175301    C
             4    1    1      -43.2196002152699    C
             4    1   -2      -36.3476647571943    C
             4    2    2      -23.1688881048598    C
             4    2   -3      -21.8707540569854    C
             4    3    3       -4.8154826062870    S
             4    3   -4       -4.5429524562834    S
             5    0   -1       -6.7231321933535    S
             5    1    1       -4.1533395260952    S
             5    1   -2       -2.9944694909100    S
          Energy     core:  -11440.90785107
          Energy semicore:     -49.48366835
getCoreStates: spin index #1
Eigenvalues: n    l    k         energy      type
             1    0   -1    -5796.0049454607561    C
             2    0   -1    -1023.9548196672911    C
             2    1    1     -985.3339234520573    C
             2    1   -2     -855.5654144549213    C
             3    0   -1     -240.6998470690947    C
             3    1    1     -222.5342473156046    C
             3    1   -2     -193.8631897033573    C
             3    2    2     -162.6730389385167    C
             3    2   -3     -156.4040661273573    C
             4    0   -1      -51.0996154175301    C
             4    1    1      -43.2196002152699    C
             4    1   -2      -36.3476647571943    C
             4    2    2      -23.1688881048598    C
             4    2   -3      -21.8707540569854    C
             4    3    3       -4.8154826062870    S
             4    3   -4       -4.5429524562834    S
             5    0   -1       -6.7231321933535    S
             5    1    1       -4.1533395260952    S
             5    1   -2       -2.9944694909100    S
          Energy     core:  -11440.90785107
          Energy semicore:     -49.48366835

getCoreStates: Muffin-tin core charge        =   45.99997505243
               Muffin-tin semicore charge    =   21.98115280327
               Muffin-tin core+semi moment   =   -0.00000000000
               Wigner-Seitz core+semi moment =    0.00000000000
               Interstitial charge core      =    0.01887214430
Maximal Core State = -2.99447Ry
SCF iteration 2:
** Energy Contour Integration **
Energy Contour Parameters: grid=2  npts=31
                           ebot=-0.300000 etop=0.634143 eibot=0.002500 eitop=0.825000
                           temperature = 0.000000 K
timeSingleScatteres = 0.444747 sec
Energy #0 (-0.299995,0.002137)
  timeBuildKKRMatrix=0.305925
  timeBuildKKRMatrix=0.304449
Energy #1 (-0.299865,0.011234)
  timeBuildKKRMatrix=0.305593
  timeBuildKKRMatrix=0.306355
Energy #2 (-0.299190,0.027494)
  timeBuildKKRMatrix=0.306141
  timeBuildKKRMatrix=0.303776
Energy #3 (-0.297240,0.050702)
  timeBuildKKRMatrix=0.304899
  timeBuildKKRMatrix=0.305005
Energy #4 (-0.293015,0.080477)
  timeBuildKKRMatrix=0.303827
  timeBuildKKRMatrix=0.304464
Energy #5 (-0.285312,0.116213)
  timeBuildKKRMatrix=0.305417
  timeBuildKKRMatrix=0.305403
Energy #6 (-0.272816,0.157018)
  timeBuildKKRMatrix=0.305438
  timeBuildKKRMatrix=0.304484
Energy #7 (-0.254219,0.201668)
  timeBuildKKRMatrix=0.304644
  timeBuildKKRMatrix=0.304995
Energy #8 (-0.228351,0.248590)
  timeBuildKKRMatrix=0.303997
  timeBuildKKRMatrix=0.303750
Energy #9 (-0.194328,0.295882)
  timeBuildKKRMatrix=0.304933
  timeBuildKKRMatrix=0.304947
Energy #10 (-0.151694,0.341386)
  timeBuildKKRMatrix=0.304916
  timeBuildKKRMatrix=0.304510
Energy #11 (-0.100527,0.382814)
  timeBuildKKRMatrix=0.304576
  timeBuildKKRMatrix=0.303772
Energy #12 (-0.041515,0.417909)
  timeBuildKKRMatrix=0.304458
  timeBuildKKRMatrix=0.304746
Energy #13 (0.024050,0.444635)
  timeBuildKKRMatrix=0.305056
  timeBuildKKRMatrix=0.305594
Energy #14 (0.094328,0.461372)
  timeBuildKKRMatrix=0.305469
  timeBuildKKRMatrix=0.305337
Energy #15 (0.167071,0.467071)
  timeBuildKKRMatrix=0.305741
  timeBuildKKRMatrix=0.305087
Energy #16 (0.239815,0.461372)
  timeBuildKKRMatrix=0.305934
  timeBuildKKRMatrix=0.304782
Energy #17 (0.310093,0.444635)
  timeBuildKKRMatrix=0.306380
  timeBuildKKRMatrix=0.307003
Energy #18 (0.375657,0.417909)
  timeBuildKKRMatrix=0.307455
  timeBuildKKRMatrix=0.306453
Energy #19 (0.434670,0.382814)
  timeBuildKKRMatrix=0.306406
  timeBuildKKRMatrix=0.306979
Energy #20 (0.485836,0.341386)
  timeBuildKKRMatrix=0.306536
  timeBuildKKRMatrix=0.306358
Energy #21 (0.528471,0.295882)
  timeBuildKKRMatrix=0.304635
  timeBuildKKRMatrix=0.304829
Energy #22 (0.562493,0.248590)
  timeBuildKKRMatrix=0.305520
  timeBuildKKRMatrix=0.305004
Energy #23 (0.588362,0.201668)
  timeBuildKKRMatrix=0.305667
  timeBuildKKRMatrix=0.304900
Energy #24 (0.606959,0.157018)
  timeBuildKKRMatrix=0.306450
  timeBuildKKRMatrix=0.306095
Energy #25 (0.619454,0.116213)
  timeBuildKKRMatrix=0.304722
  timeBuildKKRMatrix=0.304898
Energy #26 (0.627157,0.080477)
  timeBuildKKRMatrix=0.304660
  timeBuildKKRMatrix=0.304686
Energy #27 (0.631383,0.050702)
  timeBuildKKRMatrix=0.305800
  timeBuildKKRMatrix=0.304649
Energy #28 (0.633333,0.027494)
  timeBuildKKRMatrix=0.305741
  timeBuildKKRMatrix=0.305441
Energy #29 (0.634008,0.011234)
  timeBuildKKRMatrix=0.305547
  timeBuildKKRMatrix=0.305275
Energy #30 (0.634138,0.002137)
  timeBuildKKRMatrix=0.304810
  timeBuildKKRMatrix=0.305619
Energy #31 (0.634143,0.002500)
  timeBuildKKRMatrix=0.304900
  timeBuildKKRMatrix=0.304790
time in energyContourIntegration = 481.719831 sec
  before energy loop             = 0.000072 sec
  in energy loop                 = 481.719759 sec
    in calculateAllTauMatrices   = 481.005924 sec
atom[0].dosint[0] = 8.708229  atom[0].dosint[1] = 0.000000
atom[0].dosint[2] = 0.000000  atom[0].dosint[3] = 2.505627
calculateChempot: xtws = 18.276770 zvaltss = 18.000000 tnen = 32.279701 old chempot = 0.634143
           new chempot = 0.625569
 GETDOS:  moment = (  0.00000000,   0.00000000,   2.67767202)
 GETCS:   moment = (  0.00000000,   0.00000000,   0.00051058)
 GETEVEC: moment = (  0.00000000,   0.00000000,   2.67818260) magnitude =   2.67818260
 EVEC OLD: moment =   0.00000000,   0.00000000,   1.00000000
 EVEC FIX: moment =   0.00000000,   0.00000000,   1.00000000
 EVEC NEW: moment =   0.00000000,   0.00000000,   1.00000000
 GETDOS:  moment = (  0.00000000,   0.00000000,   0.35011686)
 GETCS:   moment = ( -0.00000000,  -0.00000000,  -0.00000000)
 GETEVEC: moment = (  0.00000000,   0.00000000,   0.35011686) magnitude =   0.35011686
 EVEC OLD: moment =   0.00000000,   0.00000000,   1.00000000
 EVEC FIX: moment =   0.00000000,   0.00000000,   1.00000000
 EVEC NEW: moment =   0.00000000,   0.00000000,   1.00000000
Total valence charge =    7.63806569276990199313
Total valence charge =    8.48748786571367119791

 GETQM_MT:: r_sph charge,w             =    25.63133068480     0.00000000000     2.55282211484 1001    0
            muffin-tin moment          =     2.67818249006

 GENPOT / calculateCharges: 
 Total charge and moment in W-S cell:
 qtotws =     26.51100199601
 mtotws =      2.66440964292

 GETQM_MT:: r_sph charge,w             =    76.46864392922     0.00000000000     2.55282211484  501    0
            muffin-tin moment          =     0.00000000000

 GENPOT / calculateCharges: 
 Total charge and moment in W-S cell:
 qtotws =     77.48899800399
 mtotws =      0.33390471459
Total interstitial charge =      1.90002538599
Total interstitial moment =      0.00000000000
Total interstitial charge =      1.90002538599
Total interstitial moment =      0.00000000000

calculateTotalEnergy:  ==============================================
Total Energy contribution from atom 0.0:
evssum                      =     -1478.1521089977752581035019830 Ry
ks                          =     -4061.9655517022242747771088034 Ry
kinetic Energy              =      2587.4795343158266405225731432 Ry
erho                        =      1095.3950800377076575387036428 Ry
ezrho                       =     -6115.5606359664288902422413230 Ry
Coulomb Energy              =     -5020.1655559287210053298622370 Ry
Exchange-Correlation Energy =      -107.8923594395637053366954206 Ry
ezpt                        =         0.0024035816618223231934393 Ry
LSF energy                  =         0.0000000000000000000000000 Ry
Total Energy contribution from atom 0.1:
evssum                      =    -22980.7830388271904666908085346 Ry
ks                          =    -65713.8999336755805416032671928 Ry
kinetic Energy              =     42736.8627519122965168207883835 Ry
erho                        =     14470.7562252021689346292987466 Ry
ezrho                       =    -93377.1300021288770949468016624 Ry
Coulomb Energy              =    -78906.3737769267027033492922783 Ry
Exchange-Correlation Energy =      -699.1390252169061341191991232 Ry
ezpt                        =         0.0000000000000000000000000 Ry
LSF energy                  =         0.0000000000000000000000000 Ry
calculateTotalEnergy:  ----------------------------------------------
Total Energy              =    -39411.1686734661998343653976917 Ry
Pressure                  =        -1.8297635937944172201952142 Ry
=====================================================================

calculateCoreState 0.0
getCoreStates: spin index #0
Eigenvalues: n    l    k         energy      type
             1    0   -1     -512.9517597077165    C
             2    0   -1      -59.2500782881528    C
             2    1    1      -51.0777660625280    C
             2    1   -2      -50.1585286509565    C
             3    0   -1       -5.8652830071215    S
             3    1    1       -3.4716946753279    S
             3    1   -2       -3.3558881306030    S
          Energy     core:    -723.59666136
          Energy semicore:     -16.04875394
getCoreStates: spin index #1
Eigenvalues: n    l    k         energy      type
             1    0   -1     -512.9511623227947    C
             2    0   -1      -59.1496071699622    C
             2    1    1      -51.0016757503585    C
             2    1   -2      -50.0804199010693    C
             3    0   -1       -5.6592041420214    S
             3    1    1       -3.2710184480212    S
             3    1   -2       -3.1565930292564    S
          Energy     core:    -723.26328505
          Energy semicore:     -15.24340865

getCoreStates: Muffin-tin core charge        =    9.99999989238
               Muffin-tin semicore charge    =    7.99326661200
               Muffin-tin core+semi moment   =    0.00051057891
               Wigner-Seitz core+semi moment =   -0.00000001381
               Interstitial charge core      =    0.00673349562

calculateCoreState 0.1
getCoreStates: spin index #0
Eigenvalues: n    l    k         energy      type
             1    0   -1    -5796.0049454607561    C
             2    0   -1    -1023.9548196672911    C
             2    1    1     -985.3339234520573    C
             2    1   -2     -855.5654144549213    C
             3    0   -1     -240.6998470690947    C
             3    1    1     -222.5342473156046    C
             3    1   -2     -193.8631897289487    C
             3    2    2     -162.6730389385167    C
             3    2   -3     -156.4040661273573    C
             4    0   -1      -51.0996154175301    C
             4    1    1      -43.2196002152699    C
             4    1   -2      -36.3476647571943    C
             4    2    2      -23.1688881048598    C
             4    2   -3      -21.8707540569854    C
             4    3    3       -4.8154826062870    S
             4    3   -4       -4.5429524562834    S
             5    0   -1       -6.7231321933535    S
             5    1    1       -4.1533395260952    S
             5    1   -2       -2.9944694909100    S
          Energy     core:  -11440.90785112
          Energy semicore:     -49.48366835
getCoreStates: spin index #1
Eigenvalues: n    l    k         energy      type
             1    0   -1    -5796.0049454607561    C
             2    0   -1    -1023.9548196672911    C
             2    1    1     -985.3339234520573    C
             2    1   -2     -855.5654144549213    C
             3    0   -1     -240.6998470690947    C
             3    1    1     -222.5342473156046    C
             3    1   -2     -193.8631897289487    C
             3    2    2     -162.6730389385167    C
             3    2   -3     -156.4040661273573    C
             4    0   -1      -51.0996154175301    C
             4    1    1      -43.2196002152699    C
             4    1   -2      -36.3476647571943    C
             4    2    2      -23.1688881048598    C
             4    2   -3      -21.8707540569854    C
             4    3    3       -4.8154826062870    S
             4    3   -4       -4.5429524562834    S
             5    0   -1       -6.7231321933535    S
             5    1    1       -4.1533395260952    S
             5    1   -2       -2.9944694909100    S
          Energy     core:  -11440.90785112
          Energy semicore:     -49.48366835

getCoreStates: Muffin-tin core charge        =   45.99997505243
               Muffin-tin semicore charge    =   21.98115280327
               Muffin-tin core+semi moment   =    0.00000000000
               Wigner-Seitz core+semi moment =    0.00000000000
               Interstitial charge core      =    0.01887214430
Maximal Core State = -2.99447Ry

 GETQM_MT:: r_sph charge,w             =    25.63133068480     0.00000000000     2.55282211484 1001    0
            muffin-tin moment          =     2.67818249006

 GENPOT / calculateCharges: 
 Total charge and moment in W-S cell:
 qtotws =     26.51100199601
 mtotws =      2.66440964292

 GETQM_MT:: r_sph charge,w             =    76.46864392922     0.00000000000     2.55282211484  501    0
            muffin-tin moment          =     0.00000000000

 GENPOT / calculateCharges: 
 Total charge and moment in W-S cell:
 qtotws =     77.48899800399
 mtotws =      0.33390471459
Total interstitial charge =      1.90002538599
Total interstitial moment =      0.00000000000
Total interstitial charge =      1.90002538599
Total interstitial moment =      0.00000000000
MTZ          =      0.770930275 Ry
Band Energy  =      7.411948675 Ry        Fermi Energy =  0.625568578 Ry
Total Energy = -39411.168673466 Ry
RMS = 0.0195811

calculateCoreState 0.0
getCoreStates: spin index #0
Eigenvalues: n    l    k         energy      type
             1    0   -1     -512.2830393252100    C
             2    0   -1      -58.8685216621240    C
             2    1    1      -50.6749903811146    C
             2    1   -2      -49.7582289393049    C
             3    0   -1       -5.6714125450201    S
             3    1    1       -3.2847212718943    S
             3    1   -2       -3.1710749774290    S
          Energy     core:    -721.34300925
          Energy semicore:     -15.29828377
getCoreStates: spin index #1
Eigenvalues: n    l    k         energy      type
             1    0   -1     -512.2823011794411    C
             2    0   -1      -58.7653696133121    C
             2    1    1      -50.5967395601049    C
             2    1   -2      -49.6779137978842    C
             3    0   -1       -5.4623809766051    S
             3    1    1       -3.0815797899479    S
             3    1   -2       -2.9693830113793    S
          Energy     core:    -721.00023795
          Energy semicore:     -14.48272679

getCoreStates: Muffin-tin core charge        =    9.99999989229
               Muffin-tin semicore charge    =    7.99207274634
               Muffin-tin core+semi moment   =    0.00062423870
               Wigner-Seitz core+semi moment =    0.00000000011
               Interstitial charge core      =    0.00792736137

calculateCoreState 0.1
getCoreStates: spin index #0
Eigenvalues: n    l    k         energy      type
             1    0   -1    -5778.4352106622264    C
             2    0   -1    -1017.1329784090535    C
             2    1    1     -977.3295073757656    C
             2    1   -2     -848.5856636877786    C
             3    0   -1     -238.1493546795857    C
             3    1    1     -219.7295128538685    C
             3    1   -2     -191.3827999263728    C
             3    2    2     -160.0475904981151    C
             3    2   -3     -153.8866045999198    C
             4    0   -1      -50.2700900047956    C
             4    1    1      -42.3610217754211    C
             4    1   -2      -35.6127643317638    C
             4    2    2      -22.4820413587557    C
             4    2   -3      -21.2201951462721    C
             4    3    3       -4.3291161740943    S
             4    3   -4       -4.0711246154901    S
             5    0   -1       -6.6096677865696    S
             5    1    1       -4.0619797540046    S
             5    1   -2       -2.9365855329591    S
          Energy     core:  -11364.94979460
          Energy semicore:     -45.81666559
getCoreStates: spin index #1
Eigenvalues: n    l    k         energy      type
             1    0   -1    -5778.4352106622264    C
             2    0   -1    -1017.1329784090535    C
             2    1    1     -977.3295073757656    C
             2    1   -2     -848.5856636877786    C
             3    0   -1     -238.1493546795857    C
             3    1    1     -219.7295128538685    C
             3    1   -2     -191.3827999263728    C
             3    2    2     -160.0475904981151    C
             3    2   -3     -153.8866045999198    C
             4    0   -1      -50.2700900047956    C
             4    1    1      -42.3610217754211    C
             4    1   -2      -35.6127643317638    C
             4    2    2      -22.4820413587557    C
             4    2   -3      -21.2201951462721    C
             4    3    3       -4.3291161740943    S
             4    3   -4       -4.0711246154901    S
             5    0   -1       -6.6096677865696    S
             5    1    1       -4.0619797540046    S
             5    1   -2       -2.9365855329591    S
          Energy     core:  -11364.94979460
          Energy semicore:     -45.81666559

getCoreStates: Muffin-tin core charge        =   45.99997347706
               Muffin-tin semicore charge    =   21.97894640919
               Muffin-tin core+semi moment   =    0.00000000000
               Wigner-Seitz core+semi moment =    0.00000000000
               Interstitial charge core      =    0.02108011375
Maximal Core State = -2.93659Ry
SCF iteration 3:
** Energy Contour Integration **
Energy Contour Parameters: grid=2  npts=31
                           ebot=-0.300000 etop=0.625569 eibot=0.002500 eitop=0.825000
                           temperature = 0.000000 K
timeSingleScatteres = 0.446977 sec
Energy #0 (-0.299995,0.002117)
  timeBuildKKRMatrix=0.305970
  timeBuildKKRMatrix=0.305843
Energy #1 (-0.299866,0.011131)
  timeBuildKKRMatrix=0.306116
  timeBuildKKRMatrix=0.305761
Energy #2 (-0.299198,0.027242)
  timeBuildKKRMatrix=0.304817
  timeBuildKKRMatrix=0.304413
Energy #3 (-0.297265,0.050236)
  timeBuildKKRMatrix=0.305130
  timeBuildKKRMatrix=0.304668
Energy #4 (-0.293079,0.079738)
  timeBuildKKRMatrix=0.303629
  timeBuildKKRMatrix=0.303704
Energy #5 (-0.285446,0.115146)
  timeBuildKKRMatrix=0.304765
  timeBuildKKRMatrix=0.304885
Energy #6 (-0.273066,0.155577)
  timeBuildKKRMatrix=0.304701
  timeBuildKKRMatrix=0.303110
Energy #7 (-0.254639,0.199817)
  timeBuildKKRMatrix=0.303089
  timeBuildKKRMatrix=0.303040
Energy #8 (-0.229008,0.246309)
  timeBuildKKRMatrix=0.303894
  timeBuildKKRMatrix=0.303317
Energy #9 (-0.195298,0.293166)
  timeBuildKKRMatrix=0.304565
  timeBuildKKRMatrix=0.303855
Energy #10 (-0.153055,0.338253)
  timeBuildKKRMatrix=0.302903
  timeBuildKKRMatrix=0.302909
Energy #11 (-0.102358,0.379300)
  timeBuildKKRMatrix=0.302744
  timeBuildKKRMatrix=0.302783
Energy #12 (-0.043887,0.414073)
  timeBuildKKRMatrix=0.303826
  timeBuildKKRMatrix=0.302997
Energy #13 (0.021076,0.440554)
  timeBuildKKRMatrix=0.303090
  timeBuildKKRMatrix=0.302849
Energy #14 (0.090708,0.457137)
  timeBuildKKRMatrix=0.302856
  timeBuildKKRMatrix=0.302814
Energy #15 (0.162784,0.462784)
  timeBuildKKRMatrix=0.303853
  timeBuildKKRMatrix=0.302817
Energy #16 (0.234860,0.457137)
  timeBuildKKRMatrix=0.302649
  timeBuildKKRMatrix=0.302866
Energy #17 (0.304493,0.440554)
  timeBuildKKRMatrix=0.303862
  timeBuildKKRMatrix=0.302943
Energy #18 (0.369456,0.414073)
  timeBuildKKRMatrix=0.302821
  timeBuildKKRMatrix=0.304808
Energy #19 (0.427927,0.379300)
  timeBuildKKRMatrix=0.305059
  timeBuildKKRMatrix=0.305102
Energy #20 (0.478624,0.338253)
  timeBuildKKRMatrix=0.304841
  timeBuildKKRMatrix=0.303431
Energy #21 (0.520867,0.293166)
  timeBuildKKRMatrix=0.304289
  timeBuildKKRMatrix=0.303030
Energy #22 (0.554577,0.246309)
  timeBuildKKRMatrix=0.305449
  timeBuildKKRMatrix=0.304466
Energy #23 (0.580208,0.199817)
  timeBuildKKRMatrix=0.304774
  timeBuildKKRMatrix=0.307327
Energy #24 (0.598634,0.155577)
  timeBuildKKRMatrix=0.302522
  timeBuildKKRMatrix=0.309382
Energy #25 (0.611015,0.115146)
  timeBuildKKRMatrix=0.305453
  timeBuildKKRMatrix=0.305443
Energy #26 (0.618647,0.079738)
  timeBuildKKRMatrix=0.307369
  timeBuildKKRMatrix=0.309508
Energy #27 (0.622834,0.050236)
  timeBuildKKRMatrix=0.306947
  timeBuildKKRMatrix=0.309696
Energy #28 (0.624766,0.027242)
  timeBuildKKRMatrix=0.303863
  timeBuildKKRMatrix=0.308315
Energy #29 (0.625435,0.011131)
  timeBuildKKRMatrix=0.308697
  timeBuildKKRMatrix=0.307291
Energy #30 (0.625564,0.002117)
  timeBuildKKRMatrix=0.306195
  timeBuildKKRMatrix=0.307182
Energy #31 (0.625569,0.002500)
  timeBuildKKRMatrix=0.308328
  timeBuildKKRMatrix=0.309159
time in energyContourIntegration = 492.258188 sec
  before energy loop             = 0.000063 sec
  in energy loop                 = 492.258125 sec
    in calculateAllTauMatrices   = 491.541993 sec
atom[0].dosint[0] = 4.855948  atom[0].dosint[1] = 0.000000
atom[0].dosint[2] = 0.000000  atom[0].dosint[3] = 2.034158
calculateChempot: xtws = 14.116354 zvaltss = 18.000000 tnen = 36.046860 old chempot = 0.625569
           new chempot = 0.733307
 GETDOS:  moment = (  0.00000000,   0.00000000,   3.94889418)
 GETCS:   moment = (  0.00000000,   0.00000000,   0.00062424)
 GETEVEC: moment = (  0.00000000,   0.00000000,   3.94951842) magnitude =   3.94951842
 EVEC OLD: moment =   0.00000000,   0.00000000,   1.00000000
 EVEC FIX: moment =   0.00000000,   0.00000000,   1.00000000
 EVEC NEW: moment =   0.00000000,   0.00000000,   1.00000000
 GETDOS:  moment = (  0.00000000,   0.00000000,  -0.02425524)
 GETCS:   moment = (  0.00000000,   0.00000000,   0.00000000)
 GETEVEC: moment = (  0.00000000,   0.00000000,  -0.02425524) magnitude =   0.02425524
 EVEC OLD: moment =   0.00000000,   0.00000000,   1.00000000
 EVEC FIX: moment =   0.00000000,   0.00000000,   1.00000000
 EVEC NEW: moment =   0.00000000,   0.00000000,  -1.00000000
Total valence charge =    6.95253368672362448422
Total valence charge =    8.96592037046029766145

 GETQM_MT:: r_sph charge,w             =    24.94460422138     0.00000000000     2.55282211484 1001    0
            muffin-tin moment          =     3.94951827609

 GENPOT / calculateCharges: 
 Total charge and moment in W-S cell:
 qtotws =     25.93331411925
 mtotws =      3.98178998642

 GETQM_MT:: r_sph charge,w             =    76.94486991064     0.00000000000     2.55282211484  501    0
            muffin-tin moment          =     0.00000000000

 GENPOT / calculateCharges: 
 Total charge and moment in W-S cell:
 qtotws =     78.06668588075
 mtotws =     -0.02465062610
Total interstitial charge =      2.11052586797
Total interstitial moment =      0.00000000000
Total interstitial charge =      2.11052586797
Total interstitial moment =      0.00000000000

calculateTotalEnergy:  ==============================================
Total Energy contribution from atom 0.0:
evssum                      =     -1472.1242577567686566908378154 Ry
ks                          =     -4034.5440495754201037925668061 Ry
kinetic Energy              =      2566.6305588526456631370820105 Ry
erho                        =      1047.2497561997836328373523429 Ry
ezrho                       =     -6048.1960051728392500081099570 Ry
Coulomb Energy              =     -5000.9462489730558445444330573 Ry
Exchange-Correlation Energy =      -105.6999832031358010908661527 Ry
ezpt                        =         0.0024035816618223231934393 Ry
LSF energy                  =         0.0000000000000000000000000 Ry
Total Energy contribution from atom 0.1:
evssum                      =    -22821.5329203912042430602014065 Ry
ks                          =    -65291.7064484961156267672777176 Ry
kinetic Energy              =     42474.2620377904022461734712124 Ry
erho                        =     14395.0270246720447175903245807 Ry
ezrho                       =    -93044.6468630973686231300234795 Ry
Coulomb Energy              =    -78649.6198384253220865502953529 Ry
Exchange-Correlation Energy =      -695.5094245635121978921233676 Ry
ezpt                        =         0.0000000000000000000000000 Ry
LSF energy                  =         0.0000000000000000000000000 Ry
calculateTotalEnergy:  ----------------------------------------------
Total Energy              =    -39412.9123040725899045355618000 Ry
Pressure                  =        -1.9038026296034045170557647 Ry
=====================================================================

calculateCoreState 0.0
getCoreStates: spin index #0
Eigenvalues: n    l    k         energy      type
             1    0   -1     -512.2830393252100    C
             2    0   -1      -58.8685216621240    C
             2    1    1      -50.6749903811146    C
             2    1   -2      -49.7582289393049    C
             3    0   -1       -5.6714125450201    S
             3    1    1       -3.2847212718943    S
             3    1   -2       -3.1710749774290    S
          Energy     core:    -721.34300925
          Energy semicore:     -15.29828377
getCoreStates: spin index #1
Eigenvalues: n    l    k         energy      type
             1    0   -1     -512.2823011794411    C
             2    0   -1      -58.7653696133121    C
             2    1    1      -50.5967395601049    C
             2    1   -2      -49.6779137978842    C
             3    0   -1       -5.4623809766051    S
             3    1    1       -3.0815797899479    S
             3    1   -2       -2.9693830113793    S
          Energy     core:    -721.00023795
          Energy semicore:     -14.48272679

getCoreStates: Muffin-tin core charge        =    9.99999989229
               Muffin-tin semicore charge    =    7.99207274634
               Muffin-tin core+semi moment   =    0.00062423870
               Wigner-Seitz core+semi moment =    0.00000000011
               Interstitial charge core      =    0.00792736137

calculateCoreState 0.1
getCoreStates: spin index #0
Eigenvalues: n    l    k         energy      type
             1    0   -1    -5778.4352106622264    C
             2    0   -1    -1017.1329784090535    C
             2    1    1     -977.3295073757656    C
             2    1   -2     -848.5856636877786    C
             3    0   -1     -238.1493546795857    C
             3    1    1     -219.7295128538685    C
             3    1   -2     -191.3827999694978    C
             3    2    2     -160.0475904981151    C
             3    2   -3     -153.8866045999198    C
             4    0   -1      -50.2700900047956    C
             4    1    1      -42.3610217754211    C
             4    1   -2      -35.6127643317638    C
             4    2    2      -22.4820413587557    C
             4    2   -3      -21.2201951462721    C
             4    3    3       -4.3291161745201    S
             4    3   -4       -4.0711246154901    S
             5    0   -1       -6.6096677865696    S
             5    1    1       -4.0619797540046    S
             5    1   -2       -2.9365855329591    S
          Energy     core:  -11364.94979469
          Energy semicore:     -45.81666559
getCoreStates: spin index #1
Eigenvalues: n    l    k         energy      type
             1    0   -1    -5778.4352106622264    C
             2    0   -1    -1017.1329784090535    C
             2    1    1     -977.3295073757656    C
             2    1   -2     -848.5856636877786    C
             3    0   -1     -238.1493546795857    C
             3    1    1     -219.7295128538685    C
             3    1   -2     -191.3827999694978    C
             3    2    2     -160.0475904981151    C
             3    2   -3     -153.8866045999198    C
             4    0   -1      -50.2700900047956    C
             4    1    1      -42.3610217754211    C
             4    1   -2      -35.6127643317638    C
             4    2    2      -22.4820413587557    C
             4    2   -3      -21.2201951462721    C
             4    3    3       -4.3291161745201    S
             4    3   -4       -4.0711246154901    S
             5    0   -1       -6.6096677865696    S
             5    1    1       -4.0619797540046    S
             5    1   -2       -2.9365855329591    S
          Energy     core:  -11364.94979469
          Energy semicore:     -45.81666559

getCoreStates: Muffin-tin core charge        =   45.99997347706
               Muffin-tin semicore charge    =   21.97894640897
               Muffin-tin core+semi moment   =   -0.00000000000
               Wigner-Seitz core+semi moment =   -0.00000000000
               Interstitial charge core      =    0.02108011397
Maximal Core State = -2.93659Ry

 GETQM_MT:: r_sph charge,w             =    24.94460422138     0.00000000000     2.55282211484 1001    0
            muffin-tin moment          =     3.94951827609

 GENPOT / calculateCharges: 
 Total charge and moment in W-S cell:
 qtotws =     25.93331411925
 mtotws =      3.98178998642

 GETQM_MT:: r_sph charge,w             =    76.94486991064     0.00000000000     2.55282211484  501    0
            muffin-tin moment          =     0.00000000000

 GENPOT / calculateCharges: 
 Total charge and moment in W-S cell:
 qtotws =     78.06668588075
 mtotws =     -0.02465062610
Total interstitial charge =      2.11052586797
Total interstitial moment =      0.00000000000
Total interstitial charge =      2.11052586797
Total interstitial moment =      0.00000000000
MTZ          =      0.856340289 Ry
Band Energy  =      8.299276719 Ry        Fermi Energy =  0.733307391 Ry
Total Energy = -39412.912304073 Ry
RMS = 0.0280293

calculateCoreState 0.0
getCoreStates: spin index #0
Eigenvalues: n    l    k         energy      type
             1    0   -1     -512.3433457358414    C
             2    0   -1      -59.0437243910111    C
             2    1    1      -50.8442143470699    C
             2    1   -2      -49.9282326556234    C
             3    0   -1       -5.8218829730033    S
             3    1    1       -3.4308557546147    S
             3    1   -2       -3.3162660019441    S
          Energy     core:    -722.08774979
          Energy semicore:     -15.88527073
getCoreStates: spin index #1
Eigenvalues: n    l    k         energy      type
             1    0   -1     -512.3424767425798    C
             2    0   -1      -58.9342068728490    C
             2    1    1      -50.7610970591997    C
             2    1   -2      -49.8429240787067    C
             3    0   -1       -5.5977116757905    S
             3    1    1       -3.2125003139808    S
             3    1   -2       -3.0993775940508    S
          Energy     core:    -721.72362883
          Energy semicore:     -15.00896718

getCoreStates: Muffin-tin core charge        =    9.99999989224
               Muffin-tin semicore charge    =    7.99283969485
               Muffin-tin core+semi moment   =    0.00057939757
               Wigner-Seitz core+semi moment =    0.00000000006
               Interstitial charge core      =    0.00716041290

calculateCoreState 0.1
getCoreStates: spin index #0
Eigenvalues: n    l    k         energy      type
             1    0   -1    -5770.2742959993475    C
             2    0   -1    -1013.9399636578277    C
             2    1    1     -973.5955903535042    C
             2    1   -2     -845.3226810302808    C
             3    0   -1     -236.9026234348987    C
             3    1    1     -218.3686675402390    C
             3    1   -2     -190.1683748482808    C
             3    2    2     -158.7727643439528    C
             3    2   -3     -152.6603115891213    C
             4    0   -1      -49.7870556308622    C
             4    1    1      -41.8653537274486    C
             4    1   -2      -35.1713485800304    C
             4    2    2      -22.0638132074419    C
             4    2   -3      -20.8178366458566    C
             4    3    3       -4.0041285674549    S
             4    3   -4       -3.7524800491930    S
             5    0   -1       -6.4513657546946    S
             5    1    1       -3.9178750299519    S
             5    1   -2       -2.8128475370156    S
          Energy     core:  -11328.16595907
          Energy semicore:     -43.01724176
getCoreStates: spin index #1
Eigenvalues: n    l    k         energy      type
             1    0   -1    -5770.2742959993475    C
             2    0   -1    -1013.9399636578277    C
             2    1    1     -973.5955903535042    C
             2    1   -2     -845.3226810302808    C
             3    0   -1     -236.9026234348987    C
             3    1    1     -218.3686675402390    C
             3    1   -2     -190.1683748482808    C
             3    2    2     -158.7727643439528    C
             3    2   -3     -152.6603115891213    C
             4    0   -1      -49.7870556308622    C
             4    1    1      -41.8653537274486    C
             4    1   -2      -35.1713485800304    C
             4    2    2      -22.0638132074419    C
             4    2   -3      -20.8178366458566    C
             4    3    3       -4.0041285674549    S
             4    3   -4       -3.7524800491930    S
             5    0   -1       -6.4513657546946    S
             5    1    1       -3.9178750299519    S
             5    1   -2       -2.8128475370156    S
          Energy     core:  -11328.16595907
          Energy semicore:     -43.01724176

getCoreStates: Muffin-tin core charge        =   45.99997356690
               Muffin-tin semicore charge    =   21.97646677789
               Muffin-tin core+semi moment   =   -0.00000000000
               Wigner-Seitz core+semi moment =    0.00000000000
               Interstitial charge core      =    0.02355965521
Maximal Core State = -2.81285Ry
SCF iteration 4:
** Energy Contour Integration **
Energy Contour Parameters: grid=2  npts=31
                           ebot=-0.300000 etop=0.733307 eibot=0.002500 eitop=0.825000
                           temperature = 0.000000 K
timeSingleScatteres = 0.445535 sec
Energy #0 (-0.299995,0.002364)
  timeBuildKKRMatrix=0.305249
  timeBuildKKRMatrix=0.305402
Energy #1 (-0.299851,0.012427)
  timeBuildKKRMatrix=0.304615
  timeBuildKKRMatrix=0.304350
Energy #2 (-0.299104,0.030413)
  timeBuildKKRMatrix=0.305281
  timeBuildKKRMatrix=0.305338
Energy #3 (-0.296947,0.056084)
  timeBuildKKRMatrix=0.305489
  timeBuildKKRMatrix=0.304470
Energy #4 (-0.292273,0.089020)
  timeBuildKKRMatrix=0.305572
  timeBuildKKRMatrix=0.304681
Energy #5 (-0.283752,0.128549)
  timeBuildKKRMatrix=0.305499
  timeBuildKKRMatrix=0.305281
Energy #6 (-0.269930,0.173686)
  timeBuildKKRMatrix=0.305022
  timeBuildKKRMatrix=0.306743
Energy #7 (-0.249359,0.223077)
  timeBuildKKRMatrix=0.304928
  timeBuildKKRMatrix=0.304590
Energy #8 (-0.220745,0.274980)
  timeBuildKKRMatrix=0.305642
  timeBuildKKRMatrix=0.304526
Energy #9 (-0.183110,0.327291)
  timeBuildKKRMatrix=0.304512
  timeBuildKKRMatrix=0.304619
Energy #10 (-0.135950,0.377626)
  timeBuildKKRMatrix=0.305510
  timeBuildKKRMatrix=0.303649
Energy #11 (-0.079352,0.423452)
  timeBuildKKRMatrix=0.304661
  timeBuildKKRMatrix=0.303410
Energy #12 (-0.014075,0.462272)
  timeBuildKKRMatrix=0.304114
  timeBuildKKRMatrix=0.304228
Energy #13 (0.058450,0.491836)
  timeBuildKKRMatrix=0.304350
  timeBuildKKRMatrix=0.303541
Energy #14 (0.136188,0.510349)
  timeBuildKKRMatrix=0.303475
  timeBuildKKRMatrix=0.303952
Energy #15 (0.216654,0.516654)
  timeBuildKKRMatrix=0.303802
  timeBuildKKRMatrix=0.303870
Energy #16 (0.297120,0.510349)
  timeBuildKKRMatrix=0.304884
  timeBuildKKRMatrix=0.303253
Energy #17 (0.374858,0.491836)
  timeBuildKKRMatrix=0.305484
  timeBuildKKRMatrix=0.303687
Energy #18 (0.447382,0.462272)
  timeBuildKKRMatrix=0.305292
  timeBuildKKRMatrix=0.304281
Energy #19 (0.512660,0.423452)
  timeBuildKKRMatrix=0.306494
  timeBuildKKRMatrix=0.304399
Energy #20 (0.569258,0.377626)
  timeBuildKKRMatrix=0.306384
  timeBuildKKRMatrix=0.304340
Energy #21 (0.616418,0.327291)
  timeBuildKKRMatrix=0.305474
  timeBuildKKRMatrix=0.305719
Energy #22 (0.654052,0.274980)
  timeBuildKKRMatrix=0.306911
  timeBuildKKRMatrix=0.304644
Energy #23 (0.682666,0.223077)
  timeBuildKKRMatrix=0.306910
  timeBuildKKRMatrix=0.307485
Energy #24 (0.703238,0.173686)
  timeBuildKKRMatrix=0.311141
  timeBuildKKRMatrix=0.310011
Energy #25 (0.717060,0.128549)
  timeBuildKKRMatrix=0.307988
  timeBuildKKRMatrix=0.308806
Energy #26 (0.725581,0.089020)
  timeBuildKKRMatrix=0.307728
  timeBuildKKRMatrix=0.308721
Energy #27 (0.730254,0.056084)
  timeBuildKKRMatrix=0.305799
  timeBuildKKRMatrix=0.308576
Energy #28 (0.732411,0.030413)
  timeBuildKKRMatrix=0.308429
  timeBuildKKRMatrix=0.308120
Energy #29 (0.733158,0.012427)
  timeBuildKKRMatrix=0.305417
  timeBuildKKRMatrix=0.307829
Energy #30 (0.733302,0.002364)
  timeBuildKKRMatrix=0.304060
  timeBuildKKRMatrix=0.307131
Energy #31 (0.733307,0.002500)
  timeBuildKKRMatrix=0.307311
  timeBuildKKRMatrix=0.310796
time in energyContourIntegration = 482.501002 sec
  before energy loop             = 0.000073 sec
  in energy loop                 = 482.500928 sec
    in calculateAllTauMatrices   = 481.786875 sec
atom[0].dosint[0] = 10.294382  atom[0].dosint[1] = 0.000000
atom[0].dosint[2] = 0.000000  atom[0].dosint[3] = 1.298347
calculateChempot: xtws = 20.059834 zvaltss = 18.000000 tnen = 36.887262 old chempot = 0.733307
           new chempot = 0.677466
 GETDOS:  moment = (  0.00000000,   0.00000000,   2.50187789)
 GETCS:   moment = (  0.00000000,   0.00000000,   0.00057940)
 GETEVEC: moment = (  0.00000000,   0.00000000,   2.50245728) magnitude =   2.50245728
 EVEC OLD: moment =   0.00000000,   0.00000000,   1.00000000
 EVEC FIX: moment =   0.00000000,   0.00000000,   1.00000000
 EVEC NEW: moment =   0.00000000,   0.00000000,   1.00000000
 GETDOS:  moment = (  0.00000000,   0.00000000,   0.60046950)
 GETCS:   moment = ( -0.00000000,  -0.00000000,  -0.00000000)
 GETEVEC: moment = (  0.00000000,   0.00000000,   0.60046950) magnitude =   0.60046950
 EVEC OLD: moment =   0.00000000,   0.00000000,  -1.00000000
 EVEC FIX: moment =   0.00000000,   0.00000000,   1.00000000
 EVEC NEW: moment =   0.00000000,   0.00000000,   1.00000000
Total valence charge =    7.97422035811074625400
Total valence charge =    7.98470490052051129481

 GETQM_MT:: r_sph charge,w             =    25.96705838252     0.00000000000     2.55282211484 1001    0
            muffin-tin moment          =     2.50245718587

 GENPOT / calculateCharges: 
 Total charge and moment in W-S cell:
 qtotws =     26.93102827428
 mtotws =      2.47506830028

 GETQM_MT:: r_sph charge,w             =    75.96116855112     0.00000000000     2.55282211484  501    0
            muffin-tin moment          =     0.00000000000

 GENPOT / calculateCharges: 
 Total charge and moment in W-S cell:
 qtotws =     77.06897172572
 mtotws =      0.58433379357
Total interstitial charge =      2.07177306635
Total interstitial moment =      0.00000000000
Total interstitial charge =      2.07177306635
Total interstitial moment =      0.00000000000

calculateTotalEnergy:  ==============================================
Total Energy contribution from atom 0.0:
evssum                      =     -1474.7056165265903473482467234 Ry
ks                          =     -4054.9879848997252338449470699 Ry
kinetic Energy              =      2584.3878961750624512205831707 Ry
erho                        =      1104.1707232850189939199481159 Ry
ezrho                       =     -6120.9744760708754256484098732 Ry
Coulomb Energy              =     -5016.8037527858559769811108708 Ry
Exchange-Correlation Energy =      -108.1392928413976193269263604 Ry
ezpt                        =         0.0024035816618223231934393 Ry
LSF energy                  =         0.0000000000000000000000000 Ry
Total Energy contribution from atom 0.1:
evssum                      =    -22742.3664016536968119908124208 Ry
ks                          =    -65070.7632372270454652607440948 Ry
kinetic Energy              =     42332.3587409544852562248706818 Ry
erho                        =     14214.1088722936437989119440317 Ry
ezrho                       =    -92724.8686598085478181019425392 Ry
Coulomb Energy              =    -78510.7597875149076571688055992 Ry
Exchange-Correlation Energy =      -691.3772766239028442214475945 Ry
ezpt                        =         0.0000000000000000000000000 Ry
LSF energy                  =         0.0000000000000000000000000 Ry
calculateTotalEnergy:  ----------------------------------------------
Total Energy              =    -39412.9503969646320911124348640 Ry
Pressure                  =        -2.4941265983918325943591299 Ry
=====================================================================

calculateCoreState 0.0
getCoreStates: spin index #0
Eigenvalues: n    l    k         energy      type
             1    0   -1     -512.3433457358414    C
             2    0   -1      -59.0437243910111    C
             2    1    1      -50.8442143470699    C
             2    1   -2      -49.9282326556234    C
             3    0   -1       -5.8218829730033    S
             3    1    1       -3.4308557546147    S
             3    1   -2       -3.3162660019441    S
          Energy     core:    -722.08774979
          Energy semicore:     -15.88527073
getCoreStates: spin index #1
Eigenvalues: n    l    k         energy      type
             1    0   -1     -512.3424767425798    C
             2    0   -1      -58.9342068728490    C
             2    1    1      -50.7610970591997    C
             2    1   -2      -49.8429240787067    C
             3    0   -1       -5.5977116757905    S
             3    1    1       -3.2125003139808    S
             3    1   -2       -3.0993775940508    S
          Energy     core:    -721.72362883
          Energy semicore:     -15.00896718

getCoreStates: Muffin-tin core charge        =    9.99999989224
               Muffin-tin semicore charge    =    7.99283969485
               Muffin-tin core+semi moment   =    0.00057939757
               Wigner-Seitz core+semi moment =    0.00000000006
               Interstitial charge core      =    0.00716041290

calculateCoreState 0.1
getCoreStates: spin index #0
Eigenvalues: n    l    k         energy      type
             1    0   -1    -5770.2742959993475    C
             2    0   -1    -1013.9399636578277    C
             2    1    1     -973.5955903535042    C
             2    1   -2     -845.3226810302808    C
             3    0   -1     -236.9026234348987    C
             3    1    1     -218.3686675402390    C
             3    1   -2     -190.1683748482808    C
             3    2    2     -158.7727643439528    C
             3    2   -3     -152.6603115891213    C
             4    0   -1      -49.7870556308622    C
             4    1    1      -41.8653537274486    C
             4    1   -2      -35.1713484988416    C
             4    2    2      -22.0638132074419    C
             4    2   -3      -20.8178365899941    C
             4    3    3       -4.0041285674549    S
             4    3   -4       -3.7524800491930    S
             5    0   -1       -6.4513657546946    S
             5    1    1       -3.9178750299519    S
             5    1   -2       -2.8128475370156    S
          Energy     core:  -11328.16595874
          Energy semicore:     -43.01724176
getCoreStates: spin index #1
Eigenvalues: n    l    k         energy      type
             1    0   -1    -5770.2742959993475    C
             2    0   -1    -1013.9399636578277    C
             2    1    1     -973.5955903535042    C
             2    1   -2     -845.3226810302808    C
             3    0   -1     -236.9026234348987    C
             3    1    1     -218.3686675402390    C
             3    1   -2     -190.1683748482808    C
             3    2    2     -158.7727643439528    C
             3    2   -3     -152.6603115891213    C
             4    0   -1      -49.7870556308622    C
             4    1    1      -41.8653537274486    C
             4    1   -2      -35.1713484988416    C
             4    2    2      -22.0638132074419    C
             4    2   -3      -20.8178365899941    C
             4    3    3       -4.0041285674549    S
             4    3   -4       -3.7524800491930    S
             5    0   -1       -6.4513657546946    S
             5    1    1       -3.9178750299519    S
             5    1   -2       -2.8128475370156    S
          Energy     core:  -11328.16595874
          Energy semicore:     -43.01724176

getCoreStates: Muffin-tin core charge        =   45.99997356690
               Muffin-tin semicore charge    =   21.97646677789
               Muffin-tin core+semi moment   =    0.00000000000
               Wigner-Seitz core+semi moment =    0.00000000000
               Interstitial charge core      =    0.02355965521
Maximal Core State = -2.81285Ry

 GETQM_MT:: r_sph charge,w             =    25.96705838252     0.00000000000     2.55282211484 1001    0
            muffin-tin moment          =     2.50245718587

 GENPOT / calculateCharges: 
 Total charge and moment in W-S cell:
 qtotws =     26.93102827428
 mtotws =      2.47506830028

 GETQM_MT:: r_sph charge,w             =    75.96116855112     0.00000000000     2.55282211484  501    0
            muffin-tin moment          =     0.00000000000

 GENPOT / calculateCharges: 
 Total charge and moment in W-S cell:
 qtotws =     77.06897172572
 mtotws =      0.58433379357
Total interstitial charge =      2.07177306635
Total interstitial moment =      0.00000000000
Total interstitial charge =      2.07177306635
Total interstitial moment =      0.00000000000
MTZ          =      0.840616442 Ry
Band Energy  =      8.067433183 Ry        Fermi Energy =  0.677466042 Ry
Total Energy = -39412.950396965 Ry
RMS = 0.0199939

calculateCoreState 0.0
getCoreStates: spin index #0
Eigenvalues: n    l    k         energy      type
             1    0   -1     -512.1642858641986    C
             2    0   -1      -59.0482286249526    C
             2    1    1      -50.8392099009609    C
             2    1   -2      -49.9245207084758    C
             3    0   -1       -5.8451783864605    S
             3    1    1       -3.4528299930163    S
             3    1   -2       -3.3380254713796    S
          Energy     core:    -721.90076581
          Energy semicore:     -15.97405932
getCoreStates: spin index #1
Eigenvalues: n    l    k         energy      type
             1    0   -1     -512.1632808544520    C
             2    0   -1      -58.9314792802531    C
             2    1    1      -50.7505601832228    C
             2    1   -2      -49.8335345488159    C
             3    0   -1       -5.6037155584722    S
             3    1    1       -3.2173209113723    S
             3    1   -2       -3.1040265670675    S
          Energy     core:    -721.51238942
          Energy semicore:     -15.02908960

getCoreStates: Muffin-tin core charge        =    9.99999989218
               Muffin-tin semicore charge    =    7.99294982460
               Muffin-tin core+semi moment   =    0.00060004251
               Wigner-Seitz core+semi moment =    0.00000000006
               Interstitial charge core      =    0.00705028322

calculateCoreState 0.1
getCoreStates: spin index #0
Eigenvalues: n    l    k         energy      type
             1    0   -1    -5758.7142822570449    C
             2    0   -1    -1010.5378089301430    C
             2    1    1     -969.3467765712452    C
             2    1   -2     -841.8280397999648    C
             3    0   -1     -236.3299038228342    C
             3    1    1     -217.6401844372145    C
             3    1   -2     -189.6360886317954    C
             3    2    2     -158.2223426739396    C
             3    2   -3     -152.1744707691141    C
             4    0   -1      -49.9409695238703    C
             4    1    1      -41.9978149295097    C
             4    1   -2      -35.3350452075729    C
             4    2    2      -22.2597329216429    C
             4    2   -3      -21.0220589738640    C
             4    3    3       -4.2958175035967    S
             4    3   -4       -4.0447972057791    S
             5    0   -1       -6.6327914536122    S
             5    1    1       -4.0874369451496    S
             5    1   -2       -2.9743286168886    S
          Energy     core:  -11298.65982817
          Energy semicore:     -45.73552697
getCoreStates: spin index #1
Eigenvalues: n    l    k         energy      type
             1    0   -1    -5758.7142822570449    C
             2    0   -1    -1010.5378089301430    C
             2    1    1     -969.3467765712452    C
             2    1   -2     -841.8280397999648    C
             3    0   -1     -236.3299038228342    C
             3    1    1     -217.6401844372145    C
             3    1   -2     -189.6360886317954    C
             3    2    2     -158.2223426739396    C
             3    2   -3     -152.1744707691141    C
             4    0   -1      -49.9409695238703    C
             4    1    1      -41.9978149295097    C
             4    1   -2      -35.3350452075729    C
             4    2    2      -22.2597329216429    C
             4    2   -3      -21.0220589738640    C
             4    3    3       -4.2958175035967    S
             4    3   -4       -4.0447972057791    S
             5    0   -1       -6.6327914536122    S
             5    1    1       -4.0874369451496    S
             5    1   -2       -2.9743286168886    S
          Energy     core:  -11298.65982817
          Energy semicore:     -45.73552697

getCoreStates: Muffin-tin core charge        =   45.99997437813
               Muffin-tin semicore charge    =   21.97882719525
               Muffin-tin core+semi moment   =    0.00000000000
               Wigner-Seitz core+semi moment =   -0.00000000000
               Interstitial charge core      =    0.02119842662
Maximal Core State = -2.97433Ry
SCF iteration 5:
** Energy Contour Integration **
Energy Contour Parameters: grid=2  npts=31
                           ebot=-0.300000 etop=0.677466 eibot=0.002500 eitop=0.825000
                           temperature = 0.000000 K
Warm up marker met
Warmup event
Start marker met
Start event
End marker met
End event
