   0  -39407.081159436450     0.647591     3.294623    0.6214497434
   1  -39409.050285001773     0.634143     3.122136    0.0099085947
   2  -39411.168673466193     0.625569     2.664410    0.0195811071
   3  -39412.912304072568     0.733307     3.981790    0.0280293354
   4  -39412.950396964603     0.677466     2.475068    0.0199939401
   5  -39413.615517241327     0.643830     3.161366    0.0155849680
   6  -39413.593702949162     0.625143     3.226867    0.0036445093
   7  -39413.584718204409     0.647596     3.185443    0.0041852204
   8  -39413.675071794249     0.638097     3.008287    0.0051423957
   9  -39413.672105783480     0.630916     2.986590    0.0009898222
  10  -39413.676171721723     0.631468     3.037349    0.0011769418
  11  -39413.676269493735     0.633337     3.034567    0.0002465342
  12  -39413.676395769260     0.633375     3.030534    0.0000702666
  13  -39413.676499002868     0.632871     3.026812    0.0000807920
  14  -39413.676546769151     0.632510     3.022757    0.0000917141
  15  -39413.676546074996     0.632516     3.022839    0.0000036759
  16  -39413.676543572437     0.632571     3.022354    0.0000108026
  17  -39413.676544028458     0.632563     3.022428    0.0000050934
  18  -39413.676544109432     0.632561     3.022412    0.0000003278
  19  -39413.676543652276     0.632556     3.022383    0.0000017078
  20  -39413.676543781075     0.632551     3.022356    0.0000013400
  21  -39413.676544019683     0.632547     3.022276    0.0000013723
  22  -39413.676544071721     0.632545     3.022262    0.0000003680
  23  -39413.676544070200     0.632545     3.022262    0.0000000846
  24  -39413.676544058617     0.632545     3.022254    0.0000001698
  25  -39413.676544053735     0.632545     3.022251    0.0000000692
